[1.029s] DEBUG:colcon:Command line arguments: ['/usr/bin/colcon', 'build']
[1.029s] DEBUG:colcon:Parsed command line arguments: Namespace(log_base=None, log_level=None, verb_name='build', build_base='build', install_base='install', merge_install=False, symlink_install=False, test_result_base=None, continue_on_error=False, executor='parallel', parallel_workers=8, event_handlers=None, ignore_user_meta=False, metas=['./colcon.meta'], base_paths=['.'], packages_ignore=None, packages_ignore_regex=None, paths=None, packages_up_to=None, packages_up_to_regex=None, packages_above=None, packages_above_and_dependencies=None, packages_above_depth=None, packages_select_by_dep=None, packages_skip_by_dep=None, packages_skip_up_to=None, packages_select_build_failed=False, packages_skip_build_finished=False, packages_select_test_failures=False, packages_skip_test_passed=False, packages_select=None, packages_skip=None, packages_select_regex=None, packages_skip_regex=None, packages_start=None, packages_end=None, allow_overriding=[], cmake_args=None, cmake_target=None, cmake_target_skip_unavailable=False, cmake_clean_cache=False, cmake_clean_first=False, cmake_force_configure=False, ament_cmake_args=None, catkin_cmake_args=None, catkin_skip_building_tests=False, mixin_files=None, mixin=None, verb_parser=<colcon_mixin.mixin.mixin_argument.MixinArgumentDecorator object at 0x70dbf623df60>, verb_extension=<colcon_core.verb.build.BuildVerb object at 0x70dbf623dab0>, main=<bound method BuildVerb.main of <colcon_core.verb.build.BuildVerb object at 0x70dbf623dab0>>, mixin_verb=('build',))
[2.685s] Level 1:colcon.colcon_core.package_discovery:discover_packages(colcon_meta) check parameters
[2.685s] Level 1:colcon.colcon_core.package_discovery:discover_packages(recursive) check parameters
[2.686s] Level 1:colcon.colcon_core.package_discovery:discover_packages(ignore) check parameters
[2.686s] Level 1:colcon.colcon_core.package_discovery:discover_packages(path) check parameters
[2.686s] Level 1:colcon.colcon_core.package_discovery:discover_packages(colcon_meta) discover
[2.686s] Level 1:colcon.colcon_core.package_discovery:discover_packages(recursive) discover
[2.686s] INFO:colcon.colcon_core.package_discovery:Crawling recursively for packages in '/home/enrique/ros2_ws'
[2.686s] Level 1:colcon.colcon_core.package_identification:_identify(.) by extensions ['ignore', 'ignore_ament_install']
[2.687s] Level 1:colcon.colcon_core.package_identification:_identify(.) by extension 'ignore'
[2.687s] Level 1:colcon.colcon_core.package_identification:_identify(.) by extension 'ignore_ament_install'
[2.687s] Level 1:colcon.colcon_core.package_identification:_identify(.) by extensions ['colcon_pkg']
[2.687s] Level 1:colcon.colcon_core.package_identification:_identify(.) by extension 'colcon_pkg'
[2.687s] Level 1:colcon.colcon_core.package_identification:_identify(.) by extensions ['colcon_meta']
[2.687s] Level 1:colcon.colcon_core.package_identification:_identify(.) by extension 'colcon_meta'
[2.687s] Level 1:colcon.colcon_core.package_identification:_identify(.) by extensions ['ros']
[2.687s] Level 1:colcon.colcon_core.package_identification:_identify(.) by extension 'ros'
[2.792s] Level 1:colcon.colcon_core.package_identification:_identify(.) by extensions ['cmake', 'python']
[2.792s] Level 1:colcon.colcon_core.package_identification:_identify(.) by extension 'cmake'
[2.793s] Level 1:colcon.colcon_core.package_identification:_identify(.) by extension 'python'
[2.795s] Level 1:colcon.colcon_core.package_identification:_identify(.) by extensions ['python_setup_py']
[2.796s] Level 1:colcon.colcon_core.package_identification:_identify(.) by extension 'python_setup_py'
[2.800s] Level 1:colcon.colcon_core.package_identification:_identify(build) by extensions ['ignore', 'ignore_ament_install']
[2.801s] Level 1:colcon.colcon_core.package_identification:_identify(build) by extension 'ignore'
[2.801s] Level 1:colcon.colcon_core.package_identification:_identify(build) ignored
[2.802s] Level 1:colcon.colcon_core.package_identification:_identify(install) by extensions ['ignore', 'ignore_ament_install']
[2.802s] Level 1:colcon.colcon_core.package_identification:_identify(install) by extension 'ignore'
[2.803s] Level 1:colcon.colcon_core.package_identification:_identify(install) ignored
[2.803s] Level 1:colcon.colcon_core.package_identification:_identify(log) by extensions ['ignore', 'ignore_ament_install']
[2.803s] Level 1:colcon.colcon_core.package_identification:_identify(log) by extension 'ignore'
[2.804s] Level 1:colcon.colcon_core.package_identification:_identify(log) ignored
[2.804s] Level 1:colcon.colcon_core.package_identification:_identify(src) by extensions ['ignore', 'ignore_ament_install']
[2.804s] Level 1:colcon.colcon_core.package_identification:_identify(src) by extension 'ignore'
[2.804s] Level 1:colcon.colcon_core.package_identification:_identify(src) by extension 'ignore_ament_install'
[2.804s] Level 1:colcon.colcon_core.package_identification:_identify(src) by extensions ['colcon_pkg']
[2.805s] Level 1:colcon.colcon_core.package_identification:_identify(src) by extension 'colcon_pkg'
[2.805s] Level 1:colcon.colcon_core.package_identification:_identify(src) by extensions ['colcon_meta']
[2.805s] Level 1:colcon.colcon_core.package_identification:_identify(src) by extension 'colcon_meta'
[2.805s] Level 1:colcon.colcon_core.package_identification:_identify(src) by extensions ['ros']
[2.805s] Level 1:colcon.colcon_core.package_identification:_identify(src) by extension 'ros'
[2.805s] Level 1:colcon.colcon_core.package_identification:_identify(src) by extensions ['cmake', 'python']
[2.806s] Level 1:colcon.colcon_core.package_identification:_identify(src) by extension 'cmake'
[2.807s] Level 1:colcon.colcon_core.package_identification:_identify(src) by extension 'python'
[2.807s] Level 1:colcon.colcon_core.package_identification:_identify(src) by extensions ['python_setup_py']
[2.807s] Level 1:colcon.colcon_core.package_identification:_identify(src) by extension 'python_setup_py'
[2.808s] Level 1:colcon.colcon_core.package_identification:_identify(src/example_pkg) by extensions ['ignore', 'ignore_ament_install']
[2.808s] Level 1:colcon.colcon_core.package_identification:_identify(src/example_pkg) by extension 'ignore'
[2.810s] Level 1:colcon.colcon_core.package_identification:_identify(src/example_pkg) by extension 'ignore_ament_install'
[2.812s] Level 1:colcon.colcon_core.package_identification:_identify(src/example_pkg) by extensions ['colcon_pkg']
[2.813s] Level 1:colcon.colcon_core.package_identification:_identify(src/example_pkg) by extension 'colcon_pkg'
[2.814s] Level 1:colcon.colcon_core.package_identification:_identify(src/example_pkg) by extensions ['colcon_meta']
[2.815s] Level 1:colcon.colcon_core.package_identification:_identify(src/example_pkg) by extension 'colcon_meta'
[2.816s] Level 1:colcon.colcon_core.package_identification:_identify(src/example_pkg) by extensions ['ros']
[2.816s] Level 1:colcon.colcon_core.package_identification:_identify(src/example_pkg) by extension 'ros'
[2.838s] DEBUG:colcon.colcon_core.package_identification:Package 'src/example_pkg' with type 'ros.ament_python' and name 'example_pkg'
[2.839s] Level 1:colcon.colcon_core.package_identification:_identify(src/more_interfaces) by extensions ['ignore', 'ignore_ament_install']
[2.840s] Level 1:colcon.colcon_core.package_identification:_identify(src/more_interfaces) by extension 'ignore'
[2.841s] Level 1:colcon.colcon_core.package_identification:_identify(src/more_interfaces) by extension 'ignore_ament_install'
[2.843s] Level 1:colcon.colcon_core.package_identification:_identify(src/more_interfaces) by extensions ['colcon_pkg']
[2.844s] Level 1:colcon.colcon_core.package_identification:_identify(src/more_interfaces) by extension 'colcon_pkg'
[2.846s] Level 1:colcon.colcon_core.package_identification:_identify(src/more_interfaces) by extensions ['colcon_meta']
[2.847s] Level 1:colcon.colcon_core.package_identification:_identify(src/more_interfaces) by extension 'colcon_meta'
[2.848s] Level 1:colcon.colcon_core.package_identification:_identify(src/more_interfaces) by extensions ['ros']
[2.849s] Level 1:colcon.colcon_core.package_identification:_identify(src/more_interfaces) by extension 'ros'
[2.851s] DEBUG:colcon.colcon_core.package_identification:Package 'src/more_interfaces' with type 'ros.ament_cmake' and name 'more_interfaces'
[2.851s] Level 1:colcon.colcon_core.package_discovery:discover_packages(recursive) using defaults
[2.851s] Level 1:colcon.colcon_core.package_discovery:discover_packages(ignore) discover
[2.851s] Level 1:colcon.colcon_core.package_discovery:discover_packages(ignore) using defaults
[2.851s] Level 1:colcon.colcon_core.package_discovery:discover_packages(path) discover
[2.851s] Level 1:colcon.colcon_core.package_discovery:discover_packages(path) using defaults
[3.015s] Level 1:colcon.colcon_core.package_discovery:discover_packages(prefix_path) check parameters
[3.015s] Level 1:colcon.colcon_core.package_discovery:discover_packages(prefix_path) discover
[3.038s] DEBUG:colcon.colcon_installed_package_information.package_discovery:Found 3 installed packages in /home/enrique/ros2_ws/install
[3.048s] DEBUG:colcon.colcon_installed_package_information.package_discovery:Found 272 installed packages in /opt/ros/humble
[3.064s] Level 1:colcon.colcon_core.package_discovery:discover_packages(prefix_path) using defaults
[3.559s] Level 5:colcon.colcon_core.verb:set package 'more_interfaces' build argument 'cmake_args' from command line to 'None'
[3.560s] Level 5:colcon.colcon_core.verb:set package 'more_interfaces' build argument 'cmake_target' from command line to 'None'
[3.561s] Level 5:colcon.colcon_core.verb:set package 'more_interfaces' build argument 'cmake_target_skip_unavailable' from command line to 'False'
[3.562s] Level 5:colcon.colcon_core.verb:set package 'more_interfaces' build argument 'cmake_clean_cache' from command line to 'False'
[3.564s] Level 5:colcon.colcon_core.verb:set package 'more_interfaces' build argument 'cmake_clean_first' from command line to 'False'
[3.564s] Level 5:colcon.colcon_core.verb:set package 'more_interfaces' build argument 'cmake_force_configure' from command line to 'False'
[3.565s] Level 5:colcon.colcon_core.verb:set package 'more_interfaces' build argument 'ament_cmake_args' from command line to 'None'
[3.566s] Level 5:colcon.colcon_core.verb:set package 'more_interfaces' build argument 'catkin_cmake_args' from command line to 'None'
[3.566s] Level 5:colcon.colcon_core.verb:set package 'more_interfaces' build argument 'catkin_skip_building_tests' from command line to 'False'
[3.567s] DEBUG:colcon.colcon_core.verb:Building package 'more_interfaces' with the following arguments: {'ament_cmake_args': None, 'build_base': '/home/enrique/ros2_ws/build/more_interfaces', 'catkin_cmake_args': None, 'catkin_skip_building_tests': False, 'cmake_args': None, 'cmake_clean_cache': False, 'cmake_clean_first': False, 'cmake_force_configure': False, 'cmake_target': None, 'cmake_target_skip_unavailable': False, 'install_base': '/home/enrique/ros2_ws/install/more_interfaces', 'merge_install': False, 'path': '/home/enrique/ros2_ws/src/more_interfaces', 'symlink_install': False, 'test_result_base': None}
[3.572s] Level 5:colcon.colcon_core.verb:set package 'example_pkg' build argument 'cmake_args' from command line to 'None'
[3.573s] Level 5:colcon.colcon_core.verb:set package 'example_pkg' build argument 'cmake_target' from command line to 'None'
[3.574s] Level 5:colcon.colcon_core.verb:set package 'example_pkg' build argument 'cmake_target_skip_unavailable' from command line to 'False'
[3.575s] Level 5:colcon.colcon_core.verb:set package 'example_pkg' build argument 'cmake_clean_cache' from command line to 'False'
[3.576s] Level 5:colcon.colcon_core.verb:set package 'example_pkg' build argument 'cmake_clean_first' from command line to 'False'
[3.576s] Level 5:colcon.colcon_core.verb:set package 'example_pkg' build argument 'cmake_force_configure' from command line to 'False'
[3.577s] Level 5:colcon.colcon_core.verb:set package 'example_pkg' build argument 'ament_cmake_args' from command line to 'None'
[3.577s] Level 5:colcon.colcon_core.verb:set package 'example_pkg' build argument 'catkin_cmake_args' from command line to 'None'
[3.577s] Level 5:colcon.colcon_core.verb:set package 'example_pkg' build argument 'catkin_skip_building_tests' from command line to 'False'
[3.577s] DEBUG:colcon.colcon_core.verb:Building package 'example_pkg' with the following arguments: {'ament_cmake_args': None, 'build_base': '/home/enrique/ros2_ws/build/example_pkg', 'catkin_cmake_args': None, 'catkin_skip_building_tests': False, 'cmake_args': None, 'cmake_clean_cache': False, 'cmake_clean_first': False, 'cmake_force_configure': False, 'cmake_target': None, 'cmake_target_skip_unavailable': False, 'install_base': '/home/enrique/ros2_ws/install/example_pkg', 'merge_install': False, 'path': '/home/enrique/ros2_ws/src/example_pkg', 'symlink_install': False, 'test_result_base': None}
[3.578s] INFO:colcon.colcon_core.executor:Executing jobs using 'parallel' executor
[3.580s] DEBUG:colcon.colcon_parallel_executor.executor.parallel:run_until_complete
[3.582s] INFO:colcon.colcon_ros.task.ament_cmake.build:Building ROS package in '/home/enrique/ros2_ws/src/more_interfaces' with build type 'ament_cmake'
[3.582s] INFO:colcon.colcon_cmake.task.cmake.build:Building CMake package in '/home/enrique/ros2_ws/src/more_interfaces'
[3.606s] INFO:colcon.colcon_core.plugin_system:Skipping extension 'colcon_core.shell.bat': Not used on non-Windows systems
[3.606s] INFO:colcon.colcon_core.shell:Skip shell extension 'powershell' for command environment: Not usable outside of PowerShell
[3.607s] DEBUG:colcon.colcon_core.shell:Skip shell extension 'dsv' for command environment
[3.672s] DEBUG:colcon.colcon_core.event_handler.log_command:Invoking command in '/home/enrique/ros2_ws/build/more_interfaces': CMAKE_PREFIX_PATH=${CMAKE_PREFIX_PATH}:/home/enrique/ros2_ws/install/example_pkg:/opt/ros/humble /usr/bin/cmake --build /home/enrique/ros2_ws/build/more_interfaces -- -j8 -l8
[6.965s] DEBUG:colcon.colcon_core.event_handler.log_command:Invoked command in '/home/enrique/ros2_ws/build/more_interfaces' returned '0': CMAKE_PREFIX_PATH=${CMAKE_PREFIX_PATH}:/home/enrique/ros2_ws/install/example_pkg:/opt/ros/humble /usr/bin/cmake --build /home/enrique/ros2_ws/build/more_interfaces -- -j8 -l8
[7.579s] DEBUG:colcon.colcon_core.event_handler.log_command:Invoking command in '/home/enrique/ros2_ws/build/more_interfaces': CMAKE_PREFIX_PATH=${CMAKE_PREFIX_PATH}:/home/enrique/ros2_ws/install/example_pkg:/opt/ros/humble /usr/bin/cmake --install /home/enrique/ros2_ws/build/more_interfaces
[8.087s] Level 1:colcon.colcon_core.environment:create_environment_scripts_only(more_interfaces)
[8.109s] DEBUG:colcon.colcon_core.event_handler.log_command:Invoked command in '/home/enrique/ros2_ws/build/more_interfaces' returned '0': CMAKE_PREFIX_PATH=${CMAKE_PREFIX_PATH}:/home/enrique/ros2_ws/install/example_pkg:/opt/ros/humble /usr/bin/cmake --install /home/enrique/ros2_ws/build/more_interfaces
[8.132s] Level 1:colcon.colcon_core.environment:checking '/home/enrique/ros2_ws/install/more_interfaces' for CMake module files
[8.143s] Level 1:colcon.colcon_core.environment:checking '/home/enrique/ros2_ws/install/more_interfaces' for CMake config files
[8.146s] Level 1:colcon.colcon_core.shell:create_environment_hook('more_interfaces', 'cmake_prefix_path')
[8.147s] INFO:colcon.colcon_core.shell:Creating environment hook '/home/enrique/ros2_ws/install/more_interfaces/share/more_interfaces/hook/cmake_prefix_path.ps1'
[8.153s] INFO:colcon.colcon_core.shell:Creating environment descriptor '/home/enrique/ros2_ws/install/more_interfaces/share/more_interfaces/hook/cmake_prefix_path.dsv'
[8.161s] INFO:colcon.colcon_core.shell:Creating environment hook '/home/enrique/ros2_ws/install/more_interfaces/share/more_interfaces/hook/cmake_prefix_path.sh'
[8.173s] Level 1:colcon.colcon_core.environment:checking '/home/enrique/ros2_ws/install/more_interfaces/lib'
[8.174s] Level 1:colcon.colcon_core.shell:create_environment_hook('more_interfaces', 'ld_library_path_lib')
[8.175s] INFO:colcon.colcon_core.shell:Creating environment hook '/home/enrique/ros2_ws/install/more_interfaces/share/more_interfaces/hook/ld_library_path_lib.ps1'
[8.178s] INFO:colcon.colcon_core.shell:Creating environment descriptor '/home/enrique/ros2_ws/install/more_interfaces/share/more_interfaces/hook/ld_library_path_lib.dsv'
[8.182s] INFO:colcon.colcon_core.shell:Creating environment hook '/home/enrique/ros2_ws/install/more_interfaces/share/more_interfaces/hook/ld_library_path_lib.sh'
[8.188s] Level 1:colcon.colcon_core.environment:checking '/home/enrique/ros2_ws/install/more_interfaces/bin'
[8.189s] Level 1:colcon.colcon_core.environment:checking '/home/enrique/ros2_ws/install/more_interfaces/lib/pkgconfig/more_interfaces.pc'
[8.194s] Level 1:colcon.colcon_core.environment:checking '/home/enrique/ros2_ws/install/more_interfaces/lib/python3.10/site-packages'
[8.199s] Level 1:colcon.colcon_core.environment:checking '/home/enrique/ros2_ws/install/more_interfaces/bin'
[8.202s] INFO:colcon.colcon_core.shell:Creating package script '/home/enrique/ros2_ws/install/more_interfaces/share/more_interfaces/package.ps1'
[8.207s] INFO:colcon.colcon_core.shell:Creating package descriptor '/home/enrique/ros2_ws/install/more_interfaces/share/more_interfaces/package.dsv'
[8.216s] INFO:colcon.colcon_core.shell:Creating package script '/home/enrique/ros2_ws/install/more_interfaces/share/more_interfaces/package.sh'
[8.224s] INFO:colcon.colcon_core.shell:Creating package script '/home/enrique/ros2_ws/install/more_interfaces/share/more_interfaces/package.bash'
[8.230s] INFO:colcon.colcon_core.shell:Creating package script '/home/enrique/ros2_ws/install/more_interfaces/share/more_interfaces/package.zsh'
[8.234s] Level 1:colcon.colcon_core.environment:create_file_with_runtime_dependencies(/home/enrique/ros2_ws/install/more_interfaces/share/colcon-core/packages/more_interfaces)
[8.815s] Level 1:colcon.colcon_core.environment:create_environment_scripts_only(more_interfaces)
[8.820s] Level 1:colcon.colcon_core.environment:checking '/home/enrique/ros2_ws/install/more_interfaces' for CMake module files
[8.823s] Level 1:colcon.colcon_core.environment:checking '/home/enrique/ros2_ws/install/more_interfaces' for CMake config files
[8.824s] Level 1:colcon.colcon_core.shell:create_environment_hook('more_interfaces', 'cmake_prefix_path')
[8.825s] INFO:colcon.colcon_core.shell:Creating environment hook '/home/enrique/ros2_ws/install/more_interfaces/share/more_interfaces/hook/cmake_prefix_path.ps1'
[8.828s] INFO:colcon.colcon_core.shell:Creating environment descriptor '/home/enrique/ros2_ws/install/more_interfaces/share/more_interfaces/hook/cmake_prefix_path.dsv'
[8.831s] INFO:colcon.colcon_core.shell:Creating environment hook '/home/enrique/ros2_ws/install/more_interfaces/share/more_interfaces/hook/cmake_prefix_path.sh'
[8.838s] Level 1:colcon.colcon_core.environment:checking '/home/enrique/ros2_ws/install/more_interfaces/lib'
[8.839s] Level 1:colcon.colcon_core.shell:create_environment_hook('more_interfaces', 'ld_library_path_lib')
[8.845s] INFO:colcon.colcon_core.shell:Creating environment hook '/home/enrique/ros2_ws/install/more_interfaces/share/more_interfaces/hook/ld_library_path_lib.ps1'
[8.849s] INFO:colcon.colcon_core.shell:Creating environment descriptor '/home/enrique/ros2_ws/install/more_interfaces/share/more_interfaces/hook/ld_library_path_lib.dsv'
[8.850s] INFO:colcon.colcon_core.shell:Creating environment hook '/home/enrique/ros2_ws/install/more_interfaces/share/more_interfaces/hook/ld_library_path_lib.sh'
[8.852s] Level 1:colcon.colcon_core.environment:checking '/home/enrique/ros2_ws/install/more_interfaces/bin'
[8.852s] Level 1:colcon.colcon_core.environment:checking '/home/enrique/ros2_ws/install/more_interfaces/lib/pkgconfig/more_interfaces.pc'
[8.854s] Level 1:colcon.colcon_core.environment:checking '/home/enrique/ros2_ws/install/more_interfaces/lib/python3.10/site-packages'
[8.856s] Level 1:colcon.colcon_core.environment:checking '/home/enrique/ros2_ws/install/more_interfaces/bin'
[8.863s] INFO:colcon.colcon_core.shell:Creating package script '/home/enrique/ros2_ws/install/more_interfaces/share/more_interfaces/package.ps1'
[8.871s] INFO:colcon.colcon_core.shell:Creating package descriptor '/home/enrique/ros2_ws/install/more_interfaces/share/more_interfaces/package.dsv'
[8.877s] INFO:colcon.colcon_core.shell:Creating package script '/home/enrique/ros2_ws/install/more_interfaces/share/more_interfaces/package.sh'
[8.878s] INFO:colcon.colcon_core.shell:Creating package script '/home/enrique/ros2_ws/install/more_interfaces/share/more_interfaces/package.bash'
[8.881s] INFO:colcon.colcon_core.shell:Creating package script '/home/enrique/ros2_ws/install/more_interfaces/share/more_interfaces/package.zsh'
[8.887s] Level 1:colcon.colcon_core.environment:create_file_with_runtime_dependencies(/home/enrique/ros2_ws/install/more_interfaces/share/colcon-core/packages/more_interfaces)
[8.891s] INFO:colcon.colcon_ros.task.ament_python.build:Building ROS package in '/home/enrique/ros2_ws/src/example_pkg' with build type 'ament_python'
[8.891s] Level 1:colcon.colcon_core.shell:create_environment_hook('example_pkg', 'ament_prefix_path')
[8.901s] INFO:colcon.colcon_core.shell:Creating environment hook '/home/enrique/ros2_ws/install/example_pkg/share/example_pkg/hook/ament_prefix_path.ps1'
[8.904s] INFO:colcon.colcon_core.shell:Creating environment descriptor '/home/enrique/ros2_ws/install/example_pkg/share/example_pkg/hook/ament_prefix_path.dsv'
[8.906s] INFO:colcon.colcon_core.shell:Creating environment hook '/home/enrique/ros2_ws/install/example_pkg/share/example_pkg/hook/ament_prefix_path.sh'
[8.913s] INFO:colcon.colcon_core.shell:Skip shell extension 'powershell' for command environment: Not usable outside of PowerShell
[8.915s] DEBUG:colcon.colcon_core.shell:Skip shell extension 'dsv' for command environment
[11.716s] INFO:colcon.colcon_core.task.python.build:Building Python package in '/home/enrique/ros2_ws/src/example_pkg'
[11.717s] INFO:colcon.colcon_core.shell:Skip shell extension 'powershell' for command environment: Not usable outside of PowerShell
[11.718s] DEBUG:colcon.colcon_core.shell:Skip shell extension 'dsv' for command environment
[15.163s] DEBUG:colcon.colcon_core.event_handler.log_command:Invoking command in '/home/enrique/ros2_ws/src/example_pkg': PYTHONPATH=/home/enrique/ros2_ws/build/example_pkg/prefix_override:/usr/lib/python3/dist-packages/colcon_core/task/python/colcon_distutils_commands:/home/enrique/ros2_ws/install/example_pkg/lib/python3.10/site-packages:${PYTHONPATH} /usr/bin/python3 -W ignore:setup.py install is deprecated setup.py egg_info --egg-base ../../build/example_pkg build --build-base /home/enrique/ros2_ws/build/example_pkg/build install --record /home/enrique/ros2_ws/build/example_pkg/install.log --single-version-externally-managed install_data
[18.205s] Level 1:colcon.colcon_core.environment:checking '/home/enrique/ros2_ws/install/example_pkg' for CMake module files
[18.208s] DEBUG:colcon.colcon_core.event_handler.log_command:Invoked command in '/home/enrique/ros2_ws/src/example_pkg' returned '0': PYTHONPATH=/home/enrique/ros2_ws/build/example_pkg/prefix_override:/usr/lib/python3/dist-packages/colcon_core/task/python/colcon_distutils_commands:/home/enrique/ros2_ws/install/example_pkg/lib/python3.10/site-packages:${PYTHONPATH} /usr/bin/python3 -W ignore:setup.py install is deprecated setup.py egg_info --egg-base ../../build/example_pkg build --build-base /home/enrique/ros2_ws/build/example_pkg/build install --record /home/enrique/ros2_ws/build/example_pkg/install.log --single-version-externally-managed install_data
[18.209s] Level 1:colcon.colcon_core.environment:checking '/home/enrique/ros2_ws/install/example_pkg' for CMake config files
[18.212s] Level 1:colcon.colcon_core.environment:checking '/home/enrique/ros2_ws/install/example_pkg/lib'
[18.212s] Level 1:colcon.colcon_core.environment:checking '/home/enrique/ros2_ws/install/example_pkg/bin'
[18.213s] Level 1:colcon.colcon_core.environment:checking '/home/enrique/ros2_ws/install/example_pkg/lib/pkgconfig/example_pkg.pc'
[18.216s] Level 1:colcon.colcon_core.environment:checking '/home/enrique/ros2_ws/install/example_pkg/lib/python3.10/site-packages'
[18.218s] Level 1:colcon.colcon_core.shell:create_environment_hook('example_pkg', 'pythonpath')
[18.221s] INFO:colcon.colcon_core.shell:Creating environment hook '/home/enrique/ros2_ws/install/example_pkg/share/example_pkg/hook/pythonpath.ps1'
[18.227s] INFO:colcon.colcon_core.shell:Creating environment descriptor '/home/enrique/ros2_ws/install/example_pkg/share/example_pkg/hook/pythonpath.dsv'
[18.234s] INFO:colcon.colcon_core.shell:Creating environment hook '/home/enrique/ros2_ws/install/example_pkg/share/example_pkg/hook/pythonpath.sh'
[18.237s] Level 1:colcon.colcon_core.environment:checking '/home/enrique/ros2_ws/install/example_pkg/bin'
[18.237s] Level 1:colcon.colcon_core.environment:create_environment_scripts_only(example_pkg)
[18.238s] INFO:colcon.colcon_core.shell:Creating package script '/home/enrique/ros2_ws/install/example_pkg/share/example_pkg/package.ps1'
[18.245s] INFO:colcon.colcon_core.shell:Creating package descriptor '/home/enrique/ros2_ws/install/example_pkg/share/example_pkg/package.dsv'
[18.251s] INFO:colcon.colcon_core.shell:Creating package script '/home/enrique/ros2_ws/install/example_pkg/share/example_pkg/package.sh'
[18.258s] INFO:colcon.colcon_core.shell:Creating package script '/home/enrique/ros2_ws/install/example_pkg/share/example_pkg/package.bash'
[18.263s] INFO:colcon.colcon_core.shell:Creating package script '/home/enrique/ros2_ws/install/example_pkg/share/example_pkg/package.zsh'
[18.264s] Level 1:colcon.colcon_core.environment:create_file_with_runtime_dependencies(/home/enrique/ros2_ws/install/example_pkg/share/colcon-core/packages/example_pkg)
[18.266s] DEBUG:colcon.colcon_parallel_executor.executor.parallel:closing loop
[18.269s] DEBUG:colcon.colcon_parallel_executor.executor.parallel:loop closed
[18.271s] DEBUG:colcon.colcon_parallel_executor.executor.parallel:run_until_complete finished with '0'
[18.273s] DEBUG:colcon.colcon_core.event_reactor:joining thread
[18.350s] INFO:colcon.colcon_core.plugin_system:Skipping extension 'colcon_notification.desktop_notification.terminal_notifier': Not used on non-Darwin systems
[18.350s] INFO:colcon.colcon_core.plugin_system:Skipping extension 'colcon_notification.desktop_notification.win32': Not used on non-Windows systems
[18.351s] INFO:colcon.colcon_notification.desktop_notification:Sending desktop notification using 'notify2'
[18.444s] DEBUG:colcon.colcon_core.event_reactor:joined thread
[18.445s] INFO:colcon.colcon_core.shell:Creating prefix script '/home/enrique/ros2_ws/install/local_setup.ps1'
[18.457s] INFO:colcon.colcon_core.shell:Creating prefix util module '/home/enrique/ros2_ws/install/_local_setup_util_ps1.py'
[18.465s] INFO:colcon.colcon_core.shell:Creating prefix chain script '/home/enrique/ros2_ws/install/setup.ps1'
[18.474s] INFO:colcon.colcon_core.shell:Creating prefix script '/home/enrique/ros2_ws/install/local_setup.sh'
[18.475s] INFO:colcon.colcon_core.shell:Creating prefix util module '/home/enrique/ros2_ws/install/_local_setup_util_sh.py'
[18.477s] INFO:colcon.colcon_core.shell:Creating prefix chain script '/home/enrique/ros2_ws/install/setup.sh'
[18.490s] INFO:colcon.colcon_core.shell:Creating prefix script '/home/enrique/ros2_ws/install/local_setup.bash'
[18.492s] INFO:colcon.colcon_core.shell:Creating prefix chain script '/home/enrique/ros2_ws/install/setup.bash'
[18.497s] INFO:colcon.colcon_core.shell:Creating prefix script '/home/enrique/ros2_ws/install/local_setup.zsh'
[18.506s] INFO:colcon.colcon_core.shell:Creating prefix chain script '/home/enrique/ros2_ws/install/setup.zsh'
