running develop
Removing /home/enrique/ros2_ws/install/example_pkg/lib/python3.10/site-packages/example-pkg.egg-link (link to .)
running egg_info
writing ../../build/example_pkg/example_pkg.egg-info/PKG-INFO
writing dependency_links to ../../build/example_pkg/example_pkg.egg-info/dependency_links.txt
writing entry points to ../../build/example_pkg/example_pkg.egg-info/entry_points.txt
writing requirements to ../../build/example_pkg/example_pkg.egg-info/requires.txt
writing top-level names to ../../build/example_pkg/example_pkg.egg-info/top_level.txt
reading manifest file '../../build/example_pkg/example_pkg.egg-info/SOURCES.txt'
writing manifest file '../../build/example_pkg/example_pkg.egg-info/SOURCES.txt'
running build
running build_py
copying example_pkg/publisherList_node.py -> /home/enrique/ros2_ws/build/example_pkg/build/lib/example_pkg
copying example_pkg/publisher_node.py -> /home/enrique/ros2_ws/build/example_pkg/build/lib/example_pkg
copying example_pkg/example_node.py -> /home/enrique/ros2_ws/build/example_pkg/build/lib/example_pkg
running install
running install_lib
creating /home/enrique/ros2_ws/install/example_pkg/lib/python3.10/site-packages/example_pkg
copying /home/enrique/ros2_ws/build/example_pkg/build/lib/example_pkg/__init__.py -> /home/enrique/ros2_ws/install/example_pkg/lib/python3.10/site-packages/example_pkg
copying /home/enrique/ros2_ws/build/example_pkg/build/lib/example_pkg/publisherList_node.py -> /home/enrique/ros2_ws/install/example_pkg/lib/python3.10/site-packages/example_pkg
copying /home/enrique/ros2_ws/build/example_pkg/build/lib/example_pkg/publisher_node.py -> /home/enrique/ros2_ws/install/example_pkg/lib/python3.10/site-packages/example_pkg
copying /home/enrique/ros2_ws/build/example_pkg/build/lib/example_pkg/example_node.py -> /home/enrique/ros2_ws/install/example_pkg/lib/python3.10/site-packages/example_pkg
byte-compiling /home/enrique/ros2_ws/install/example_pkg/lib/python3.10/site-packages/example_pkg/__init__.py to __init__.cpython-310.pyc
byte-compiling /home/enrique/ros2_ws/install/example_pkg/lib/python3.10/site-packages/example_pkg/publisherList_node.py to publisherList_node.cpython-310.pyc
byte-compiling /home/enrique/ros2_ws/install/example_pkg/lib/python3.10/site-packages/example_pkg/publisher_node.py to publisher_node.cpython-310.pyc
byte-compiling /home/enrique/ros2_ws/install/example_pkg/lib/python3.10/site-packages/example_pkg/example_node.py to example_node.cpython-310.pyc
running install_data
copying resource/example_pkg -> /home/enrique/ros2_ws/install/example_pkg/share/ament_index/resource_index/packages
copying package.xml -> /home/enrique/ros2_ws/install/example_pkg/share/example_pkg
running install_egg_info
Copying ../../build/example_pkg/example_pkg.egg-info to /home/enrique/ros2_ws/install/example_pkg/lib/python3.10/site-packages/example_pkg-0.0.0-py3.10.egg-info
running install_scripts
Installing test_node script to /home/enrique/ros2_ws/install/example_pkg/lib/example_pkg
writing list of installed files to '/home/enrique/ros2_ws/build/example_pkg/install.log'
