[0.694s] Invoking command in '/home/enrique/ros2_ws/src/example_pkg': PYTHONPATH=/home/enrique/ros2_ws/build/example_pkg/prefix_override:/usr/lib/python3/dist-packages/colcon_core/task/python/colcon_distutils_commands:/home/enrique/ros2_ws/install/example_pkg/lib/python3.10/site-packages:${PYTHONPATH} /usr/bin/python3 -W ignore:setup.py install is deprecated setup.py egg_info --egg-base ../../build/example_pkg build --build-base /home/enrique/ros2_ws/build/example_pkg/build install --record /home/enrique/ros2_ws/build/example_pkg/install.log --single-version-externally-managed install_data
[0.961s] running egg_info
[0.962s] writing ../../build/example_pkg/example_pkg.egg-info/PKG-INFO
[0.962s] writing dependency_links to ../../build/example_pkg/example_pkg.egg-info/dependency_links.txt
[0.962s] writing entry points to ../../build/example_pkg/example_pkg.egg-info/entry_points.txt
[0.962s] writing requirements to ../../build/example_pkg/example_pkg.egg-info/requires.txt
[0.963s] writing top-level names to ../../build/example_pkg/example_pkg.egg-info/top_level.txt
[0.966s] reading manifest file '../../build/example_pkg/example_pkg.egg-info/SOURCES.txt'
[0.967s] writing manifest file '../../build/example_pkg/example_pkg.egg-info/SOURCES.txt'
[0.967s] running build
[0.967s] running build_py
[0.968s] copying example_pkg/publisherList_node.py -> /home/enrique/ros2_ws/build/example_pkg/build/lib/example_pkg
[0.969s] running install
[0.970s] running install_lib
[0.971s] copying /home/enrique/ros2_ws/build/example_pkg/build/lib/example_pkg/publisherList_node.py -> /home/enrique/ros2_ws/install/example_pkg/lib/python3.10/site-packages/example_pkg
[0.972s] byte-compiling /home/enrique/ros2_ws/install/example_pkg/lib/python3.10/site-packages/example_pkg/publisherList_node.py to publisherList_node.cpython-310.pyc
[0.972s] running install_data
[0.972s] running install_egg_info
[0.974s] removing '/home/enrique/ros2_ws/install/example_pkg/lib/python3.10/site-packages/example_pkg-0.0.0-py3.10.egg-info' (and everything under it)
[0.975s] Copying ../../build/example_pkg/example_pkg.egg-info to /home/enrique/ros2_ws/install/example_pkg/lib/python3.10/site-packages/example_pkg-0.0.0-py3.10.egg-info
[0.976s] running install_scripts
[0.998s] Installing test_node script to /home/enrique/ros2_ws/install/example_pkg/lib/example_pkg
[0.998s] writing list of installed files to '/home/enrique/ros2_ws/build/example_pkg/install.log'
[1.029s] Invoked command in '/home/enrique/ros2_ws/src/example_pkg' returned '0': PYTHONPATH=/home/enrique/ros2_ws/build/example_pkg/prefix_override:/usr/lib/python3/dist-packages/colcon_core/task/python/colcon_distutils_commands:/home/enrique/ros2_ws/install/example_pkg/lib/python3.10/site-packages:${PYTHONPATH} /usr/bin/python3 -W ignore:setup.py install is deprecated setup.py egg_info --egg-base ../../build/example_pkg build --build-base /home/enrique/ros2_ws/build/example_pkg/build install --record /home/enrique/ros2_ws/build/example_pkg/install.log --single-version-externally-managed install_data
