[0.015s] Invoking command in '/home/enrique/ros2_ws/build/more_interfaces': CMAKE_PREFIX_PATH=/home/enrique/ros2_ws/install/example_pkg:/opt/ros/humble /usr/bin/cmake --build /home/enrique/ros2_ws/build/more_interfaces -- -j8 -l8
[0.053s] -- Found ament_cmake: 1.3.9 (/opt/ros/humble/share/ament_cmake/cmake)
[0.407s] -- Found geometry_msgs: 4.2.4 (/opt/ros/humble/share/geometry_msgs/cmake)
[0.448s] -- Found rosidl_generator_c: 3.1.5 (/opt/ros/humble/share/rosidl_generator_c/cmake)
[0.452s] -- Found rosidl_adapter: 3.1.5 (/opt/ros/humble/share/rosidl_adapter/cmake)
[0.462s] -- Found rosidl_generator_cpp: 3.1.5 (/opt/ros/humble/share/rosidl_generator_cpp/cmake)
[0.480s] -- Using all available rosidl_typesupport_c: rosidl_typesupport_fastrtps_c;rosidl_typesupport_introspection_c
[0.505s] -- Using all available rosidl_typesupport_cpp: rosidl_typesupport_fastrtps_cpp;rosidl_typesupport_introspection_cpp
[1.131s] -- Found ament_cmake_ros: 0.10.0 (/opt/ros/humble/share/ament_cmake_ros/cmake)
[1.581s] -- Using all available rosidl_typesupport_c: rosidl_typesupport_fastrtps_c;rosidl_typesupport_introspection_c
[1.759s] -- Using all available rosidl_typesupport_cpp: rosidl_typesupport_fastrtps_cpp;rosidl_typesupport_introspection_cpp
[1.761s] -- Found ament_lint_auto: 0.12.11 (/opt/ros/humble/share/ament_lint_auto/cmake)
[1.777s] -- Added test 'lint_cmake' to check CMake code style
[1.780s] -- Added test 'xmllint' to check XML markup files
[1.783s] -- Configuring done
[1.829s] -- Generating done
[1.836s] -- Build files have been written to: /home/enrique/ros2_ws/build/more_interfaces
[1.919s] [  4%] [32mBuilding C object CMakeFiles/more_interfaces__rosidl_generator_c.dir/rosidl_generator_c/more_interfaces/msg/detail/point_array__functions.c.o[0m
[1.920s] [  9%] Built target more_interfaces__cpp
[1.957s] In file included from [01m[K/home/enrique/ros2_ws/build/more_interfaces/rosidl_generator_c/more_interfaces/msg/detail/point_array__functions.h:19[m[K,
[1.958s]                  from [01m[K/home/enrique/ros2_ws/build/more_interfaces/rosidl_generator_c/more_interfaces/msg/detail/point_array__functions.c:4[m[K:
[1.958s] [01m[K/home/enrique/ros2_ws/build/more_interfaces/rosidl_generator_c/more_interfaces/msg/detail/point_array__struct.h:22:10:[m[K [01;31m[Kfatal error: [m[Kgeometry_msgs/msg/detail/point__struct.h: No such file or directory
[1.958s]    22 | #include [01;31m[K"geometry_msgs/msg/detail/point__struct.h"[m[K
[1.959s]       |          [01;31m[K^~~~~~~~~~~~~~~~~~~~~~~~~~~~~~~~~~~~~~~~~~[m[K
[1.959s] compilation terminated.
[1.961s] gmake[2]: *** [CMakeFiles/more_interfaces__rosidl_generator_c.dir/build.make:105: CMakeFiles/more_interfaces__rosidl_generator_c.dir/rosidl_generator_c/more_interfaces/msg/detail/point_array__functions.c.o] Error 1
[1.962s] gmake[1]: *** [CMakeFiles/Makefile2:185: CMakeFiles/more_interfaces__rosidl_generator_c.dir/all] Error 2
[1.962s] gmake[1]: *** Waiting for unfinished jobs....
[1.965s] [ 13%] [32mBuilding CXX object CMakeFiles/more_interfaces__rosidl_typesupport_cpp.dir/rosidl_typesupport_cpp/more_interfaces/msg/point_array__type_support.cpp.o[0m
[1.966s] [ 18%] [32mBuilding CXX object CMakeFiles/more_interfaces__rosidl_typesupport_fastrtps_cpp.dir/rosidl_typesupport_fastrtps_cpp/more_interfaces/msg/detail/dds_fastrtps/point_array__type_support.cpp.o[0m
[1.974s] [ 22%] [32mBuilding CXX object CMakeFiles/more_interfaces__rosidl_typesupport_introspection_cpp.dir/rosidl_typesupport_introspection_cpp/more_interfaces/msg/detail/point_array__type_support.cpp.o[0m
[2.062s] In file included from [01m[K/home/enrique/ros2_ws/build/more_interfaces/rosidl_typesupport_cpp/more_interfaces/msg/point_array__type_support.cpp:7[m[K:
[2.062s] [01m[K/home/enrique/ros2_ws/build/more_interfaces/rosidl_generator_cpp/more_interfaces/msg/detail/point_array__struct.hpp:20:10:[m[K [01;31m[Kfatal error: [m[Kgeometry_msgs/msg/detail/point__struct.hpp: No such file or directory
[2.062s]    20 | #include [01;31m[K"geometry_msgs/msg/detail/point__struct.hpp"[m[K
[2.062s]       |          [01;31m[K^~~~~~~~~~~~~~~~~~~~~~~~~~~~~~~~~~~~~~~~~~~~[m[K
[2.063s] compilation terminated.
[2.065s] In file included from [01m[K/home/enrique/ros2_ws/build/more_interfaces/rosidl_typesupport_fastrtps_cpp/more_interfaces/msg/detail/point_array__rosidl_typesupport_fastrtps_cpp.hpp:11[m[K,
[2.065s]                  from [01m[K/home/enrique/ros2_ws/build/more_interfaces/rosidl_typesupport_fastrtps_cpp/more_interfaces/msg/detail/dds_fastrtps/point_array__type_support.cpp:4[m[K:
[2.065s] [01m[K/home/enrique/ros2_ws/build/more_interfaces/rosidl_generator_cpp/more_interfaces/msg/detail/point_array__struct.hpp:20:10:[m[K [01;31m[Kfatal error: [m[Kgeometry_msgs/msg/detail/point__struct.hpp: No such file or directory
[2.065s]    20 | #include [01;31m[K"geometry_msgs/msg/detail/point__struct.hpp"[m[K
[2.066s]       |          [01;31m[K^~~~~~~~~~~~~~~~~~~~~~~~~~~~~~~~~~~~~~~~~~~~[m[K
[2.066s] compilation terminated.
[2.066s] gmake[2]: *** [CMakeFiles/more_interfaces__rosidl_typesupport_cpp.dir/build.make:86: CMakeFiles/more_interfaces__rosidl_typesupport_cpp.dir/rosidl_typesupport_cpp/more_interfaces/msg/point_array__type_support.cpp.o] Error 1
[2.066s] gmake[1]: *** [CMakeFiles/Makefile2:367: CMakeFiles/more_interfaces__rosidl_typesupport_cpp.dir/all] Error 2
[2.067s] gmake[2]: *** [CMakeFiles/more_interfaces__rosidl_typesupport_fastrtps_cpp.dir/build.make:91: CMakeFiles/more_interfaces__rosidl_typesupport_fastrtps_cpp.dir/rosidl_typesupport_fastrtps_cpp/more_interfaces/msg/detail/dds_fastrtps/point_array__type_support.cpp.o] Error 1
[2.067s] gmake[1]: *** [CMakeFiles/Makefile2:263: CMakeFiles/more_interfaces__rosidl_typesupport_fastrtps_cpp.dir/all] Error 2
[2.081s] In file included from [01m[K/home/enrique/ros2_ws/build/more_interfaces/rosidl_typesupport_introspection_cpp/more_interfaces/msg/detail/point_array__type_support.cpp:12[m[K:
[2.081s] [01m[K/home/enrique/ros2_ws/build/more_interfaces/rosidl_generator_cpp/more_interfaces/msg/detail/point_array__struct.hpp:20:10:[m[K [01;31m[Kfatal error: [m[Kgeometry_msgs/msg/detail/point__struct.hpp: No such file or directory
[2.081s]    20 | #include [01;31m[K"geometry_msgs/msg/detail/point__struct.hpp"[m[K
[2.081s]       |          [01;31m[K^~~~~~~~~~~~~~~~~~~~~~~~~~~~~~~~~~~~~~~~~~~~[m[K
[2.081s] compilation terminated.
[2.083s] gmake[2]: *** [CMakeFiles/more_interfaces__rosidl_typesupport_introspection_cpp.dir/build.make:91: CMakeFiles/more_interfaces__rosidl_typesupport_introspection_cpp.dir/rosidl_typesupport_introspection_cpp/more_interfaces/msg/detail/point_array__type_support.cpp.o] Error 1
[2.083s] gmake[1]: *** [CMakeFiles/Makefile2:341: CMakeFiles/more_interfaces__rosidl_typesupport_introspection_cpp.dir/all] Error 2
[2.084s] gmake: *** [Makefile:146: all] Error 2
[2.087s] Invoked command in '/home/enrique/ros2_ws/build/more_interfaces' returned '2': CMAKE_PREFIX_PATH=/home/enrique/ros2_ws/install/example_pkg:/opt/ros/humble /usr/bin/cmake --build /home/enrique/ros2_ws/build/more_interfaces -- -j8 -l8
