[0.621s] Invoking command in '/home/enrique/ros2_ws/src/example_pkg': PYTHONPATH=/home/enrique/ros2_ws/build/example_pkg/prefix_override:/usr/lib/python3/dist-packages/colcon_core/task/python/colcon_distutils_commands:/home/enrique/ros2_ws/install/example_pkg/lib/python3.10/site-packages:${PYTHONPATH} /usr/bin/python3 -W ignore:setup.py install is deprecated setup.py egg_info --egg-base ../../build/example_pkg build --build-base /home/enrique/ros2_ws/build/example_pkg/build install --record /home/enrique/ros2_ws/build/example_pkg/install.log --single-version-externally-managed install_data
[0.872s] running egg_info
[0.872s] writing ../../build/example_pkg/example_pkg.egg-info/PKG-INFO
[0.872s] writing dependency_links to ../../build/example_pkg/example_pkg.egg-info/dependency_links.txt
[0.872s] writing entry points to ../../build/example_pkg/example_pkg.egg-info/entry_points.txt
[0.873s] writing requirements to ../../build/example_pkg/example_pkg.egg-info/requires.txt
[0.873s] writing top-level names to ../../build/example_pkg/example_pkg.egg-info/top_level.txt
[0.875s] reading manifest file '../../build/example_pkg/example_pkg.egg-info/SOURCES.txt'
[0.875s] writing manifest file '../../build/example_pkg/example_pkg.egg-info/SOURCES.txt'
[0.875s] running build
[0.876s] running build_py
[0.876s] copying example_pkg/example_node.py -> /home/enrique/ros2_ws/build/example_pkg/build/lib/example_pkg
[0.876s] running install
[0.876s] running install_lib
[0.877s] copying /home/enrique/ros2_ws/build/example_pkg/build/lib/example_pkg/example_node.py -> /home/enrique/ros2_ws/install/example_pkg/lib/python3.10/site-packages/example_pkg
[0.877s] byte-compiling /home/enrique/ros2_ws/install/example_pkg/lib/python3.10/site-packages/example_pkg/example_node.py to example_node.cpython-310.pyc
[0.878s] running install_data
[0.878s] running install_egg_info
[0.880s] removing '/home/enrique/ros2_ws/install/example_pkg/lib/python3.10/site-packages/example_pkg-0.0.0-py3.10.egg-info' (and everything under it)
[0.880s] Copying ../../build/example_pkg/example_pkg.egg-info to /home/enrique/ros2_ws/install/example_pkg/lib/python3.10/site-packages/example_pkg-0.0.0-py3.10.egg-info
[0.881s] running install_scripts
[0.902s] Installing test_node script to /home/enrique/ros2_ws/install/example_pkg/lib/example_pkg
[0.902s] writing list of installed files to '/home/enrique/ros2_ws/build/example_pkg/install.log'
[0.928s] Invoked command in '/home/enrique/ros2_ws/src/example_pkg' returned '0': PYTHONPATH=/home/enrique/ros2_ws/build/example_pkg/prefix_override:/usr/lib/python3/dist-packages/colcon_core/task/python/colcon_distutils_commands:/home/enrique/ros2_ws/install/example_pkg/lib/python3.10/site-packages:${PYTHONPATH} /usr/bin/python3 -W ignore:setup.py install is deprecated setup.py egg_info --egg-base ../../build/example_pkg build --build-base /home/enrique/ros2_ws/build/example_pkg/build install --record /home/enrique/ros2_ws/build/example_pkg/install.log --single-version-externally-managed install_data
