[0.229s] DEBUG:colcon:Command line arguments: ['/usr/bin/colcon', 'build']
[0.229s] DEBUG:colcon:Parsed command line arguments: Namespace(log_base=None, log_level=None, verb_name='build', build_base='build', install_base='install', merge_install=False, symlink_install=False, test_result_base=None, continue_on_error=False, executor='parallel', parallel_workers=8, event_handlers=None, ignore_user_meta=False, metas=['./colcon.meta'], base_paths=['.'], packages_ignore=None, packages_ignore_regex=None, paths=None, packages_up_to=None, packages_up_to_regex=None, packages_above=None, packages_above_and_dependencies=None, packages_above_depth=None, packages_select_by_dep=None, packages_skip_by_dep=None, packages_skip_up_to=None, packages_select_build_failed=False, packages_skip_build_finished=False, packages_select_test_failures=False, packages_skip_test_passed=False, packages_select=None, packages_skip=None, packages_select_regex=None, packages_skip_regex=None, packages_start=None, packages_end=None, allow_overriding=[], cmake_args=None, cmake_target=None, cmake_target_skip_unavailable=False, cmake_clean_cache=False, cmake_clean_first=False, cmake_force_configure=False, ament_cmake_args=None, catkin_cmake_args=None, catkin_skip_building_tests=False, mixin_files=None, mixin=None, verb_parser=<colcon_mixin.mixin.mixin_argument.MixinArgumentDecorator object at 0x75f15373df00>, verb_extension=<colcon_core.verb.build.BuildVerb object at 0x75f15373da50>, main=<bound method BuildVerb.main of <colcon_core.verb.build.BuildVerb object at 0x75f15373da50>>, mixin_verb=('build',))
[0.513s] Level 1:colcon.colcon_core.package_discovery:discover_packages(colcon_meta) check parameters
[0.514s] Level 1:colcon.colcon_core.package_discovery:discover_packages(recursive) check parameters
[0.514s] Level 1:colcon.colcon_core.package_discovery:discover_packages(ignore) check parameters
[0.514s] Level 1:colcon.colcon_core.package_discovery:discover_packages(path) check parameters
[0.514s] Level 1:colcon.colcon_core.package_discovery:discover_packages(colcon_meta) discover
[0.514s] Level 1:colcon.colcon_core.package_discovery:discover_packages(recursive) discover
[0.514s] INFO:colcon.colcon_core.package_discovery:Crawling recursively for packages in '/home/enrique/ros2_ws'
[0.514s] Level 1:colcon.colcon_core.package_identification:_identify(.) by extensions ['ignore', 'ignore_ament_install']
[0.514s] Level 1:colcon.colcon_core.package_identification:_identify(.) by extension 'ignore'
[0.514s] Level 1:colcon.colcon_core.package_identification:_identify(.) by extension 'ignore_ament_install'
[0.514s] Level 1:colcon.colcon_core.package_identification:_identify(.) by extensions ['colcon_pkg']
[0.514s] Level 1:colcon.colcon_core.package_identification:_identify(.) by extension 'colcon_pkg'
[0.515s] Level 1:colcon.colcon_core.package_identification:_identify(.) by extensions ['colcon_meta']
[0.515s] Level 1:colcon.colcon_core.package_identification:_identify(.) by extension 'colcon_meta'
[0.515s] Level 1:colcon.colcon_core.package_identification:_identify(.) by extensions ['ros']
[0.515s] Level 1:colcon.colcon_core.package_identification:_identify(.) by extension 'ros'
[0.535s] Level 1:colcon.colcon_core.package_identification:_identify(.) by extensions ['cmake', 'python']
[0.535s] Level 1:colcon.colcon_core.package_identification:_identify(.) by extension 'cmake'
[0.535s] Level 1:colcon.colcon_core.package_identification:_identify(.) by extension 'python'
[0.535s] Level 1:colcon.colcon_core.package_identification:_identify(.) by extensions ['python_setup_py']
[0.535s] Level 1:colcon.colcon_core.package_identification:_identify(.) by extension 'python_setup_py'
[0.535s] Level 1:colcon.colcon_core.package_identification:_identify(build) by extensions ['ignore', 'ignore_ament_install']
[0.535s] Level 1:colcon.colcon_core.package_identification:_identify(build) by extension 'ignore'
[0.535s] Level 1:colcon.colcon_core.package_identification:_identify(build) ignored
[0.536s] Level 1:colcon.colcon_core.package_identification:_identify(install) by extensions ['ignore', 'ignore_ament_install']
[0.536s] Level 1:colcon.colcon_core.package_identification:_identify(install) by extension 'ignore'
[0.536s] Level 1:colcon.colcon_core.package_identification:_identify(install) ignored
[0.536s] Level 1:colcon.colcon_core.package_identification:_identify(log) by extensions ['ignore', 'ignore_ament_install']
[0.536s] Level 1:colcon.colcon_core.package_identification:_identify(log) by extension 'ignore'
[0.536s] Level 1:colcon.colcon_core.package_identification:_identify(log) ignored
[0.536s] Level 1:colcon.colcon_core.package_identification:_identify(src) by extensions ['ignore', 'ignore_ament_install']
[0.537s] Level 1:colcon.colcon_core.package_identification:_identify(src) by extension 'ignore'
[0.537s] Level 1:colcon.colcon_core.package_identification:_identify(src) by extension 'ignore_ament_install'
[0.537s] Level 1:colcon.colcon_core.package_identification:_identify(src) by extensions ['colcon_pkg']
[0.537s] Level 1:colcon.colcon_core.package_identification:_identify(src) by extension 'colcon_pkg'
[0.537s] Level 1:colcon.colcon_core.package_identification:_identify(src) by extensions ['colcon_meta']
[0.537s] Level 1:colcon.colcon_core.package_identification:_identify(src) by extension 'colcon_meta'
[0.537s] Level 1:colcon.colcon_core.package_identification:_identify(src) by extensions ['ros']
[0.537s] Level 1:colcon.colcon_core.package_identification:_identify(src) by extension 'ros'
[0.537s] Level 1:colcon.colcon_core.package_identification:_identify(src) by extensions ['cmake', 'python']
[0.537s] Level 1:colcon.colcon_core.package_identification:_identify(src) by extension 'cmake'
[0.537s] Level 1:colcon.colcon_core.package_identification:_identify(src) by extension 'python'
[0.537s] Level 1:colcon.colcon_core.package_identification:_identify(src) by extensions ['python_setup_py']
[0.537s] Level 1:colcon.colcon_core.package_identification:_identify(src) by extension 'python_setup_py'
[0.538s] Level 1:colcon.colcon_core.package_identification:_identify(src/example_pkg) by extensions ['ignore', 'ignore_ament_install']
[0.538s] Level 1:colcon.colcon_core.package_identification:_identify(src/example_pkg) by extension 'ignore'
[0.538s] Level 1:colcon.colcon_core.package_identification:_identify(src/example_pkg) by extension 'ignore_ament_install'
[0.538s] Level 1:colcon.colcon_core.package_identification:_identify(src/example_pkg) by extensions ['colcon_pkg']
[0.538s] Level 1:colcon.colcon_core.package_identification:_identify(src/example_pkg) by extension 'colcon_pkg'
[0.538s] Level 1:colcon.colcon_core.package_identification:_identify(src/example_pkg) by extensions ['colcon_meta']
[0.538s] Level 1:colcon.colcon_core.package_identification:_identify(src/example_pkg) by extension 'colcon_meta'
[0.538s] Level 1:colcon.colcon_core.package_identification:_identify(src/example_pkg) by extensions ['ros']
[0.538s] Level 1:colcon.colcon_core.package_identification:_identify(src/example_pkg) by extension 'ros'
[0.549s] DEBUG:colcon.colcon_core.package_identification:Package 'src/example_pkg' with type 'ros.ament_python' and name 'example_pkg'
[0.549s] Level 1:colcon.colcon_core.package_identification:_identify(src/more_interfaces) by extensions ['ignore', 'ignore_ament_install']
[0.550s] Level 1:colcon.colcon_core.package_identification:_identify(src/more_interfaces) by extension 'ignore'
[0.550s] Level 1:colcon.colcon_core.package_identification:_identify(src/more_interfaces) by extension 'ignore_ament_install'
[0.550s] Level 1:colcon.colcon_core.package_identification:_identify(src/more_interfaces) by extensions ['colcon_pkg']
[0.550s] Level 1:colcon.colcon_core.package_identification:_identify(src/more_interfaces) by extension 'colcon_pkg'
[0.550s] Level 1:colcon.colcon_core.package_identification:_identify(src/more_interfaces) by extensions ['colcon_meta']
[0.550s] Level 1:colcon.colcon_core.package_identification:_identify(src/more_interfaces) by extension 'colcon_meta'
[0.551s] Level 1:colcon.colcon_core.package_identification:_identify(src/more_interfaces) by extensions ['ros']
[0.551s] Level 1:colcon.colcon_core.package_identification:_identify(src/more_interfaces) by extension 'ros'
[0.554s] DEBUG:colcon.colcon_core.package_identification:Package 'src/more_interfaces' with type 'ros.ament_cmake' and name 'more_interfaces'
[0.555s] Level 1:colcon.colcon_core.package_discovery:discover_packages(recursive) using defaults
[0.555s] Level 1:colcon.colcon_core.package_discovery:discover_packages(ignore) discover
[0.555s] Level 1:colcon.colcon_core.package_discovery:discover_packages(ignore) using defaults
[0.555s] Level 1:colcon.colcon_core.package_discovery:discover_packages(path) discover
[0.555s] Level 1:colcon.colcon_core.package_discovery:discover_packages(path) using defaults
[0.598s] Level 1:colcon.colcon_core.package_discovery:discover_packages(prefix_path) check parameters
[0.598s] Level 1:colcon.colcon_core.package_discovery:discover_packages(prefix_path) discover
[0.602s] DEBUG:colcon.colcon_installed_package_information.package_discovery:Found 3 installed packages in /home/enrique/ros2_ws/install
[0.604s] DEBUG:colcon.colcon_installed_package_information.package_discovery:Found 272 installed packages in /opt/ros/humble
[0.607s] Level 1:colcon.colcon_core.package_discovery:discover_packages(prefix_path) using defaults
[0.700s] Level 5:colcon.colcon_core.verb:set package 'more_interfaces' build argument 'cmake_args' from command line to 'None'
[0.700s] Level 5:colcon.colcon_core.verb:set package 'more_interfaces' build argument 'cmake_target' from command line to 'None'
[0.700s] Level 5:colcon.colcon_core.verb:set package 'more_interfaces' build argument 'cmake_target_skip_unavailable' from command line to 'False'
[0.700s] Level 5:colcon.colcon_core.verb:set package 'more_interfaces' build argument 'cmake_clean_cache' from command line to 'False'
[0.700s] Level 5:colcon.colcon_core.verb:set package 'more_interfaces' build argument 'cmake_clean_first' from command line to 'False'
[0.700s] Level 5:colcon.colcon_core.verb:set package 'more_interfaces' build argument 'cmake_force_configure' from command line to 'False'
[0.701s] Level 5:colcon.colcon_core.verb:set package 'more_interfaces' build argument 'ament_cmake_args' from command line to 'None'
[0.701s] Level 5:colcon.colcon_core.verb:set package 'more_interfaces' build argument 'catkin_cmake_args' from command line to 'None'
[0.701s] Level 5:colcon.colcon_core.verb:set package 'more_interfaces' build argument 'catkin_skip_building_tests' from command line to 'False'
[0.701s] DEBUG:colcon.colcon_core.verb:Building package 'more_interfaces' with the following arguments: {'ament_cmake_args': None, 'build_base': '/home/enrique/ros2_ws/build/more_interfaces', 'catkin_cmake_args': None, 'catkin_skip_building_tests': False, 'cmake_args': None, 'cmake_clean_cache': False, 'cmake_clean_first': False, 'cmake_force_configure': False, 'cmake_target': None, 'cmake_target_skip_unavailable': False, 'install_base': '/home/enrique/ros2_ws/install/more_interfaces', 'merge_install': False, 'path': '/home/enrique/ros2_ws/src/more_interfaces', 'symlink_install': False, 'test_result_base': None}
[0.702s] Level 5:colcon.colcon_core.verb:set package 'example_pkg' build argument 'cmake_args' from command line to 'None'
[0.702s] Level 5:colcon.colcon_core.verb:set package 'example_pkg' build argument 'cmake_target' from command line to 'None'
[0.702s] Level 5:colcon.colcon_core.verb:set package 'example_pkg' build argument 'cmake_target_skip_unavailable' from command line to 'False'
[0.702s] Level 5:colcon.colcon_core.verb:set package 'example_pkg' build argument 'cmake_clean_cache' from command line to 'False'
[0.702s] Level 5:colcon.colcon_core.verb:set package 'example_pkg' build argument 'cmake_clean_first' from command line to 'False'
[0.702s] Level 5:colcon.colcon_core.verb:set package 'example_pkg' build argument 'cmake_force_configure' from command line to 'False'
[0.702s] Level 5:colcon.colcon_core.verb:set package 'example_pkg' build argument 'ament_cmake_args' from command line to 'None'
[0.702s] Level 5:colcon.colcon_core.verb:set package 'example_pkg' build argument 'catkin_cmake_args' from command line to 'None'
[0.702s] Level 5:colcon.colcon_core.verb:set package 'example_pkg' build argument 'catkin_skip_building_tests' from command line to 'False'
[0.702s] DEBUG:colcon.colcon_core.verb:Building package 'example_pkg' with the following arguments: {'ament_cmake_args': None, 'build_base': '/home/enrique/ros2_ws/build/example_pkg', 'catkin_cmake_args': None, 'catkin_skip_building_tests': False, 'cmake_args': None, 'cmake_clean_cache': False, 'cmake_clean_first': False, 'cmake_force_configure': False, 'cmake_target': None, 'cmake_target_skip_unavailable': False, 'install_base': '/home/enrique/ros2_ws/install/example_pkg', 'merge_install': False, 'path': '/home/enrique/ros2_ws/src/example_pkg', 'symlink_install': False, 'test_result_base': None}
[0.703s] INFO:colcon.colcon_core.executor:Executing jobs using 'parallel' executor
[0.704s] DEBUG:colcon.colcon_parallel_executor.executor.parallel:run_until_complete
[0.705s] INFO:colcon.colcon_ros.task.ament_cmake.build:Building ROS package in '/home/enrique/ros2_ws/src/more_interfaces' with build type 'ament_cmake'
[0.705s] INFO:colcon.colcon_cmake.task.cmake.build:Building CMake package in '/home/enrique/ros2_ws/src/more_interfaces'
[0.710s] INFO:colcon.colcon_core.plugin_system:Skipping extension 'colcon_core.shell.bat': Not used on non-Windows systems
[0.711s] INFO:colcon.colcon_core.shell:Skip shell extension 'powershell' for command environment: Not usable outside of PowerShell
[0.711s] DEBUG:colcon.colcon_core.shell:Skip shell extension 'dsv' for command environment
[0.725s] DEBUG:colcon.colcon_core.event_handler.log_command:Invoking command in '/home/enrique/ros2_ws/build/more_interfaces': CMAKE_PREFIX_PATH=${CMAKE_PREFIX_PATH}:/home/enrique/ros2_ws/install/example_pkg:/opt/ros/humble /usr/bin/cmake --build /home/enrique/ros2_ws/build/more_interfaces -- -j8 -l8
[1.657s] DEBUG:colcon.colcon_core.event_handler.log_command:Invoked command in '/home/enrique/ros2_ws/build/more_interfaces' returned '0': CMAKE_PREFIX_PATH=${CMAKE_PREFIX_PATH}:/home/enrique/ros2_ws/install/example_pkg:/opt/ros/humble /usr/bin/cmake --build /home/enrique/ros2_ws/build/more_interfaces -- -j8 -l8
[1.818s] DEBUG:colcon.colcon_core.event_handler.log_command:Invoking command in '/home/enrique/ros2_ws/build/more_interfaces': CMAKE_PREFIX_PATH=${CMAKE_PREFIX_PATH}:/home/enrique/ros2_ws/install/example_pkg:/opt/ros/humble /usr/bin/cmake --install /home/enrique/ros2_ws/build/more_interfaces
[1.926s] Level 1:colcon.colcon_core.environment:create_environment_scripts_only(more_interfaces)
[1.928s] DEBUG:colcon.colcon_core.event_handler.log_command:Invoked command in '/home/enrique/ros2_ws/build/more_interfaces' returned '0': CMAKE_PREFIX_PATH=${CMAKE_PREFIX_PATH}:/home/enrique/ros2_ws/install/example_pkg:/opt/ros/humble /usr/bin/cmake --install /home/enrique/ros2_ws/build/more_interfaces
[1.934s] Level 1:colcon.colcon_core.environment:checking '/home/enrique/ros2_ws/install/more_interfaces' for CMake module files
[1.936s] Level 1:colcon.colcon_core.environment:checking '/home/enrique/ros2_ws/install/more_interfaces' for CMake config files
[1.937s] Level 1:colcon.colcon_core.shell:create_environment_hook('more_interfaces', 'cmake_prefix_path')
[1.937s] INFO:colcon.colcon_core.shell:Creating environment hook '/home/enrique/ros2_ws/install/more_interfaces/share/more_interfaces/hook/cmake_prefix_path.ps1'
[1.939s] INFO:colcon.colcon_core.shell:Creating environment descriptor '/home/enrique/ros2_ws/install/more_interfaces/share/more_interfaces/hook/cmake_prefix_path.dsv'
[1.940s] INFO:colcon.colcon_core.shell:Creating environment hook '/home/enrique/ros2_ws/install/more_interfaces/share/more_interfaces/hook/cmake_prefix_path.sh'
[1.942s] Level 1:colcon.colcon_core.environment:checking '/home/enrique/ros2_ws/install/more_interfaces/lib'
[1.942s] Level 1:colcon.colcon_core.shell:create_environment_hook('more_interfaces', 'ld_library_path_lib')
[1.943s] INFO:colcon.colcon_core.shell:Creating environment hook '/home/enrique/ros2_ws/install/more_interfaces/share/more_interfaces/hook/ld_library_path_lib.ps1'
[1.944s] INFO:colcon.colcon_core.shell:Creating environment descriptor '/home/enrique/ros2_ws/install/more_interfaces/share/more_interfaces/hook/ld_library_path_lib.dsv'
[1.944s] INFO:colcon.colcon_core.shell:Creating environment hook '/home/enrique/ros2_ws/install/more_interfaces/share/more_interfaces/hook/ld_library_path_lib.sh'
[1.945s] Level 1:colcon.colcon_core.environment:checking '/home/enrique/ros2_ws/install/more_interfaces/bin'
[1.945s] Level 1:colcon.colcon_core.environment:checking '/home/enrique/ros2_ws/install/more_interfaces/lib/pkgconfig/more_interfaces.pc'
[1.946s] Level 1:colcon.colcon_core.environment:checking '/home/enrique/ros2_ws/install/more_interfaces/lib/python3.10/site-packages'
[1.946s] Level 1:colcon.colcon_core.environment:checking '/home/enrique/ros2_ws/install/more_interfaces/bin'
[1.947s] INFO:colcon.colcon_core.shell:Creating package script '/home/enrique/ros2_ws/install/more_interfaces/share/more_interfaces/package.ps1'
[1.949s] INFO:colcon.colcon_core.shell:Creating package descriptor '/home/enrique/ros2_ws/install/more_interfaces/share/more_interfaces/package.dsv'
[1.951s] INFO:colcon.colcon_core.shell:Creating package script '/home/enrique/ros2_ws/install/more_interfaces/share/more_interfaces/package.sh'
[1.953s] INFO:colcon.colcon_core.shell:Creating package script '/home/enrique/ros2_ws/install/more_interfaces/share/more_interfaces/package.bash'
[1.955s] INFO:colcon.colcon_core.shell:Creating package script '/home/enrique/ros2_ws/install/more_interfaces/share/more_interfaces/package.zsh'
[1.956s] Level 1:colcon.colcon_core.environment:create_file_with_runtime_dependencies(/home/enrique/ros2_ws/install/more_interfaces/share/colcon-core/packages/more_interfaces)
[2.111s] Level 1:colcon.colcon_core.environment:create_environment_scripts_only(more_interfaces)
[2.112s] Level 1:colcon.colcon_core.environment:checking '/home/enrique/ros2_ws/install/more_interfaces' for CMake module files
[2.113s] Level 1:colcon.colcon_core.environment:checking '/home/enrique/ros2_ws/install/more_interfaces' for CMake config files
[2.113s] Level 1:colcon.colcon_core.shell:create_environment_hook('more_interfaces', 'cmake_prefix_path')
[2.114s] INFO:colcon.colcon_core.shell:Creating environment hook '/home/enrique/ros2_ws/install/more_interfaces/share/more_interfaces/hook/cmake_prefix_path.ps1'
[2.115s] INFO:colcon.colcon_core.shell:Creating environment descriptor '/home/enrique/ros2_ws/install/more_interfaces/share/more_interfaces/hook/cmake_prefix_path.dsv'
[2.115s] INFO:colcon.colcon_core.shell:Creating environment hook '/home/enrique/ros2_ws/install/more_interfaces/share/more_interfaces/hook/cmake_prefix_path.sh'
[2.116s] Level 1:colcon.colcon_core.environment:checking '/home/enrique/ros2_ws/install/more_interfaces/lib'
[2.116s] Level 1:colcon.colcon_core.shell:create_environment_hook('more_interfaces', 'ld_library_path_lib')
[2.116s] INFO:colcon.colcon_core.shell:Creating environment hook '/home/enrique/ros2_ws/install/more_interfaces/share/more_interfaces/hook/ld_library_path_lib.ps1'
[2.117s] INFO:colcon.colcon_core.shell:Creating environment descriptor '/home/enrique/ros2_ws/install/more_interfaces/share/more_interfaces/hook/ld_library_path_lib.dsv'
[2.118s] INFO:colcon.colcon_core.shell:Creating environment hook '/home/enrique/ros2_ws/install/more_interfaces/share/more_interfaces/hook/ld_library_path_lib.sh'
[2.118s] Level 1:colcon.colcon_core.environment:checking '/home/enrique/ros2_ws/install/more_interfaces/bin'
[2.118s] Level 1:colcon.colcon_core.environment:checking '/home/enrique/ros2_ws/install/more_interfaces/lib/pkgconfig/more_interfaces.pc'
[2.119s] Level 1:colcon.colcon_core.environment:checking '/home/enrique/ros2_ws/install/more_interfaces/lib/python3.10/site-packages'
[2.119s] Level 1:colcon.colcon_core.environment:checking '/home/enrique/ros2_ws/install/more_interfaces/bin'
[2.119s] INFO:colcon.colcon_core.shell:Creating package script '/home/enrique/ros2_ws/install/more_interfaces/share/more_interfaces/package.ps1'
[2.120s] INFO:colcon.colcon_core.shell:Creating package descriptor '/home/enrique/ros2_ws/install/more_interfaces/share/more_interfaces/package.dsv'
[2.121s] INFO:colcon.colcon_core.shell:Creating package script '/home/enrique/ros2_ws/install/more_interfaces/share/more_interfaces/package.sh'
[2.122s] INFO:colcon.colcon_core.shell:Creating package script '/home/enrique/ros2_ws/install/more_interfaces/share/more_interfaces/package.bash'
[2.122s] INFO:colcon.colcon_core.shell:Creating package script '/home/enrique/ros2_ws/install/more_interfaces/share/more_interfaces/package.zsh'
[2.123s] Level 1:colcon.colcon_core.environment:create_file_with_runtime_dependencies(/home/enrique/ros2_ws/install/more_interfaces/share/colcon-core/packages/more_interfaces)
[2.123s] INFO:colcon.colcon_ros.task.ament_python.build:Building ROS package in '/home/enrique/ros2_ws/src/example_pkg' with build type 'ament_python'
[2.123s] Level 1:colcon.colcon_core.shell:create_environment_hook('example_pkg', 'ament_prefix_path')
[2.124s] INFO:colcon.colcon_core.shell:Creating environment hook '/home/enrique/ros2_ws/install/example_pkg/share/example_pkg/hook/ament_prefix_path.ps1'
[2.125s] INFO:colcon.colcon_core.shell:Creating environment descriptor '/home/enrique/ros2_ws/install/example_pkg/share/example_pkg/hook/ament_prefix_path.dsv'
[2.126s] INFO:colcon.colcon_core.shell:Creating environment hook '/home/enrique/ros2_ws/install/example_pkg/share/example_pkg/hook/ament_prefix_path.sh'
[2.127s] INFO:colcon.colcon_core.shell:Skip shell extension 'powershell' for command environment: Not usable outside of PowerShell
[2.127s] DEBUG:colcon.colcon_core.shell:Skip shell extension 'dsv' for command environment
[2.603s] INFO:colcon.colcon_core.task.python.build:Building Python package in '/home/enrique/ros2_ws/src/example_pkg'
[2.603s] INFO:colcon.colcon_core.shell:Skip shell extension 'powershell' for command environment: Not usable outside of PowerShell
[2.603s] DEBUG:colcon.colcon_core.shell:Skip shell extension 'dsv' for command environment
[3.208s] DEBUG:colcon.colcon_core.event_handler.log_command:Invoking command in '/home/enrique/ros2_ws/src/example_pkg': PYTHONPATH=/home/enrique/ros2_ws/build/example_pkg/prefix_override:/usr/lib/python3/dist-packages/colcon_core/task/python/colcon_distutils_commands:/home/enrique/ros2_ws/install/example_pkg/lib/python3.10/site-packages:${PYTHONPATH} /usr/bin/python3 -W ignore:setup.py install is deprecated setup.py egg_info --egg-base ../../build/example_pkg build --build-base /home/enrique/ros2_ws/build/example_pkg/build install --record /home/enrique/ros2_ws/build/example_pkg/install.log --single-version-externally-managed install_data
[3.768s] Level 1:colcon.colcon_core.environment:checking '/home/enrique/ros2_ws/install/example_pkg' for CMake module files
[3.769s] DEBUG:colcon.colcon_core.event_handler.log_command:Invoked command in '/home/enrique/ros2_ws/src/example_pkg' returned '0': PYTHONPATH=/home/enrique/ros2_ws/build/example_pkg/prefix_override:/usr/lib/python3/dist-packages/colcon_core/task/python/colcon_distutils_commands:/home/enrique/ros2_ws/install/example_pkg/lib/python3.10/site-packages:${PYTHONPATH} /usr/bin/python3 -W ignore:setup.py install is deprecated setup.py egg_info --egg-base ../../build/example_pkg build --build-base /home/enrique/ros2_ws/build/example_pkg/build install --record /home/enrique/ros2_ws/build/example_pkg/install.log --single-version-externally-managed install_data
[3.770s] Level 1:colcon.colcon_core.environment:checking '/home/enrique/ros2_ws/install/example_pkg' for CMake config files
[3.771s] Level 1:colcon.colcon_core.environment:checking '/home/enrique/ros2_ws/install/example_pkg/lib'
[3.772s] Level 1:colcon.colcon_core.environment:checking '/home/enrique/ros2_ws/install/example_pkg/bin'
[3.772s] Level 1:colcon.colcon_core.environment:checking '/home/enrique/ros2_ws/install/example_pkg/lib/pkgconfig/example_pkg.pc'
[3.772s] Level 1:colcon.colcon_core.environment:checking '/home/enrique/ros2_ws/install/example_pkg/lib/python3.10/site-packages'
[3.772s] Level 1:colcon.colcon_core.shell:create_environment_hook('example_pkg', 'pythonpath')
[3.773s] INFO:colcon.colcon_core.shell:Creating environment hook '/home/enrique/ros2_ws/install/example_pkg/share/example_pkg/hook/pythonpath.ps1'
[3.773s] INFO:colcon.colcon_core.shell:Creating environment descriptor '/home/enrique/ros2_ws/install/example_pkg/share/example_pkg/hook/pythonpath.dsv'
[3.774s] INFO:colcon.colcon_core.shell:Creating environment hook '/home/enrique/ros2_ws/install/example_pkg/share/example_pkg/hook/pythonpath.sh'
[3.775s] Level 1:colcon.colcon_core.environment:checking '/home/enrique/ros2_ws/install/example_pkg/bin'
[3.775s] Level 1:colcon.colcon_core.environment:create_environment_scripts_only(example_pkg)
[3.776s] INFO:colcon.colcon_core.shell:Creating package script '/home/enrique/ros2_ws/install/example_pkg/share/example_pkg/package.ps1'
[3.777s] INFO:colcon.colcon_core.shell:Creating package descriptor '/home/enrique/ros2_ws/install/example_pkg/share/example_pkg/package.dsv'
[3.777s] INFO:colcon.colcon_core.shell:Creating package script '/home/enrique/ros2_ws/install/example_pkg/share/example_pkg/package.sh'
[3.778s] INFO:colcon.colcon_core.shell:Creating package script '/home/enrique/ros2_ws/install/example_pkg/share/example_pkg/package.bash'
[3.779s] INFO:colcon.colcon_core.shell:Creating package script '/home/enrique/ros2_ws/install/example_pkg/share/example_pkg/package.zsh'
[3.779s] Level 1:colcon.colcon_core.environment:create_file_with_runtime_dependencies(/home/enrique/ros2_ws/install/example_pkg/share/colcon-core/packages/example_pkg)
[3.780s] DEBUG:colcon.colcon_parallel_executor.executor.parallel:closing loop
[3.780s] DEBUG:colcon.colcon_parallel_executor.executor.parallel:loop closed
[3.781s] DEBUG:colcon.colcon_parallel_executor.executor.parallel:run_until_complete finished with '0'
[3.781s] DEBUG:colcon.colcon_core.event_reactor:joining thread
[3.800s] INFO:colcon.colcon_core.plugin_system:Skipping extension 'colcon_notification.desktop_notification.terminal_notifier': Not used on non-Darwin systems
[3.801s] INFO:colcon.colcon_core.plugin_system:Skipping extension 'colcon_notification.desktop_notification.win32': Not used on non-Windows systems
[3.801s] INFO:colcon.colcon_notification.desktop_notification:Sending desktop notification using 'notify2'
[3.837s] DEBUG:colcon.colcon_core.event_reactor:joined thread
[3.837s] INFO:colcon.colcon_core.shell:Creating prefix script '/home/enrique/ros2_ws/install/local_setup.ps1'
[3.840s] INFO:colcon.colcon_core.shell:Creating prefix util module '/home/enrique/ros2_ws/install/_local_setup_util_ps1.py'
[3.842s] INFO:colcon.colcon_core.shell:Creating prefix chain script '/home/enrique/ros2_ws/install/setup.ps1'
[3.846s] INFO:colcon.colcon_core.shell:Creating prefix script '/home/enrique/ros2_ws/install/local_setup.sh'
[3.847s] INFO:colcon.colcon_core.shell:Creating prefix util module '/home/enrique/ros2_ws/install/_local_setup_util_sh.py'
[3.848s] INFO:colcon.colcon_core.shell:Creating prefix chain script '/home/enrique/ros2_ws/install/setup.sh'
[3.850s] INFO:colcon.colcon_core.shell:Creating prefix script '/home/enrique/ros2_ws/install/local_setup.bash'
[3.852s] INFO:colcon.colcon_core.shell:Creating prefix chain script '/home/enrique/ros2_ws/install/setup.bash'
[3.855s] INFO:colcon.colcon_core.shell:Creating prefix script '/home/enrique/ros2_ws/install/local_setup.zsh'
[3.856s] INFO:colcon.colcon_core.shell:Creating prefix chain script '/home/enrique/ros2_ws/install/setup.zsh'
