[0.640s] Invoking command in '/home/enrique/ros2_ws/build/example_pkg': PYTHONPATH=/home/enrique/ros2_ws/build/example_pkg/prefix_override:/usr/lib/python3/dist-packages/colcon_core/task/python/colcon_distutils_commands:/home/enrique/ros2_ws/install/example_pkg/lib/python3.10/site-packages:${PYTHONPATH} /usr/bin/python3 -W ignore:setup.py install is deprecated setup.py develop --editable --build-directory /home/enrique/ros2_ws/build/example_pkg/build --no-deps symlink_data --force
[0.916s] running develop
[0.917s] /usr/lib/python3/dist-packages/setuptools/command/easy_install.py:158: EasyInstallDeprecationWarning: easy_install command is deprecated. Use build and pip and other standards-based tools.
[0.917s]   warnings.warn(
[1.083s] running egg_info
[1.084s] writing example_pkg.egg-info/PKG-INFO
[1.084s] writing dependency_links to example_pkg.egg-info/dependency_links.txt
[1.084s] writing entry points to example_pkg.egg-info/entry_points.txt
[1.084s] writing requirements to example_pkg.egg-info/requires.txt
[1.084s] writing top-level names to example_pkg.egg-info/top_level.txt
[1.086s] reading manifest file 'example_pkg.egg-info/SOURCES.txt'
[1.087s] writing manifest file 'example_pkg.egg-info/SOURCES.txt'
[1.088s] running build_ext
[1.088s] Creating /home/enrique/ros2_ws/install/example_pkg/lib/python3.10/site-packages/example-pkg.egg-link (link to .)
[1.089s] Installing test_node script to /home/enrique/ros2_ws/install/example_pkg/lib/example_pkg
[1.089s] 
[1.089s] Installed /home/enrique/ros2_ws/build/example_pkg
[1.090s] running symlink_data
[1.090s] symbolically linking /home/enrique/ros2_ws/build/example_pkg/resource/example_pkg -> /home/enrique/ros2_ws/install/example_pkg/share/ament_index/resource_index/packages
[1.090s] symbolically linking /home/enrique/ros2_ws/build/example_pkg/package.xml -> /home/enrique/ros2_ws/install/example_pkg/share/example_pkg
[1.117s] Invoked command in '/home/enrique/ros2_ws/build/example_pkg' returned '0': PYTHONPATH=/home/enrique/ros2_ws/build/example_pkg/prefix_override:/usr/lib/python3/dist-packages/colcon_core/task/python/colcon_distutils_commands:/home/enrique/ros2_ws/install/example_pkg/lib/python3.10/site-packages:${PYTHONPATH} /usr/bin/python3 -W ignore:setup.py install is deprecated setup.py develop --editable --build-directory /home/enrique/ros2_ws/build/example_pkg/build --no-deps symlink_data --force
