[0.626s] Invoking command in '/home/enrique/ros2_ws/build/example_pkg': PYTHONPATH=/home/enrique/ros2_ws/build/example_pkg/prefix_override:/usr/lib/python3/dist-packages/colcon_core/task/python/colcon_distutils_commands:/home/enrique/ros2_ws/install/example_pkg/lib/python3.10/site-packages:${PYTHONPATH} /usr/bin/python3 -W ignore:setup.py install is deprecated setup.py develop --uninstall --editable --build-directory /home/enrique/ros2_ws/build/example_pkg/build
[0.900s] running develop
[0.900s] /usr/lib/python3/dist-packages/setuptools/command/easy_install.py:158: EasyInstallDeprecationWarning: easy_install command is deprecated. Use build and pip and other standards-based tools.
[0.901s]   warnings.warn(
[1.070s] Removing /home/enrique/ros2_ws/install/example_pkg/lib/python3.10/site-packages/example-pkg.egg-link (link to .)
[1.098s] Invoked command in '/home/enrique/ros2_ws/build/example_pkg' returned '0': PYTHONPATH=/home/enrique/ros2_ws/build/example_pkg/prefix_override:/usr/lib/python3/dist-packages/colcon_core/task/python/colcon_distutils_commands:/home/enrique/ros2_ws/install/example_pkg/lib/python3.10/site-packages:${PYTHONPATH} /usr/bin/python3 -W ignore:setup.py install is deprecated setup.py develop --uninstall --editable --build-directory /home/enrique/ros2_ws/build/example_pkg/build
[1.100s] Invoking command in '/home/enrique/ros2_ws/src/example_pkg': PYTHONPATH=/home/enrique/ros2_ws/build/example_pkg/prefix_override:/usr/lib/python3/dist-packages/colcon_core/task/python/colcon_distutils_commands:/home/enrique/ros2_ws/install/example_pkg/lib/python3.10/site-packages:${PYTHONPATH} /usr/bin/python3 -W ignore:setup.py install is deprecated setup.py egg_info --egg-base ../../build/example_pkg build --build-base /home/enrique/ros2_ws/build/example_pkg/build install --record /home/enrique/ros2_ws/build/example_pkg/install.log --single-version-externally-managed install_data --force
[1.349s] running egg_info
[1.349s] writing ../../build/example_pkg/example_pkg.egg-info/PKG-INFO
[1.350s] writing dependency_links to ../../build/example_pkg/example_pkg.egg-info/dependency_links.txt
[1.350s] writing entry points to ../../build/example_pkg/example_pkg.egg-info/entry_points.txt
[1.350s] writing requirements to ../../build/example_pkg/example_pkg.egg-info/requires.txt
[1.350s] writing top-level names to ../../build/example_pkg/example_pkg.egg-info/top_level.txt
[1.352s] reading manifest file '../../build/example_pkg/example_pkg.egg-info/SOURCES.txt'
[1.353s] writing manifest file '../../build/example_pkg/example_pkg.egg-info/SOURCES.txt'
[1.353s] running build
[1.353s] running build_py
[1.353s] copying example_pkg/example_node.py -> /home/enrique/ros2_ws/build/example_pkg/build/lib/example_pkg
[1.354s] running install
[1.354s] running install_lib
[1.355s] creating /home/enrique/ros2_ws/install/example_pkg/lib/python3.10/site-packages/example_pkg
[1.355s] copying /home/enrique/ros2_ws/build/example_pkg/build/lib/example_pkg/__init__.py -> /home/enrique/ros2_ws/install/example_pkg/lib/python3.10/site-packages/example_pkg
[1.355s] copying /home/enrique/ros2_ws/build/example_pkg/build/lib/example_pkg/example_node.py -> /home/enrique/ros2_ws/install/example_pkg/lib/python3.10/site-packages/example_pkg
[1.355s] byte-compiling /home/enrique/ros2_ws/install/example_pkg/lib/python3.10/site-packages/example_pkg/__init__.py to __init__.cpython-310.pyc
[1.356s] byte-compiling /home/enrique/ros2_ws/install/example_pkg/lib/python3.10/site-packages/example_pkg/example_node.py to example_node.cpython-310.pyc
[1.356s] running install_data
[1.356s] copying resource/example_pkg -> /home/enrique/ros2_ws/install/example_pkg/share/ament_index/resource_index/packages
[1.356s] copying package.xml -> /home/enrique/ros2_ws/install/example_pkg/share/example_pkg
[1.356s] running install_egg_info
[1.358s] Copying ../../build/example_pkg/example_pkg.egg-info to /home/enrique/ros2_ws/install/example_pkg/lib/python3.10/site-packages/example_pkg-0.0.0-py3.10.egg-info
[1.359s] running install_scripts
[1.381s] Installing test_node script to /home/enrique/ros2_ws/install/example_pkg/lib/example_pkg
[1.381s] writing list of installed files to '/home/enrique/ros2_ws/build/example_pkg/install.log'
[1.407s] Invoked command in '/home/enrique/ros2_ws/src/example_pkg' returned '0': PYTHONPATH=/home/enrique/ros2_ws/build/example_pkg/prefix_override:/usr/lib/python3/dist-packages/colcon_core/task/python/colcon_distutils_commands:/home/enrique/ros2_ws/install/example_pkg/lib/python3.10/site-packages:${PYTHONPATH} /usr/bin/python3 -W ignore:setup.py install is deprecated setup.py egg_info --egg-base ../../build/example_pkg build --build-base /home/enrique/ros2_ws/build/example_pkg/build install --record /home/enrique/ros2_ws/build/example_pkg/install.log --single-version-externally-managed install_data --force
