[0.021s] Invoking command in '/home/enrique/ros2_ws/build/more_interfaces': CMAKE_PREFIX_PATH=${CMAKE_PREFIX_PATH}:/home/enrique/ros2_ws/install/example_pkg:/opt/ros/humble /usr/bin/cmake --build /home/enrique/ros2_ws/build/more_interfaces -- -j8 -l8
[0.178s] [  2%] Built target more_interfaces__cpp
[0.187s] [ 12%] Built target more_interfaces__rosidl_generator_c
[0.202s] [ 12%] Built target ament_cmake_python_copy_more_interfaces
[0.252s] [ 23%] Built target more_interfaces__rosidl_typesupport_cpp
[0.259s] [ 33%] Built target more_interfaces__rosidl_typesupport_introspection_cpp
[0.266s] [ 43%] Built target more_interfaces__rosidl_typesupport_fastrtps_cpp
[0.270s] [ 53%] Built target more_interfaces__rosidl_typesupport_c
[0.272s] [ 64%] Built target more_interfaces__rosidl_typesupport_fastrtps_c
[0.281s] [ 74%] Built target more_interfaces__rosidl_typesupport_introspection_c
[0.323s] [ 74%] Built target more_interfaces
[0.364s] [ 76%] Built target more_interfaces__py
[0.415s] [ 84%] Built target more_interfaces__rosidl_generator_py
[0.483s] [ 89%] Built target more_interfaces__rosidl_typesupport_introspection_c__pyext
[0.486s] [100%] Built target more_interfaces__rosidl_typesupport_c__pyext
[0.487s] [100%] Built target more_interfaces__rosidl_typesupport_fastrtps_c__pyext
[1.364s] running egg_info
[1.376s] writing more_interfaces.egg-info/PKG-INFO
[1.376s] writing dependency_links to more_interfaces.egg-info/dependency_links.txt
[1.377s] writing top-level names to more_interfaces.egg-info/top_level.txt
[1.386s] reading manifest file 'more_interfaces.egg-info/SOURCES.txt'
[1.395s] writing manifest file 'more_interfaces.egg-info/SOURCES.txt'
[1.554s] [100%] Built target ament_cmake_python_build_more_interfaces_egg
[1.621s] Invoked command in '/home/enrique/ros2_ws/build/more_interfaces' returned '0': CMAKE_PREFIX_PATH=${CMAKE_PREFIX_PATH}:/home/enrique/ros2_ws/install/example_pkg:/opt/ros/humble /usr/bin/cmake --build /home/enrique/ros2_ws/build/more_interfaces -- -j8 -l8
[2.090s] Invoking command in '/home/enrique/ros2_ws/build/more_interfaces': CMAKE_PREFIX_PATH=${CMAKE_PREFIX_PATH}:/home/enrique/ros2_ws/install/example_pkg:/opt/ros/humble /usr/bin/cmake --install /home/enrique/ros2_ws/build/more_interfaces
[2.124s] -- Install configuration: ""
[2.125s] -- Up-to-date: /home/enrique/ros2_ws/install/more_interfaces/share/ament_index/resource_index/rosidl_interfaces/more_interfaces
[2.126s] -- Up-to-date: /home/enrique/ros2_ws/install/more_interfaces/include/more_interfaces/more_interfaces
[2.128s] -- Up-to-date: /home/enrique/ros2_ws/install/more_interfaces/include/more_interfaces/more_interfaces/msg
[2.130s] -- Up-to-date: /home/enrique/ros2_ws/install/more_interfaces/include/more_interfaces/more_interfaces/msg/point_array.h
[2.134s] -- Up-to-date: /home/enrique/ros2_ws/install/more_interfaces/include/more_interfaces/more_interfaces/msg/rosidl_generator_c__visibility_control.h
[2.136s] -- Up-to-date: /home/enrique/ros2_ws/install/more_interfaces/include/more_interfaces/more_interfaces/msg/detail
[2.137s] -- Up-to-date: /home/enrique/ros2_ws/install/more_interfaces/include/more_interfaces/more_interfaces/msg/detail/point_array__functions.h
[2.137s] -- Up-to-date: /home/enrique/ros2_ws/install/more_interfaces/include/more_interfaces/more_interfaces/msg/detail/vector3_array__functions.c
[2.139s] -- Up-to-date: /home/enrique/ros2_ws/install/more_interfaces/include/more_interfaces/more_interfaces/msg/detail/point_array__functions.c
[2.140s] -- Up-to-date: /home/enrique/ros2_ws/install/more_interfaces/include/more_interfaces/more_interfaces/msg/detail/vector3_array__type_support.h
[2.141s] -- Up-to-date: /home/enrique/ros2_ws/install/more_interfaces/include/more_interfaces/more_interfaces/msg/detail/point_array__struct.h
[2.141s] -- Up-to-date: /home/enrique/ros2_ws/install/more_interfaces/include/more_interfaces/more_interfaces/msg/detail/vector3_array__struct.h
[2.141s] -- Up-to-date: /home/enrique/ros2_ws/install/more_interfaces/include/more_interfaces/more_interfaces/msg/detail/point_array__type_support.h
[2.142s] -- Up-to-date: /home/enrique/ros2_ws/install/more_interfaces/include/more_interfaces/more_interfaces/msg/detail/vector3_array__functions.h
[2.143s] -- Up-to-date: /home/enrique/ros2_ws/install/more_interfaces/include/more_interfaces/more_interfaces/msg/vector3_array.h
[2.143s] -- Up-to-date: /home/enrique/ros2_ws/install/more_interfaces/share/more_interfaces/environment/library_path.sh
[2.144s] -- Up-to-date: /home/enrique/ros2_ws/install/more_interfaces/share/more_interfaces/environment/library_path.dsv
[2.144s] -- Up-to-date: /home/enrique/ros2_ws/install/more_interfaces/lib/libmore_interfaces__rosidl_generator_c.so
[2.144s] -- Up-to-date: /home/enrique/ros2_ws/install/more_interfaces/include/more_interfaces/more_interfaces
[2.144s] -- Up-to-date: /home/enrique/ros2_ws/install/more_interfaces/include/more_interfaces/more_interfaces/msg
[2.145s] -- Up-to-date: /home/enrique/ros2_ws/install/more_interfaces/include/more_interfaces/more_interfaces/msg/rosidl_typesupport_fastrtps_c__visibility_control.h
[2.145s] -- Up-to-date: /home/enrique/ros2_ws/install/more_interfaces/include/more_interfaces/more_interfaces/msg/detail
[2.146s] -- Up-to-date: /home/enrique/ros2_ws/install/more_interfaces/include/more_interfaces/more_interfaces/msg/detail/vector3_array__rosidl_typesupport_fastrtps_c.h
[2.147s] -- Up-to-date: /home/enrique/ros2_ws/install/more_interfaces/include/more_interfaces/more_interfaces/msg/detail/point_array__rosidl_typesupport_fastrtps_c.h
[2.151s] -- Up-to-date: /home/enrique/ros2_ws/install/more_interfaces/lib/libmore_interfaces__rosidl_typesupport_fastrtps_c.so
[2.154s] -- Up-to-date: /home/enrique/ros2_ws/install/more_interfaces/include/more_interfaces/more_interfaces
[2.156s] -- Up-to-date: /home/enrique/ros2_ws/install/more_interfaces/include/more_interfaces/more_interfaces/msg
[2.159s] -- Up-to-date: /home/enrique/ros2_ws/install/more_interfaces/include/more_interfaces/more_interfaces/msg/detail
[2.160s] -- Up-to-date: /home/enrique/ros2_ws/install/more_interfaces/include/more_interfaces/more_interfaces/msg/detail/vector3_array__struct.hpp
[2.160s] -- Up-to-date: /home/enrique/ros2_ws/install/more_interfaces/include/more_interfaces/more_interfaces/msg/detail/vector3_array__traits.hpp
[2.161s] -- Up-to-date: /home/enrique/ros2_ws/install/more_interfaces/include/more_interfaces/more_interfaces/msg/detail/point_array__builder.hpp
[2.161s] -- Up-to-date: /home/enrique/ros2_ws/install/more_interfaces/include/more_interfaces/more_interfaces/msg/detail/vector3_array__builder.hpp
[2.162s] -- Up-to-date: /home/enrique/ros2_ws/install/more_interfaces/include/more_interfaces/more_interfaces/msg/detail/point_array__traits.hpp
[2.162s] -- Up-to-date: /home/enrique/ros2_ws/install/more_interfaces/include/more_interfaces/more_interfaces/msg/detail/point_array__struct.hpp
[2.162s] -- Up-to-date: /home/enrique/ros2_ws/install/more_interfaces/include/more_interfaces/more_interfaces/msg/vector3_array.hpp
[2.163s] -- Up-to-date: /home/enrique/ros2_ws/install/more_interfaces/include/more_interfaces/more_interfaces/msg/point_array.hpp
[2.163s] -- Up-to-date: /home/enrique/ros2_ws/install/more_interfaces/include/more_interfaces/more_interfaces
[2.164s] -- Up-to-date: /home/enrique/ros2_ws/install/more_interfaces/include/more_interfaces/more_interfaces/msg
[2.164s] -- Up-to-date: /home/enrique/ros2_ws/install/more_interfaces/include/more_interfaces/more_interfaces/msg/rosidl_typesupport_fastrtps_cpp__visibility_control.h
[2.164s] -- Up-to-date: /home/enrique/ros2_ws/install/more_interfaces/include/more_interfaces/more_interfaces/msg/detail
[2.165s] -- Up-to-date: /home/enrique/ros2_ws/install/more_interfaces/include/more_interfaces/more_interfaces/msg/detail/dds_fastrtps
[2.165s] -- Up-to-date: /home/enrique/ros2_ws/install/more_interfaces/include/more_interfaces/more_interfaces/msg/detail/vector3_array__rosidl_typesupport_fastrtps_cpp.hpp
[2.166s] -- Up-to-date: /home/enrique/ros2_ws/install/more_interfaces/include/more_interfaces/more_interfaces/msg/detail/point_array__rosidl_typesupport_fastrtps_cpp.hpp
[2.166s] -- Up-to-date: /home/enrique/ros2_ws/install/more_interfaces/lib/libmore_interfaces__rosidl_typesupport_fastrtps_cpp.so
[2.167s] -- Up-to-date: /home/enrique/ros2_ws/install/more_interfaces/include/more_interfaces/more_interfaces
[2.167s] -- Up-to-date: /home/enrique/ros2_ws/install/more_interfaces/include/more_interfaces/more_interfaces/msg
[2.168s] -- Up-to-date: /home/enrique/ros2_ws/install/more_interfaces/include/more_interfaces/more_interfaces/msg/rosidl_typesupport_introspection_c__visibility_control.h
[2.168s] -- Up-to-date: /home/enrique/ros2_ws/install/more_interfaces/include/more_interfaces/more_interfaces/msg/detail
[2.168s] -- Up-to-date: /home/enrique/ros2_ws/install/more_interfaces/include/more_interfaces/more_interfaces/msg/detail/point_array__type_support.c
[2.169s] -- Up-to-date: /home/enrique/ros2_ws/install/more_interfaces/include/more_interfaces/more_interfaces/msg/detail/vector3_array__rosidl_typesupport_introspection_c.h
[2.169s] -- Up-to-date: /home/enrique/ros2_ws/install/more_interfaces/include/more_interfaces/more_interfaces/msg/detail/point_array__rosidl_typesupport_introspection_c.h
[2.170s] -- Up-to-date: /home/enrique/ros2_ws/install/more_interfaces/include/more_interfaces/more_interfaces/msg/detail/vector3_array__type_support.c
[2.170s] -- Up-to-date: /home/enrique/ros2_ws/install/more_interfaces/lib/libmore_interfaces__rosidl_typesupport_introspection_c.so
[2.170s] -- Up-to-date: /home/enrique/ros2_ws/install/more_interfaces/lib/libmore_interfaces__rosidl_typesupport_c.so
[2.171s] -- Up-to-date: /home/enrique/ros2_ws/install/more_interfaces/include/more_interfaces/more_interfaces
[2.171s] -- Up-to-date: /home/enrique/ros2_ws/install/more_interfaces/include/more_interfaces/more_interfaces/msg
[2.171s] -- Up-to-date: /home/enrique/ros2_ws/install/more_interfaces/include/more_interfaces/more_interfaces/msg/detail
[2.171s] -- Up-to-date: /home/enrique/ros2_ws/install/more_interfaces/include/more_interfaces/more_interfaces/msg/detail/point_array__type_support.cpp
[2.172s] -- Up-to-date: /home/enrique/ros2_ws/install/more_interfaces/include/more_interfaces/more_interfaces/msg/detail/point_array__rosidl_typesupport_introspection_cpp.hpp
[2.172s] -- Up-to-date: /home/enrique/ros2_ws/install/more_interfaces/include/more_interfaces/more_interfaces/msg/detail/vector3_array__type_support.cpp
[2.173s] -- Up-to-date: /home/enrique/ros2_ws/install/more_interfaces/include/more_interfaces/more_interfaces/msg/detail/vector3_array__rosidl_typesupport_introspection_cpp.hpp
[2.173s] -- Up-to-date: /home/enrique/ros2_ws/install/more_interfaces/lib/libmore_interfaces__rosidl_typesupport_introspection_cpp.so
[2.174s] -- Up-to-date: /home/enrique/ros2_ws/install/more_interfaces/lib/libmore_interfaces__rosidl_typesupport_cpp.so
[2.174s] -- Up-to-date: /home/enrique/ros2_ws/install/more_interfaces/share/more_interfaces/environment/pythonpath.sh
[2.175s] -- Up-to-date: /home/enrique/ros2_ws/install/more_interfaces/share/more_interfaces/environment/pythonpath.dsv
[2.175s] -- Up-to-date: /home/enrique/ros2_ws/install/more_interfaces/local/lib/python3.10/dist-packages/more_interfaces-0.0.0-py3.10.egg-info
[2.175s] -- Installing: /home/enrique/ros2_ws/install/more_interfaces/local/lib/python3.10/dist-packages/more_interfaces-0.0.0-py3.10.egg-info/PKG-INFO
[2.176s] -- Installing: /home/enrique/ros2_ws/install/more_interfaces/local/lib/python3.10/dist-packages/more_interfaces-0.0.0-py3.10.egg-info/SOURCES.txt
[2.176s] -- Installing: /home/enrique/ros2_ws/install/more_interfaces/local/lib/python3.10/dist-packages/more_interfaces-0.0.0-py3.10.egg-info/top_level.txt
[2.176s] -- Installing: /home/enrique/ros2_ws/install/more_interfaces/local/lib/python3.10/dist-packages/more_interfaces-0.0.0-py3.10.egg-info/dependency_links.txt
[2.176s] -- Up-to-date: /home/enrique/ros2_ws/install/more_interfaces/local/lib/python3.10/dist-packages/more_interfaces
[2.177s] -- Up-to-date: /home/enrique/ros2_ws/install/more_interfaces/local/lib/python3.10/dist-packages/more_interfaces/msg
[2.177s] -- Up-to-date: /home/enrique/ros2_ws/install/more_interfaces/local/lib/python3.10/dist-packages/more_interfaces/msg/_point_array_s.c
[2.177s] -- Up-to-date: /home/enrique/ros2_ws/install/more_interfaces/local/lib/python3.10/dist-packages/more_interfaces/msg/_point_array.py
[2.178s] -- Up-to-date: /home/enrique/ros2_ws/install/more_interfaces/local/lib/python3.10/dist-packages/more_interfaces/msg/__init__.py
[2.178s] -- Up-to-date: /home/enrique/ros2_ws/install/more_interfaces/local/lib/python3.10/dist-packages/more_interfaces/msg/_vector3_array_s.c
[2.178s] -- Up-to-date: /home/enrique/ros2_ws/install/more_interfaces/local/lib/python3.10/dist-packages/more_interfaces/msg/_vector3_array.py
[2.179s] -- Up-to-date: /home/enrique/ros2_ws/install/more_interfaces/local/lib/python3.10/dist-packages/more_interfaces/_more_interfaces_s.ep.rosidl_typesupport_introspection_c.c
[2.179s] -- Up-to-date: /home/enrique/ros2_ws/install/more_interfaces/local/lib/python3.10/dist-packages/more_interfaces/more_interfaces_s__rosidl_typesupport_c.cpython-310-x86_64-linux-gnu.so
[2.179s] -- Up-to-date: /home/enrique/ros2_ws/install/more_interfaces/local/lib/python3.10/dist-packages/more_interfaces/__init__.py
[2.180s] -- Up-to-date: /home/enrique/ros2_ws/install/more_interfaces/local/lib/python3.10/dist-packages/more_interfaces/more_interfaces_s__rosidl_typesupport_introspection_c.cpython-310-x86_64-linux-gnu.so
[2.180s] -- Up-to-date: /home/enrique/ros2_ws/install/more_interfaces/local/lib/python3.10/dist-packages/more_interfaces/_more_interfaces_s.ep.rosidl_typesupport_fastrtps_c.c
[2.180s] -- Up-to-date: /home/enrique/ros2_ws/install/more_interfaces/local/lib/python3.10/dist-packages/more_interfaces/more_interfaces_s__rosidl_typesupport_fastrtps_c.cpython-310-x86_64-linux-gnu.so
[2.181s] -- Up-to-date: /home/enrique/ros2_ws/install/more_interfaces/local/lib/python3.10/dist-packages/more_interfaces/libmore_interfaces__rosidl_generator_py.so
[2.181s] -- Up-to-date: /home/enrique/ros2_ws/install/more_interfaces/local/lib/python3.10/dist-packages/more_interfaces/_more_interfaces_s.ep.rosidl_typesupport_c.c
[2.398s] Listing '/home/enrique/ros2_ws/install/more_interfaces/local/lib/python3.10/dist-packages/more_interfaces'...
[2.398s] Listing '/home/enrique/ros2_ws/install/more_interfaces/local/lib/python3.10/dist-packages/more_interfaces/msg'...
[2.420s] -- Up-to-date: /home/enrique/ros2_ws/install/more_interfaces/local/lib/python3.10/dist-packages/more_interfaces/more_interfaces_s__rosidl_typesupport_fastrtps_c.cpython-310-x86_64-linux-gnu.so
[2.423s] -- Up-to-date: /home/enrique/ros2_ws/install/more_interfaces/local/lib/python3.10/dist-packages/more_interfaces/more_interfaces_s__rosidl_typesupport_introspection_c.cpython-310-x86_64-linux-gnu.so
[2.426s] -- Up-to-date: /home/enrique/ros2_ws/install/more_interfaces/local/lib/python3.10/dist-packages/more_interfaces/more_interfaces_s__rosidl_typesupport_c.cpython-310-x86_64-linux-gnu.so
[2.428s] -- Up-to-date: /home/enrique/ros2_ws/install/more_interfaces/lib/libmore_interfaces__rosidl_generator_py.so
[2.429s] -- Up-to-date: /home/enrique/ros2_ws/install/more_interfaces/share/more_interfaces/msg/PointArray.idl
[2.429s] -- Up-to-date: /home/enrique/ros2_ws/install/more_interfaces/share/more_interfaces/msg/Vector3Array.idl
[2.430s] -- Up-to-date: /home/enrique/ros2_ws/install/more_interfaces/share/more_interfaces/msg/PointArray.msg
[2.431s] -- Up-to-date: /home/enrique/ros2_ws/install/more_interfaces/share/more_interfaces/msg/Vector3Array.msg
[2.431s] -- Up-to-date: /home/enrique/ros2_ws/install/more_interfaces/share/ament_index/resource_index/package_run_dependencies/more_interfaces
[2.433s] -- Up-to-date: /home/enrique/ros2_ws/install/more_interfaces/share/ament_index/resource_index/parent_prefix_path/more_interfaces
[2.434s] -- Up-to-date: /home/enrique/ros2_ws/install/more_interfaces/share/more_interfaces/environment/ament_prefix_path.sh
[2.435s] -- Up-to-date: /home/enrique/ros2_ws/install/more_interfaces/share/more_interfaces/environment/ament_prefix_path.dsv
[2.436s] -- Up-to-date: /home/enrique/ros2_ws/install/more_interfaces/share/more_interfaces/environment/path.sh
[2.437s] -- Up-to-date: /home/enrique/ros2_ws/install/more_interfaces/share/more_interfaces/environment/path.dsv
[2.441s] -- Up-to-date: /home/enrique/ros2_ws/install/more_interfaces/share/more_interfaces/local_setup.bash
[2.444s] -- Up-to-date: /home/enrique/ros2_ws/install/more_interfaces/share/more_interfaces/local_setup.sh
[2.445s] -- Up-to-date: /home/enrique/ros2_ws/install/more_interfaces/share/more_interfaces/local_setup.zsh
[2.445s] -- Up-to-date: /home/enrique/ros2_ws/install/more_interfaces/share/more_interfaces/local_setup.dsv
[2.446s] -- Installing: /home/enrique/ros2_ws/install/more_interfaces/share/more_interfaces/package.dsv
[2.446s] -- Up-to-date: /home/enrique/ros2_ws/install/more_interfaces/share/ament_index/resource_index/packages/more_interfaces
[2.447s] -- Up-to-date: /home/enrique/ros2_ws/install/more_interfaces/share/more_interfaces/cmake/export_more_interfaces__rosidl_generator_cExport.cmake
[2.447s] -- Up-to-date: /home/enrique/ros2_ws/install/more_interfaces/share/more_interfaces/cmake/export_more_interfaces__rosidl_generator_cExport-noconfig.cmake
[2.448s] -- Up-to-date: /home/enrique/ros2_ws/install/more_interfaces/share/more_interfaces/cmake/export_more_interfaces__rosidl_typesupport_fastrtps_cExport.cmake
[2.448s] -- Up-to-date: /home/enrique/ros2_ws/install/more_interfaces/share/more_interfaces/cmake/export_more_interfaces__rosidl_typesupport_fastrtps_cExport-noconfig.cmake
[2.449s] -- Up-to-date: /home/enrique/ros2_ws/install/more_interfaces/share/more_interfaces/cmake/export_more_interfaces__rosidl_generator_cppExport.cmake
[2.449s] -- Up-to-date: /home/enrique/ros2_ws/install/more_interfaces/share/more_interfaces/cmake/export_more_interfaces__rosidl_typesupport_fastrtps_cppExport.cmake
[2.450s] -- Up-to-date: /home/enrique/ros2_ws/install/more_interfaces/share/more_interfaces/cmake/export_more_interfaces__rosidl_typesupport_fastrtps_cppExport-noconfig.cmake
[2.450s] -- Up-to-date: /home/enrique/ros2_ws/install/more_interfaces/share/more_interfaces/cmake/more_interfaces__rosidl_typesupport_introspection_cExport.cmake
[2.451s] -- Up-to-date: /home/enrique/ros2_ws/install/more_interfaces/share/more_interfaces/cmake/more_interfaces__rosidl_typesupport_introspection_cExport-noconfig.cmake
[2.451s] -- Up-to-date: /home/enrique/ros2_ws/install/more_interfaces/share/more_interfaces/cmake/more_interfaces__rosidl_typesupport_cExport.cmake
[2.452s] -- Up-to-date: /home/enrique/ros2_ws/install/more_interfaces/share/more_interfaces/cmake/more_interfaces__rosidl_typesupport_cExport-noconfig.cmake
[2.452s] -- Up-to-date: /home/enrique/ros2_ws/install/more_interfaces/share/more_interfaces/cmake/more_interfaces__rosidl_typesupport_introspection_cppExport.cmake
[2.453s] -- Up-to-date: /home/enrique/ros2_ws/install/more_interfaces/share/more_interfaces/cmake/more_interfaces__rosidl_typesupport_introspection_cppExport-noconfig.cmake
[2.453s] -- Up-to-date: /home/enrique/ros2_ws/install/more_interfaces/share/more_interfaces/cmake/more_interfaces__rosidl_typesupport_cppExport.cmake
[2.455s] -- Up-to-date: /home/enrique/ros2_ws/install/more_interfaces/share/more_interfaces/cmake/more_interfaces__rosidl_typesupport_cppExport-noconfig.cmake
[2.456s] -- Up-to-date: /home/enrique/ros2_ws/install/more_interfaces/share/more_interfaces/cmake/export_more_interfaces__rosidl_generator_pyExport.cmake
[2.456s] -- Up-to-date: /home/enrique/ros2_ws/install/more_interfaces/share/more_interfaces/cmake/export_more_interfaces__rosidl_generator_pyExport-noconfig.cmake
[2.458s] -- Up-to-date: /home/enrique/ros2_ws/install/more_interfaces/share/more_interfaces/cmake/rosidl_cmake-extras.cmake
[2.458s] -- Up-to-date: /home/enrique/ros2_ws/install/more_interfaces/share/more_interfaces/cmake/ament_cmake_export_dependencies-extras.cmake
[2.459s] -- Up-to-date: /home/enrique/ros2_ws/install/more_interfaces/share/more_interfaces/cmake/ament_cmake_export_include_directories-extras.cmake
[2.459s] -- Up-to-date: /home/enrique/ros2_ws/install/more_interfaces/share/more_interfaces/cmake/ament_cmake_export_libraries-extras.cmake
[2.459s] -- Up-to-date: /home/enrique/ros2_ws/install/more_interfaces/share/more_interfaces/cmake/ament_cmake_export_targets-extras.cmake
[2.460s] -- Up-to-date: /home/enrique/ros2_ws/install/more_interfaces/share/more_interfaces/cmake/rosidl_cmake_export_typesupport_targets-extras.cmake
[2.460s] -- Up-to-date: /home/enrique/ros2_ws/install/more_interfaces/share/more_interfaces/cmake/rosidl_cmake_export_typesupport_libraries-extras.cmake
[2.461s] -- Up-to-date: /home/enrique/ros2_ws/install/more_interfaces/share/more_interfaces/cmake/more_interfacesConfig.cmake
[2.461s] -- Up-to-date: /home/enrique/ros2_ws/install/more_interfaces/share/more_interfaces/cmake/more_interfacesConfig-version.cmake
[2.463s] -- Up-to-date: /home/enrique/ros2_ws/install/more_interfaces/share/more_interfaces/package.xml
[2.469s] Invoked command in '/home/enrique/ros2_ws/build/more_interfaces' returned '0': CMAKE_PREFIX_PATH=${CMAKE_PREFIX_PATH}:/home/enrique/ros2_ws/install/example_pkg:/opt/ros/humble /usr/bin/cmake --install /home/enrique/ros2_ws/build/more_interfaces
