[0.014s] Invoking command in '/home/enrique/ros2_ws/build/more_interfaces': CMAKE_PREFIX_PATH=/home/enrique/ros2_ws/install/example_pkg:/opt/ros/humble /usr/bin/cmake /home/enrique/ros2_ws/src/more_interfaces -DCMAKE_INSTALL_PREFIX=/home/enrique/ros2_ws/install/more_interfaces
[0.102s] -- The C compiler identification is GNU 11.4.0
[0.333s] -- The CXX compiler identification is GNU 11.4.0
[0.345s] -- Detecting C compiler ABI info
[0.452s] -- Detecting C compiler ABI info - done
[0.471s] -- Check for working C compiler: /usr/bin/cc - skipped
[0.471s] -- Detecting C compile features
[0.472s] -- Detecting C compile features - done
[0.480s] -- Detecting CXX compiler ABI info
[0.601s] -- Detecting CXX compiler ABI info - done
[0.617s] -- Check for working CXX compiler: /usr/bin/c++ - skipped
[0.618s] -- Detecting CXX compile features
[0.618s] -- Detecting CXX compile features - done
[0.622s] -- Found ament_cmake: 1.3.9 (/opt/ros/humble/share/ament_cmake/cmake)
[0.947s] -- Found Python3: /usr/bin/python3 (found version "3.10.12") found components: Interpreter 
[1.123s] -- Found geometry_msgs: 4.2.4 (/opt/ros/humble/share/geometry_msgs/cmake)
[1.193s] -- Found rosidl_generator_c: 3.1.5 (/opt/ros/humble/share/rosidl_generator_c/cmake)
[1.202s] -- Found rosidl_adapter: 3.1.5 (/opt/ros/humble/share/rosidl_adapter/cmake)
[1.218s] -- Found rosidl_generator_cpp: 3.1.5 (/opt/ros/humble/share/rosidl_generator_cpp/cmake)
[1.242s] -- Using all available rosidl_typesupport_c: rosidl_typesupport_fastrtps_c;rosidl_typesupport_introspection_c
[1.275s] -- Using all available rosidl_typesupport_cpp: rosidl_typesupport_fastrtps_cpp;rosidl_typesupport_introspection_cpp
[1.501s] [31mCMake Error at /opt/ros/humble/share/rosidl_cmake/cmake/rosidl_generate_interfaces.cmake:93 (message):
[1.501s]   rosidl_generate_interfaces() the passed file 'msg/Vector3Array.msg' doesn't
[1.501s]   exist relative to the CMAKE_CURRENT_SOURCE_DIR
[1.501s]   '/home/enrique/ros2_ws/src/more_interfaces'
[1.502s] Call Stack (most recent call first):
[1.502s]   CMakeLists.txt:15 (rosidl_generate_interfaces)
[1.502s] 
[1.502s] [0m
[1.502s] -- Configuring incomplete, errors occurred!
[1.502s] See also "/home/enrique/ros2_ws/build/more_interfaces/CMakeFiles/CMakeOutput.log".
[1.509s] Invoked command in '/home/enrique/ros2_ws/build/more_interfaces' returned '1': CMAKE_PREFIX_PATH=/home/enrique/ros2_ws/install/example_pkg:/opt/ros/humble /usr/bin/cmake /home/enrique/ros2_ws/src/more_interfaces -DCMAKE_INSTALL_PREFIX=/home/enrique/ros2_ws/install/more_interfaces
