[4.226s] Invoking command in '/home/enrique/ros2_ws/src/example_pkg': PYTHONPATH=/home/enrique/ros2_ws/build/example_pkg/prefix_override:/usr/lib/python3/dist-packages/colcon_core/task/python/colcon_distutils_commands:/home/enrique/ros2_ws/install/example_pkg/lib/python3.10/site-packages:${PYTHONPATH} /usr/bin/python3 -W ignore:setup.py install is deprecated setup.py egg_info --egg-base ../../build/example_pkg build --build-base /home/enrique/ros2_ws/build/example_pkg/build install --record /home/enrique/ros2_ws/build/example_pkg/install.log --single-version-externally-managed install_data
[6.141s] running egg_info
[6.144s] writing ../../build/example_pkg/example_pkg.egg-info/PKG-INFO
[6.145s] writing dependency_links to ../../build/example_pkg/example_pkg.egg-info/dependency_links.txt
[6.146s] writing entry points to ../../build/example_pkg/example_pkg.egg-info/entry_points.txt
[6.147s] writing requirements to ../../build/example_pkg/example_pkg.egg-info/requires.txt
[6.148s] writing top-level names to ../../build/example_pkg/example_pkg.egg-info/top_level.txt
[6.157s] reading manifest file '../../build/example_pkg/example_pkg.egg-info/SOURCES.txt'
[6.166s] writing manifest file '../../build/example_pkg/example_pkg.egg-info/SOURCES.txt'
[6.167s] running build
[6.167s] running build_py
[6.168s] copying example_pkg/publisherImage_node.py -> /home/enrique/ros2_ws/build/example_pkg/build/lib/example_pkg
[6.170s] running install
[6.171s] running install_lib
[6.178s] copying /home/enrique/ros2_ws/build/example_pkg/build/lib/example_pkg/publisherImage_node.py -> /home/enrique/ros2_ws/install/example_pkg/lib/python3.10/site-packages/example_pkg
[6.186s] byte-compiling /home/enrique/ros2_ws/install/example_pkg/lib/python3.10/site-packages/example_pkg/publisherImage_node.py to publisherImage_node.cpython-310.pyc
[6.189s] running install_data
[6.189s] running install_egg_info
[6.197s] removing '/home/enrique/ros2_ws/install/example_pkg/lib/python3.10/site-packages/example_pkg-0.0.0-py3.10.egg-info' (and everything under it)
[6.198s] Copying ../../build/example_pkg/example_pkg.egg-info to /home/enrique/ros2_ws/install/example_pkg/lib/python3.10/site-packages/example_pkg-0.0.0-py3.10.egg-info
[6.205s] running install_scripts
[6.334s] Installing test_node script to /home/enrique/ros2_ws/install/example_pkg/lib/example_pkg
[6.339s] writing list of installed files to '/home/enrique/ros2_ws/build/example_pkg/install.log'
[6.472s] Invoked command in '/home/enrique/ros2_ws/src/example_pkg' returned '0': PYTHONPATH=/home/enrique/ros2_ws/build/example_pkg/prefix_override:/usr/lib/python3/dist-packages/colcon_core/task/python/colcon_distutils_commands:/home/enrique/ros2_ws/install/example_pkg/lib/python3.10/site-packages:${PYTHONPATH} /usr/bin/python3 -W ignore:setup.py install is deprecated setup.py egg_info --egg-base ../../build/example_pkg build --build-base /home/enrique/ros2_ws/build/example_pkg/build install --record /home/enrique/ros2_ws/build/example_pkg/install.log --single-version-externally-managed install_data
