[0.019s] Invoking command in '/home/enrique/ros2_ws/build/more_interfaces': CMAKE_PREFIX_PATH=${CMAKE_PREFIX_PATH}:/home/enrique/ros2_ws/install/example_pkg:/opt/ros/humble /usr/bin/cmake --build /home/enrique/ros2_ws/build/more_interfaces -- -j8 -l8
[0.105s] [  2%] Built target more_interfaces__cpp
[0.105s] [ 12%] Built target more_interfaces__rosidl_generator_c
[0.129s] [ 12%] Built target ament_cmake_python_copy_more_interfaces
[0.167s] [ 33%] Built target more_interfaces__rosidl_typesupport_c
[0.167s] [ 33%] Built target more_interfaces__rosidl_typesupport_introspection_c
[0.176s] [ 43%] Built target more_interfaces__rosidl_typesupport_cpp
[0.182s] [ 53%] Built target more_interfaces__rosidl_typesupport_fastrtps_cpp
[0.183s] [ 64%] Built target more_interfaces__rosidl_typesupport_introspection_cpp
[0.190s] [ 74%] Built target more_interfaces__rosidl_typesupport_fastrtps_c
[0.229s] [ 74%] Built target more_interfaces
[0.279s] [ 76%] Built target more_interfaces__py
[0.337s] [ 84%] Built target more_interfaces__rosidl_generator_py
[0.394s] [ 94%] Built target more_interfaces__rosidl_typesupport_introspection_c__pyext
[0.396s] [ 94%] Built target more_interfaces__rosidl_typesupport_c__pyext
[0.397s] [100%] Built target more_interfaces__rosidl_typesupport_fastrtps_c__pyext
[0.649s] running egg_info
[0.651s] writing more_interfaces.egg-info/PKG-INFO
[0.651s] writing dependency_links to more_interfaces.egg-info/dependency_links.txt
[0.651s] writing top-level names to more_interfaces.egg-info/top_level.txt
[0.654s] reading manifest file 'more_interfaces.egg-info/SOURCES.txt'
[0.655s] writing manifest file 'more_interfaces.egg-info/SOURCES.txt'
[0.696s] [100%] Built target ament_cmake_python_build_more_interfaces_egg
[0.716s] Invoked command in '/home/enrique/ros2_ws/build/more_interfaces' returned '0': CMAKE_PREFIX_PATH=${CMAKE_PREFIX_PATH}:/home/enrique/ros2_ws/install/example_pkg:/opt/ros/humble /usr/bin/cmake --build /home/enrique/ros2_ws/build/more_interfaces -- -j8 -l8
[0.862s] Invoking command in '/home/enrique/ros2_ws/build/more_interfaces': CMAKE_PREFIX_PATH=${CMAKE_PREFIX_PATH}:/home/enrique/ros2_ws/install/example_pkg:/opt/ros/humble /usr/bin/cmake --install /home/enrique/ros2_ws/build/more_interfaces
[0.874s] -- Install configuration: ""
[0.875s] -- Up-to-date: /home/enrique/ros2_ws/install/more_interfaces/share/ament_index/resource_index/rosidl_interfaces/more_interfaces
[0.875s] -- Up-to-date: /home/enrique/ros2_ws/install/more_interfaces/include/more_interfaces/more_interfaces
[0.875s] -- Up-to-date: /home/enrique/ros2_ws/install/more_interfaces/include/more_interfaces/more_interfaces/msg
[0.875s] -- Up-to-date: /home/enrique/ros2_ws/install/more_interfaces/include/more_interfaces/more_interfaces/msg/point_array.h
[0.876s] -- Up-to-date: /home/enrique/ros2_ws/install/more_interfaces/include/more_interfaces/more_interfaces/msg/rosidl_generator_c__visibility_control.h
[0.876s] -- Up-to-date: /home/enrique/ros2_ws/install/more_interfaces/include/more_interfaces/more_interfaces/msg/detail
[0.876s] -- Up-to-date: /home/enrique/ros2_ws/install/more_interfaces/include/more_interfaces/more_interfaces/msg/detail/point_array__functions.h
[0.876s] -- Up-to-date: /home/enrique/ros2_ws/install/more_interfaces/include/more_interfaces/more_interfaces/msg/detail/vector3_array__functions.c
[0.877s] -- Up-to-date: /home/enrique/ros2_ws/install/more_interfaces/include/more_interfaces/more_interfaces/msg/detail/point_array__functions.c
[0.877s] -- Up-to-date: /home/enrique/ros2_ws/install/more_interfaces/include/more_interfaces/more_interfaces/msg/detail/vector3_array__type_support.h
[0.877s] -- Up-to-date: /home/enrique/ros2_ws/install/more_interfaces/include/more_interfaces/more_interfaces/msg/detail/point_array__struct.h
[0.878s] -- Up-to-date: /home/enrique/ros2_ws/install/more_interfaces/include/more_interfaces/more_interfaces/msg/detail/vector3_array__struct.h
[0.878s] -- Up-to-date: /home/enrique/ros2_ws/install/more_interfaces/include/more_interfaces/more_interfaces/msg/detail/point_array__type_support.h
[0.878s] -- Up-to-date: /home/enrique/ros2_ws/install/more_interfaces/include/more_interfaces/more_interfaces/msg/detail/vector3_array__functions.h
[0.878s] -- Up-to-date: /home/enrique/ros2_ws/install/more_interfaces/include/more_interfaces/more_interfaces/msg/vector3_array.h
[0.879s] -- Up-to-date: /home/enrique/ros2_ws/install/more_interfaces/share/more_interfaces/environment/library_path.sh
[0.879s] -- Up-to-date: /home/enrique/ros2_ws/install/more_interfaces/share/more_interfaces/environment/library_path.dsv
[0.879s] -- Up-to-date: /home/enrique/ros2_ws/install/more_interfaces/lib/libmore_interfaces__rosidl_generator_c.so
[0.879s] -- Up-to-date: /home/enrique/ros2_ws/install/more_interfaces/include/more_interfaces/more_interfaces
[0.879s] -- Up-to-date: /home/enrique/ros2_ws/install/more_interfaces/include/more_interfaces/more_interfaces/msg
[0.880s] -- Up-to-date: /home/enrique/ros2_ws/install/more_interfaces/include/more_interfaces/more_interfaces/msg/rosidl_typesupport_fastrtps_c__visibility_control.h
[0.880s] -- Up-to-date: /home/enrique/ros2_ws/install/more_interfaces/include/more_interfaces/more_interfaces/msg/detail
[0.880s] -- Up-to-date: /home/enrique/ros2_ws/install/more_interfaces/include/more_interfaces/more_interfaces/msg/detail/vector3_array__rosidl_typesupport_fastrtps_c.h
[0.880s] -- Up-to-date: /home/enrique/ros2_ws/install/more_interfaces/include/more_interfaces/more_interfaces/msg/detail/point_array__rosidl_typesupport_fastrtps_c.h
[0.880s] -- Up-to-date: /home/enrique/ros2_ws/install/more_interfaces/lib/libmore_interfaces__rosidl_typesupport_fastrtps_c.so
[0.880s] -- Up-to-date: /home/enrique/ros2_ws/install/more_interfaces/include/more_interfaces/more_interfaces
[0.881s] -- Up-to-date: /home/enrique/ros2_ws/install/more_interfaces/include/more_interfaces/more_interfaces/msg
[0.881s] -- Up-to-date: /home/enrique/ros2_ws/install/more_interfaces/include/more_interfaces/more_interfaces/msg/detail
[0.881s] -- Up-to-date: /home/enrique/ros2_ws/install/more_interfaces/include/more_interfaces/more_interfaces/msg/detail/vector3_array__struct.hpp
[0.881s] -- Up-to-date: /home/enrique/ros2_ws/install/more_interfaces/include/more_interfaces/more_interfaces/msg/detail/vector3_array__traits.hpp
[0.881s] -- Up-to-date: /home/enrique/ros2_ws/install/more_interfaces/include/more_interfaces/more_interfaces/msg/detail/point_array__builder.hpp
[0.881s] -- Up-to-date: /home/enrique/ros2_ws/install/more_interfaces/include/more_interfaces/more_interfaces/msg/detail/vector3_array__builder.hpp
[0.881s] -- Up-to-date: /home/enrique/ros2_ws/install/more_interfaces/include/more_interfaces/more_interfaces/msg/detail/point_array__traits.hpp
[0.881s] -- Up-to-date: /home/enrique/ros2_ws/install/more_interfaces/include/more_interfaces/more_interfaces/msg/detail/point_array__struct.hpp
[0.881s] -- Up-to-date: /home/enrique/ros2_ws/install/more_interfaces/include/more_interfaces/more_interfaces/msg/vector3_array.hpp
[0.882s] -- Up-to-date: /home/enrique/ros2_ws/install/more_interfaces/include/more_interfaces/more_interfaces/msg/point_array.hpp
[0.882s] -- Up-to-date: /home/enrique/ros2_ws/install/more_interfaces/include/more_interfaces/more_interfaces
[0.882s] -- Up-to-date: /home/enrique/ros2_ws/install/more_interfaces/include/more_interfaces/more_interfaces/msg
[0.882s] -- Up-to-date: /home/enrique/ros2_ws/install/more_interfaces/include/more_interfaces/more_interfaces/msg/rosidl_typesupport_fastrtps_cpp__visibility_control.h
[0.882s] -- Up-to-date: /home/enrique/ros2_ws/install/more_interfaces/include/more_interfaces/more_interfaces/msg/detail
[0.883s] -- Up-to-date: /home/enrique/ros2_ws/install/more_interfaces/include/more_interfaces/more_interfaces/msg/detail/dds_fastrtps
[0.883s] -- Up-to-date: /home/enrique/ros2_ws/install/more_interfaces/include/more_interfaces/more_interfaces/msg/detail/vector3_array__rosidl_typesupport_fastrtps_cpp.hpp
[0.883s] -- Up-to-date: /home/enrique/ros2_ws/install/more_interfaces/include/more_interfaces/more_interfaces/msg/detail/point_array__rosidl_typesupport_fastrtps_cpp.hpp
[0.883s] -- Up-to-date: /home/enrique/ros2_ws/install/more_interfaces/lib/libmore_interfaces__rosidl_typesupport_fastrtps_cpp.so
[0.884s] -- Up-to-date: /home/enrique/ros2_ws/install/more_interfaces/include/more_interfaces/more_interfaces
[0.884s] -- Up-to-date: /home/enrique/ros2_ws/install/more_interfaces/include/more_interfaces/more_interfaces/msg
[0.884s] -- Up-to-date: /home/enrique/ros2_ws/install/more_interfaces/include/more_interfaces/more_interfaces/msg/rosidl_typesupport_introspection_c__visibility_control.h
[0.884s] -- Up-to-date: /home/enrique/ros2_ws/install/more_interfaces/include/more_interfaces/more_interfaces/msg/detail
[0.885s] -- Up-to-date: /home/enrique/ros2_ws/install/more_interfaces/include/more_interfaces/more_interfaces/msg/detail/point_array__type_support.c
[0.885s] -- Up-to-date: /home/enrique/ros2_ws/install/more_interfaces/include/more_interfaces/more_interfaces/msg/detail/vector3_array__rosidl_typesupport_introspection_c.h
[0.885s] -- Up-to-date: /home/enrique/ros2_ws/install/more_interfaces/include/more_interfaces/more_interfaces/msg/detail/point_array__rosidl_typesupport_introspection_c.h
[0.885s] -- Up-to-date: /home/enrique/ros2_ws/install/more_interfaces/include/more_interfaces/more_interfaces/msg/detail/vector3_array__type_support.c
[0.885s] -- Up-to-date: /home/enrique/ros2_ws/install/more_interfaces/lib/libmore_interfaces__rosidl_typesupport_introspection_c.so
[0.886s] -- Up-to-date: /home/enrique/ros2_ws/install/more_interfaces/lib/libmore_interfaces__rosidl_typesupport_c.so
[0.886s] -- Up-to-date: /home/enrique/ros2_ws/install/more_interfaces/include/more_interfaces/more_interfaces
[0.886s] -- Up-to-date: /home/enrique/ros2_ws/install/more_interfaces/include/more_interfaces/more_interfaces/msg
[0.886s] -- Up-to-date: /home/enrique/ros2_ws/install/more_interfaces/include/more_interfaces/more_interfaces/msg/detail
[0.886s] -- Up-to-date: /home/enrique/ros2_ws/install/more_interfaces/include/more_interfaces/more_interfaces/msg/detail/point_array__type_support.cpp
[0.887s] -- Up-to-date: /home/enrique/ros2_ws/install/more_interfaces/include/more_interfaces/more_interfaces/msg/detail/point_array__rosidl_typesupport_introspection_cpp.hpp
[0.887s] -- Up-to-date: /home/enrique/ros2_ws/install/more_interfaces/include/more_interfaces/more_interfaces/msg/detail/vector3_array__type_support.cpp
[0.887s] -- Up-to-date: /home/enrique/ros2_ws/install/more_interfaces/include/more_interfaces/more_interfaces/msg/detail/vector3_array__rosidl_typesupport_introspection_cpp.hpp
[0.887s] -- Up-to-date: /home/enrique/ros2_ws/install/more_interfaces/lib/libmore_interfaces__rosidl_typesupport_introspection_cpp.so
[0.887s] -- Up-to-date: /home/enrique/ros2_ws/install/more_interfaces/lib/libmore_interfaces__rosidl_typesupport_cpp.so
[0.888s] -- Up-to-date: /home/enrique/ros2_ws/install/more_interfaces/share/more_interfaces/environment/pythonpath.sh
[0.888s] -- Up-to-date: /home/enrique/ros2_ws/install/more_interfaces/share/more_interfaces/environment/pythonpath.dsv
[0.888s] -- Up-to-date: /home/enrique/ros2_ws/install/more_interfaces/local/lib/python3.10/dist-packages/more_interfaces-0.0.0-py3.10.egg-info
[0.888s] -- Installing: /home/enrique/ros2_ws/install/more_interfaces/local/lib/python3.10/dist-packages/more_interfaces-0.0.0-py3.10.egg-info/PKG-INFO
[0.888s] -- Installing: /home/enrique/ros2_ws/install/more_interfaces/local/lib/python3.10/dist-packages/more_interfaces-0.0.0-py3.10.egg-info/SOURCES.txt
[0.888s] -- Installing: /home/enrique/ros2_ws/install/more_interfaces/local/lib/python3.10/dist-packages/more_interfaces-0.0.0-py3.10.egg-info/top_level.txt
[0.889s] -- Installing: /home/enrique/ros2_ws/install/more_interfaces/local/lib/python3.10/dist-packages/more_interfaces-0.0.0-py3.10.egg-info/dependency_links.txt
[0.889s] -- Up-to-date: /home/enrique/ros2_ws/install/more_interfaces/local/lib/python3.10/dist-packages/more_interfaces
[0.889s] -- Up-to-date: /home/enrique/ros2_ws/install/more_interfaces/local/lib/python3.10/dist-packages/more_interfaces/msg
[0.889s] -- Up-to-date: /home/enrique/ros2_ws/install/more_interfaces/local/lib/python3.10/dist-packages/more_interfaces/msg/_point_array_s.c
[0.889s] -- Up-to-date: /home/enrique/ros2_ws/install/more_interfaces/local/lib/python3.10/dist-packages/more_interfaces/msg/_point_array.py
[0.890s] -- Up-to-date: /home/enrique/ros2_ws/install/more_interfaces/local/lib/python3.10/dist-packages/more_interfaces/msg/__init__.py
[0.890s] -- Up-to-date: /home/enrique/ros2_ws/install/more_interfaces/local/lib/python3.10/dist-packages/more_interfaces/msg/_vector3_array_s.c
[0.890s] -- Up-to-date: /home/enrique/ros2_ws/install/more_interfaces/local/lib/python3.10/dist-packages/more_interfaces/msg/_vector3_array.py
[0.890s] -- Up-to-date: /home/enrique/ros2_ws/install/more_interfaces/local/lib/python3.10/dist-packages/more_interfaces/_more_interfaces_s.ep.rosidl_typesupport_introspection_c.c
[0.890s] -- Up-to-date: /home/enrique/ros2_ws/install/more_interfaces/local/lib/python3.10/dist-packages/more_interfaces/more_interfaces_s__rosidl_typesupport_c.cpython-310-x86_64-linux-gnu.so
[0.891s] -- Up-to-date: /home/enrique/ros2_ws/install/more_interfaces/local/lib/python3.10/dist-packages/more_interfaces/__init__.py
[0.891s] -- Up-to-date: /home/enrique/ros2_ws/install/more_interfaces/local/lib/python3.10/dist-packages/more_interfaces/more_interfaces_s__rosidl_typesupport_introspection_c.cpython-310-x86_64-linux-gnu.so
[0.891s] -- Up-to-date: /home/enrique/ros2_ws/install/more_interfaces/local/lib/python3.10/dist-packages/more_interfaces/_more_interfaces_s.ep.rosidl_typesupport_fastrtps_c.c
[0.891s] -- Up-to-date: /home/enrique/ros2_ws/install/more_interfaces/local/lib/python3.10/dist-packages/more_interfaces/more_interfaces_s__rosidl_typesupport_fastrtps_c.cpython-310-x86_64-linux-gnu.so
[0.891s] -- Up-to-date: /home/enrique/ros2_ws/install/more_interfaces/local/lib/python3.10/dist-packages/more_interfaces/libmore_interfaces__rosidl_generator_py.so
[0.892s] -- Up-to-date: /home/enrique/ros2_ws/install/more_interfaces/local/lib/python3.10/dist-packages/more_interfaces/_more_interfaces_s.ep.rosidl_typesupport_c.c
[0.935s] Listing '/home/enrique/ros2_ws/install/more_interfaces/local/lib/python3.10/dist-packages/more_interfaces'...
[0.935s] Listing '/home/enrique/ros2_ws/install/more_interfaces/local/lib/python3.10/dist-packages/more_interfaces/msg'...
[0.942s] -- Up-to-date: /home/enrique/ros2_ws/install/more_interfaces/local/lib/python3.10/dist-packages/more_interfaces/more_interfaces_s__rosidl_typesupport_fastrtps_c.cpython-310-x86_64-linux-gnu.so
[0.943s] -- Up-to-date: /home/enrique/ros2_ws/install/more_interfaces/local/lib/python3.10/dist-packages/more_interfaces/more_interfaces_s__rosidl_typesupport_introspection_c.cpython-310-x86_64-linux-gnu.so
[0.943s] -- Up-to-date: /home/enrique/ros2_ws/install/more_interfaces/local/lib/python3.10/dist-packages/more_interfaces/more_interfaces_s__rosidl_typesupport_c.cpython-310-x86_64-linux-gnu.so
[0.944s] -- Up-to-date: /home/enrique/ros2_ws/install/more_interfaces/lib/libmore_interfaces__rosidl_generator_py.so
[0.944s] -- Up-to-date: /home/enrique/ros2_ws/install/more_interfaces/share/more_interfaces/msg/PointArray.idl
[0.945s] -- Up-to-date: /home/enrique/ros2_ws/install/more_interfaces/share/more_interfaces/msg/Vector3Array.idl
[0.945s] -- Up-to-date: /home/enrique/ros2_ws/install/more_interfaces/share/more_interfaces/msg/PointArray.msg
[0.945s] -- Up-to-date: /home/enrique/ros2_ws/install/more_interfaces/share/more_interfaces/msg/Vector3Array.msg
[0.945s] -- Up-to-date: /home/enrique/ros2_ws/install/more_interfaces/share/ament_index/resource_index/package_run_dependencies/more_interfaces
[0.946s] -- Up-to-date: /home/enrique/ros2_ws/install/more_interfaces/share/ament_index/resource_index/parent_prefix_path/more_interfaces
[0.946s] -- Up-to-date: /home/enrique/ros2_ws/install/more_interfaces/share/more_interfaces/environment/ament_prefix_path.sh
[0.946s] -- Up-to-date: /home/enrique/ros2_ws/install/more_interfaces/share/more_interfaces/environment/ament_prefix_path.dsv
[0.946s] -- Up-to-date: /home/enrique/ros2_ws/install/more_interfaces/share/more_interfaces/environment/path.sh
[0.947s] -- Up-to-date: /home/enrique/ros2_ws/install/more_interfaces/share/more_interfaces/environment/path.dsv
[0.947s] -- Up-to-date: /home/enrique/ros2_ws/install/more_interfaces/share/more_interfaces/local_setup.bash
[0.947s] -- Up-to-date: /home/enrique/ros2_ws/install/more_interfaces/share/more_interfaces/local_setup.sh
[0.947s] -- Up-to-date: /home/enrique/ros2_ws/install/more_interfaces/share/more_interfaces/local_setup.zsh
[0.948s] -- Up-to-date: /home/enrique/ros2_ws/install/more_interfaces/share/more_interfaces/local_setup.dsv
[0.948s] -- Installing: /home/enrique/ros2_ws/install/more_interfaces/share/more_interfaces/package.dsv
[0.948s] -- Up-to-date: /home/enrique/ros2_ws/install/more_interfaces/share/ament_index/resource_index/packages/more_interfaces
[0.948s] -- Up-to-date: /home/enrique/ros2_ws/install/more_interfaces/share/more_interfaces/cmake/export_more_interfaces__rosidl_generator_cExport.cmake
[0.948s] -- Up-to-date: /home/enrique/ros2_ws/install/more_interfaces/share/more_interfaces/cmake/export_more_interfaces__rosidl_generator_cExport-noconfig.cmake
[0.949s] -- Up-to-date: /home/enrique/ros2_ws/install/more_interfaces/share/more_interfaces/cmake/export_more_interfaces__rosidl_typesupport_fastrtps_cExport.cmake
[0.949s] -- Up-to-date: /home/enrique/ros2_ws/install/more_interfaces/share/more_interfaces/cmake/export_more_interfaces__rosidl_typesupport_fastrtps_cExport-noconfig.cmake
[0.949s] -- Up-to-date: /home/enrique/ros2_ws/install/more_interfaces/share/more_interfaces/cmake/export_more_interfaces__rosidl_generator_cppExport.cmake
[0.949s] -- Up-to-date: /home/enrique/ros2_ws/install/more_interfaces/share/more_interfaces/cmake/export_more_interfaces__rosidl_typesupport_fastrtps_cppExport.cmake
[0.949s] -- Up-to-date: /home/enrique/ros2_ws/install/more_interfaces/share/more_interfaces/cmake/export_more_interfaces__rosidl_typesupport_fastrtps_cppExport-noconfig.cmake
[0.950s] -- Up-to-date: /home/enrique/ros2_ws/install/more_interfaces/share/more_interfaces/cmake/more_interfaces__rosidl_typesupport_introspection_cExport.cmake
[0.950s] -- Up-to-date: /home/enrique/ros2_ws/install/more_interfaces/share/more_interfaces/cmake/more_interfaces__rosidl_typesupport_introspection_cExport-noconfig.cmake
[0.950s] -- Up-to-date: /home/enrique/ros2_ws/install/more_interfaces/share/more_interfaces/cmake/more_interfaces__rosidl_typesupport_cExport.cmake
[0.951s] -- Up-to-date: /home/enrique/ros2_ws/install/more_interfaces/share/more_interfaces/cmake/more_interfaces__rosidl_typesupport_cExport-noconfig.cmake
[0.951s] -- Up-to-date: /home/enrique/ros2_ws/install/more_interfaces/share/more_interfaces/cmake/more_interfaces__rosidl_typesupport_introspection_cppExport.cmake
[0.952s] -- Up-to-date: /home/enrique/ros2_ws/install/more_interfaces/share/more_interfaces/cmake/more_interfaces__rosidl_typesupport_introspection_cppExport-noconfig.cmake
[0.952s] -- Up-to-date: /home/enrique/ros2_ws/install/more_interfaces/share/more_interfaces/cmake/more_interfaces__rosidl_typesupport_cppExport.cmake
[0.953s] -- Up-to-date: /home/enrique/ros2_ws/install/more_interfaces/share/more_interfaces/cmake/more_interfaces__rosidl_typesupport_cppExport-noconfig.cmake
[0.953s] -- Up-to-date: /home/enrique/ros2_ws/install/more_interfaces/share/more_interfaces/cmake/export_more_interfaces__rosidl_generator_pyExport.cmake
[0.954s] -- Up-to-date: /home/enrique/ros2_ws/install/more_interfaces/share/more_interfaces/cmake/export_more_interfaces__rosidl_generator_pyExport-noconfig.cmake
[0.954s] -- Up-to-date: /home/enrique/ros2_ws/install/more_interfaces/share/more_interfaces/cmake/rosidl_cmake-extras.cmake
[0.954s] -- Up-to-date: /home/enrique/ros2_ws/install/more_interfaces/share/more_interfaces/cmake/ament_cmake_export_dependencies-extras.cmake
[0.955s] -- Up-to-date: /home/enrique/ros2_ws/install/more_interfaces/share/more_interfaces/cmake/ament_cmake_export_include_directories-extras.cmake
[0.955s] -- Up-to-date: /home/enrique/ros2_ws/install/more_interfaces/share/more_interfaces/cmake/ament_cmake_export_libraries-extras.cmake
[0.955s] -- Up-to-date: /home/enrique/ros2_ws/install/more_interfaces/share/more_interfaces/cmake/ament_cmake_export_targets-extras.cmake
[0.956s] -- Up-to-date: /home/enrique/ros2_ws/install/more_interfaces/share/more_interfaces/cmake/rosidl_cmake_export_typesupport_targets-extras.cmake
[0.956s] -- Up-to-date: /home/enrique/ros2_ws/install/more_interfaces/share/more_interfaces/cmake/rosidl_cmake_export_typesupport_libraries-extras.cmake
[0.956s] -- Up-to-date: /home/enrique/ros2_ws/install/more_interfaces/share/more_interfaces/cmake/more_interfacesConfig.cmake
[0.957s] -- Up-to-date: /home/enrique/ros2_ws/install/more_interfaces/share/more_interfaces/cmake/more_interfacesConfig-version.cmake
[0.957s] -- Up-to-date: /home/enrique/ros2_ws/install/more_interfaces/share/more_interfaces/package.xml
[0.958s] Invoked command in '/home/enrique/ros2_ws/build/more_interfaces' returned '0': CMAKE_PREFIX_PATH=${CMAKE_PREFIX_PATH}:/home/enrique/ros2_ws/install/example_pkg:/opt/ros/humble /usr/bin/cmake --install /home/enrique/ros2_ws/build/more_interfaces
