In file included from [01m[K/home/enrique/ros2_ws/build/more_interfaces/rosidl_generator_c/more_interfaces/msg/detail/point_array__functions.h:19[m[K,
                 from [01m[K/home/enrique/ros2_ws/build/more_interfaces/rosidl_generator_c/more_interfaces/msg/detail/point_array__functions.c:4[m[K:
[01m[K/home/enrique/ros2_ws/build/more_interfaces/rosidl_generator_c/more_interfaces/msg/detail/point_array__struct.h:22:10:[m[K [01;31m[Kfatal error: [m[Kgeometry_msgs/msg/detail/point__struct.h: No such file or directory
   22 | #include [01;31m[K"geometry_msgs/msg/detail/point__struct.h"[m[K
      |          [01;31m[K^~~~~~~~~~~~~~~~~~~~~~~~~~~~~~~~~~~~~~~~~~[m[K
compilation terminated.
gmake[2]: *** [CMakeFiles/more_interfaces__rosidl_generator_c.dir/build.make:105: CMakeFiles/more_interfaces__rosidl_generator_c.dir/rosidl_generator_c/more_interfaces/msg/detail/point_array__functions.c.o] Error 1
gmake[1]: *** [CMakeFiles/Makefile2:185: CMakeFiles/more_interfaces__rosidl_generator_c.dir/all] Error 2
gmake[1]: *** Waiting for unfinished jobs....
In file included from [01m[K/home/enrique/ros2_ws/build/more_interfaces/rosidl_typesupport_cpp/more_interfaces/msg/point_array__type_support.cpp:7[m[K:
[01m[K/home/enrique/ros2_ws/build/more_interfaces/rosidl_generator_cpp/more_interfaces/msg/detail/point_array__struct.hpp:20:10:[m[K [01;31m[Kfatal error: [m[Kgeometry_msgs/msg/detail/point__struct.hpp: No such file or directory
   20 | #include [01;31m[K"geometry_msgs/msg/detail/point__struct.hpp"[m[K
      |          [01;31m[K^~~~~~~~~~~~~~~~~~~~~~~~~~~~~~~~~~~~~~~~~~~~[m[K
compilation terminated.
gmake[2]: *** [CMakeFiles/more_interfaces__rosidl_typesupport_cpp.dir/build.make:86: CMakeFiles/more_interfaces__rosidl_typesupport_cpp.dir/rosidl_typesupport_cpp/more_interfaces/msg/point_array__type_support.cpp.o] Error 1
gmake[1]: *** [CMakeFiles/Makefile2:367: CMakeFiles/more_interfaces__rosidl_typesupport_cpp.dir/all] Error 2
In file included from [01m[K/home/enrique/ros2_ws/build/more_interfaces/rosidl_typesupport_fastrtps_cpp/more_interfaces/msg/detail/point_array__rosidl_typesupport_fastrtps_cpp.hpp:11[m[K,
                 from [01m[K/home/enrique/ros2_ws/build/more_interfaces/rosidl_typesupport_fastrtps_cpp/more_interfaces/msg/detail/dds_fastrtps/point_array__type_support.cpp:4[m[K:
[01m[K/home/enrique/ros2_ws/build/more_interfaces/rosidl_generator_cpp/more_interfaces/msg/detail/point_array__struct.hpp:20:10:[m[K [01;31m[Kfatal error: [m[Kgeometry_msgs/msg/detail/point__struct.hpp: No such file or directory
   20 | #include [01;31m[K"geometry_msgs/msg/detail/point__struct.hpp"[m[K
      |          [01;31m[K^~~~~~~~~~~~~~~~~~~~~~~~~~~~~~~~~~~~~~~~~~~~[m[K
compilation terminated.
In file included from [01m[K/home/enrique/ros2_ws/build/more_interfaces/rosidl_typesupport_introspection_cpp/more_interfaces/msg/detail/point_array__type_support.cpp:12[m[K:
[01m[K/home/enrique/ros2_ws/build/more_interfaces/rosidl_generator_cpp/more_interfaces/msg/detail/point_array__struct.hpp:20:10:[m[K [01;31m[Kfatal error: [m[Kgeometry_msgs/msg/detail/point__struct.hpp: No such file or directory
   20 | #include [01;31m[K"geometry_msgs/msg/detail/point__struct.hpp"[m[K
      |          [01;31m[K^~~~~~~~~~~~~~~~~~~~~~~~~~~~~~~~~~~~~~~~~~~~[m[K
compilation terminated.
gmake[2]: *** [CMakeFiles/more_interfaces__rosidl_typesupport_fastrtps_cpp.dir/build.make:91: CMakeFiles/more_interfaces__rosidl_typesupport_fastrtps_cpp.dir/rosidl_typesupport_fastrtps_cpp/more_interfaces/msg/detail/dds_fastrtps/point_array__type_support.cpp.o] Error 1
gmake[1]: *** [CMakeFiles/Makefile2:263: CMakeFiles/more_interfaces__rosidl_typesupport_fastrtps_cpp.dir/all] Error 2
gmake[2]: *** [CMakeFiles/more_interfaces__rosidl_typesupport_introspection_cpp.dir/build.make:91: CMakeFiles/more_interfaces__rosidl_typesupport_introspection_cpp.dir/rosidl_typesupport_introspection_cpp/more_interfaces/msg/detail/point_array__type_support.cpp.o] Error 1
gmake[1]: *** [CMakeFiles/Makefile2:341: CMakeFiles/more_interfaces__rosidl_typesupport_introspection_cpp.dir/all] Error 2
gmake: *** [Makefile:146: all] Error 2
