[0.014s] Invoking command in '/home/enrique/ros2_ws/build/more_interfaces': CMAKE_PREFIX_PATH=/home/enrique/ros2_ws/install/example_pkg:/opt/ros/humble /usr/bin/cmake /home/enrique/ros2_ws/src/more_interfaces -DCMAKE_INSTALL_PREFIX=/home/enrique/ros2_ws/install/more_interfaces
[0.035s] -- Found ament_cmake: 1.3.9 (/opt/ros/humble/share/ament_cmake/cmake)
[0.383s] -- Found geometry_msgs: 4.2.4 (/opt/ros/humble/share/geometry_msgs/cmake)
[0.430s] -- Found rosidl_generator_c: 3.1.5 (/opt/ros/humble/share/rosidl_generator_c/cmake)
[0.435s] -- Found rosidl_adapter: 3.1.5 (/opt/ros/humble/share/rosidl_adapter/cmake)
[0.445s] -- Found rosidl_generator_cpp: 3.1.5 (/opt/ros/humble/share/rosidl_generator_cpp/cmake)
[0.464s] -- Using all available rosidl_typesupport_c: rosidl_typesupport_fastrtps_c;rosidl_typesupport_introspection_c
[0.500s] -- Using all available rosidl_typesupport_cpp: rosidl_typesupport_fastrtps_cpp;rosidl_typesupport_introspection_cpp
[1.245s] -- Found ament_cmake_ros: 0.10.0 (/opt/ros/humble/share/ament_cmake_ros/cmake)
[2.027s] -- Using all available rosidl_typesupport_c: rosidl_typesupport_fastrtps_c;rosidl_typesupport_introspection_c
[2.443s] -- Using all available rosidl_typesupport_cpp: rosidl_typesupport_fastrtps_cpp;rosidl_typesupport_introspection_cpp
[2.449s] -- Found ament_lint_auto: 0.12.11 (/opt/ros/humble/share/ament_lint_auto/cmake)
[2.520s] -- Added test 'lint_cmake' to check CMake code style
[2.526s] -- Added test 'xmllint' to check XML markup files
[2.536s] -- Configuring done
[2.593s] -- Generating done
[2.597s] -- Build files have been written to: /home/enrique/ros2_ws/build/more_interfaces
[2.606s] Invoked command in '/home/enrique/ros2_ws/build/more_interfaces' returned '0': CMAKE_PREFIX_PATH=/home/enrique/ros2_ws/install/example_pkg:/opt/ros/humble /usr/bin/cmake /home/enrique/ros2_ws/src/more_interfaces -DCMAKE_INSTALL_PREFIX=/home/enrique/ros2_ws/install/more_interfaces
[2.610s] Invoking command in '/home/enrique/ros2_ws/build/more_interfaces': CMAKE_PREFIX_PATH=/home/enrique/ros2_ws/install/example_pkg:/opt/ros/humble /usr/bin/cmake --build /home/enrique/ros2_ws/build/more_interfaces -- -j8 -l8
[2.669s] [  4%] [34m[1mGenerating C code for ROS interfaces[0m
[2.685s] [  9%] [34m[1mGenerating C++ code for ROS interfaces[0m
[3.066s] [  9%] Built target more_interfaces__cpp
[3.076s] [ 13%] [32mBuilding C object CMakeFiles/more_interfaces__rosidl_generator_c.dir/rosidl_generator_c/more_interfaces/msg/detail/point_array__functions.c.o[0m
[3.082s] [ 27%] [34m[1mGenerating C++ type support dispatch for ROS interfaces[0m
[3.083s] [ 27%] [34m[1mGenerating C++ introspection for ROS interfaces[0m
[3.083s] [ 27%] [34m[1mGenerating C++ type support for eProsima Fast-RTPS[0m
[3.109s] In file included from [01m[K/home/enrique/ros2_ws/build/more_interfaces/rosidl_generator_c/more_interfaces/msg/detail/point_array__functions.h:19[m[K,
[3.109s]                  from [01m[K/home/enrique/ros2_ws/build/more_interfaces/rosidl_generator_c/more_interfaces/msg/detail/point_array__functions.c:4[m[K:
[3.109s] [01m[K/home/enrique/ros2_ws/build/more_interfaces/rosidl_generator_c/more_interfaces/msg/detail/point_array__struct.h:22:10:[m[K [01;31m[Kfatal error: [m[Kgeometry_msgs/msg/detail/point__struct.h: No such file or directory
[3.110s]    22 | #include [01;31m[K"geometry_msgs/msg/detail/point__struct.h"[m[K
[3.110s]       |          [01;31m[K^~~~~~~~~~~~~~~~~~~~~~~~~~~~~~~~~~~~~~~~~~[m[K
[3.110s] compilation terminated.
[3.110s] gmake[2]: *** [CMakeFiles/more_interfaces__rosidl_generator_c.dir/build.make:105: CMakeFiles/more_interfaces__rosidl_generator_c.dir/rosidl_generator_c/more_interfaces/msg/detail/point_array__functions.c.o] Error 1
[3.110s] gmake[1]: *** [CMakeFiles/Makefile2:185: CMakeFiles/more_interfaces__rosidl_generator_c.dir/all] Error 2
[3.111s] gmake[1]: *** Waiting for unfinished jobs....
[3.415s] [ 31%] [32mBuilding CXX object CMakeFiles/more_interfaces__rosidl_typesupport_cpp.dir/rosidl_typesupport_cpp/more_interfaces/msg/point_array__type_support.cpp.o[0m
[3.482s] [ 36%] [32mBuilding CXX object CMakeFiles/more_interfaces__rosidl_typesupport_introspection_cpp.dir/rosidl_typesupport_introspection_cpp/more_interfaces/msg/detail/point_array__type_support.cpp.o[0m
[3.499s] [ 40%] [32mBuilding CXX object CMakeFiles/more_interfaces__rosidl_typesupport_fastrtps_cpp.dir/rosidl_typesupport_fastrtps_cpp/more_interfaces/msg/detail/dds_fastrtps/point_array__type_support.cpp.o[0m
[3.553s] In file included from [01m[K/home/enrique/ros2_ws/build/more_interfaces/rosidl_typesupport_cpp/more_interfaces/msg/point_array__type_support.cpp:7[m[K:
[3.553s] [01m[K/home/enrique/ros2_ws/build/more_interfaces/rosidl_generator_cpp/more_interfaces/msg/detail/point_array__struct.hpp:20:10:[m[K [01;31m[Kfatal error: [m[Kgeometry_msgs/msg/detail/point__struct.hpp: No such file or directory
[3.554s]    20 | #include [01;31m[K"geometry_msgs/msg/detail/point__struct.hpp"[m[K
[3.554s]       |          [01;31m[K^~~~~~~~~~~~~~~~~~~~~~~~~~~~~~~~~~~~~~~~~~~~[m[K
[3.554s] compilation terminated.
[3.555s] gmake[2]: *** [CMakeFiles/more_interfaces__rosidl_typesupport_cpp.dir/build.make:86: CMakeFiles/more_interfaces__rosidl_typesupport_cpp.dir/rosidl_typesupport_cpp/more_interfaces/msg/point_array__type_support.cpp.o] Error 1
[3.556s] gmake[1]: *** [CMakeFiles/Makefile2:367: CMakeFiles/more_interfaces__rosidl_typesupport_cpp.dir/all] Error 2
[3.603s] In file included from [01m[K/home/enrique/ros2_ws/build/more_interfaces/rosidl_typesupport_fastrtps_cpp/more_interfaces/msg/detail/point_array__rosidl_typesupport_fastrtps_cpp.hpp:11[m[K,
[3.603s]                  from [01m[K/home/enrique/ros2_ws/build/more_interfaces/rosidl_typesupport_fastrtps_cpp/more_interfaces/msg/detail/dds_fastrtps/point_array__type_support.cpp:4[m[K:
[3.604s] [01m[K/home/enrique/ros2_ws/build/more_interfaces/rosidl_generator_cpp/more_interfaces/msg/detail/point_array__struct.hpp:20:10:[m[K [01;31m[Kfatal error: [m[Kgeometry_msgs/msg/detail/point__struct.hpp: No such file or directory
[3.604s]    20 | #include [01;31m[K"geometry_msgs/msg/detail/point__struct.hpp"[m[K
[3.604s]       |          [01;31m[K^~~~~~~~~~~~~~~~~~~~~~~~~~~~~~~~~~~~~~~~~~~~[m[K
[3.604s] compilation terminated.
[3.605s] In file included from [01m[K/home/enrique/ros2_ws/build/more_interfaces/rosidl_typesupport_introspection_cpp/more_interfaces/msg/detail/point_array__type_support.cpp:12[m[K:
[3.605s] [01m[K/home/enrique/ros2_ws/build/more_interfaces/rosidl_generator_cpp/more_interfaces/msg/detail/point_array__struct.hpp:20:10:[m[K [01;31m[Kfatal error: [m[Kgeometry_msgs/msg/detail/point__struct.hpp: No such file or directory
[3.605s]    20 | #include [01;31m[K"geometry_msgs/msg/detail/point__struct.hpp"[m[K
[3.605s]       |          [01;31m[K^~~~~~~~~~~~~~~~~~~~~~~~~~~~~~~~~~~~~~~~~~~~[m[K
[3.605s] compilation terminated.
[3.606s] gmake[2]: *** [CMakeFiles/more_interfaces__rosidl_typesupport_fastrtps_cpp.dir/build.make:91: CMakeFiles/more_interfaces__rosidl_typesupport_fastrtps_cpp.dir/rosidl_typesupport_fastrtps_cpp/more_interfaces/msg/detail/dds_fastrtps/point_array__type_support.cpp.o] Error 1
[3.606s] gmake[1]: *** [CMakeFiles/Makefile2:263: CMakeFiles/more_interfaces__rosidl_typesupport_fastrtps_cpp.dir/all] Error 2
[3.608s] gmake[2]: *** [CMakeFiles/more_interfaces__rosidl_typesupport_introspection_cpp.dir/build.make:91: CMakeFiles/more_interfaces__rosidl_typesupport_introspection_cpp.dir/rosidl_typesupport_introspection_cpp/more_interfaces/msg/detail/point_array__type_support.cpp.o] Error 1
[3.608s] gmake[1]: *** [CMakeFiles/Makefile2:341: CMakeFiles/more_interfaces__rosidl_typesupport_introspection_cpp.dir/all] Error 2
[3.608s] gmake: *** [Makefile:146: all] Error 2
[3.612s] Invoked command in '/home/enrique/ros2_ws/build/more_interfaces' returned '2': CMAKE_PREFIX_PATH=/home/enrique/ros2_ws/install/example_pkg:/opt/ros/humble /usr/bin/cmake --build /home/enrique/ros2_ws/build/more_interfaces -- -j8 -l8
