[0.671s] Invoking command in '/home/enrique/ros2_ws/src/example_pkg': PYTHONPATH=/home/enrique/ros2_ws/build/example_pkg/prefix_override:/usr/lib/python3/dist-packages/colcon_core/task/python/colcon_distutils_commands:/home/enrique/ros2_ws/install/example_pkg/lib/python3.10/site-packages:${PYTHONPATH} /usr/bin/python3 -W ignore:setup.py install is deprecated setup.py egg_info --egg-base ../../build/example_pkg build --build-base /home/enrique/ros2_ws/build/example_pkg/build install --record /home/enrique/ros2_ws/build/example_pkg/install.log --single-version-externally-managed install_data
[0.930s] running egg_info
[0.931s] writing ../../build/example_pkg/example_pkg.egg-info/PKG-INFO
[0.931s] writing dependency_links to ../../build/example_pkg/example_pkg.egg-info/dependency_links.txt
[0.931s] writing entry points to ../../build/example_pkg/example_pkg.egg-info/entry_points.txt
[0.931s] writing requirements to ../../build/example_pkg/example_pkg.egg-info/requires.txt
[0.932s] writing top-level names to ../../build/example_pkg/example_pkg.egg-info/top_level.txt
[0.935s] reading manifest file '../../build/example_pkg/example_pkg.egg-info/SOURCES.txt'
[0.936s] writing manifest file '../../build/example_pkg/example_pkg.egg-info/SOURCES.txt'
[0.936s] running build
[0.936s] running build_py
[0.936s] copying example_pkg/publisherImage_node.py -> /home/enrique/ros2_ws/build/example_pkg/build/lib/example_pkg
[0.937s] running install
[0.937s] running install_lib
[0.938s] copying /home/enrique/ros2_ws/build/example_pkg/build/lib/example_pkg/publisherImage_node.py -> /home/enrique/ros2_ws/install/example_pkg/lib/python3.10/site-packages/example_pkg
[0.938s] byte-compiling /home/enrique/ros2_ws/install/example_pkg/lib/python3.10/site-packages/example_pkg/publisherImage_node.py to publisherImage_node.cpython-310.pyc
[0.939s] running install_data
[0.939s] running install_egg_info
[0.941s] removing '/home/enrique/ros2_ws/install/example_pkg/lib/python3.10/site-packages/example_pkg-0.0.0-py3.10.egg-info' (and everything under it)
[0.941s] Copying ../../build/example_pkg/example_pkg.egg-info to /home/enrique/ros2_ws/install/example_pkg/lib/python3.10/site-packages/example_pkg-0.0.0-py3.10.egg-info
[0.942s] running install_scripts
[0.964s] Installing test_node script to /home/enrique/ros2_ws/install/example_pkg/lib/example_pkg
[0.965s] writing list of installed files to '/home/enrique/ros2_ws/build/example_pkg/install.log'
[0.994s] Invoked command in '/home/enrique/ros2_ws/src/example_pkg' returned '0': PYTHONPATH=/home/enrique/ros2_ws/build/example_pkg/prefix_override:/usr/lib/python3/dist-packages/colcon_core/task/python/colcon_distutils_commands:/home/enrique/ros2_ws/install/example_pkg/lib/python3.10/site-packages:${PYTHONPATH} /usr/bin/python3 -W ignore:setup.py install is deprecated setup.py egg_info --egg-base ../../build/example_pkg build --build-base /home/enrique/ros2_ws/build/example_pkg/build install --record /home/enrique/ros2_ws/build/example_pkg/install.log --single-version-externally-managed install_data
