[0.606s] Invoking command in '/home/enrique/ros2_ws/src/example_pkg': PYTHONPATH=/home/enrique/ros2_ws/build/example_pkg/prefix_override:/usr/lib/python3/dist-packages/colcon_core/task/python/colcon_distutils_commands:/home/enrique/ros2_ws/install/example_pkg/lib/python3.10/site-packages:${PYTHONPATH} /usr/bin/python3 -W ignore:setup.py install is deprecated setup.py egg_info --egg-base ../../build/example_pkg build --build-base /home/enrique/ros2_ws/build/example_pkg/build install --record /home/enrique/ros2_ws/build/example_pkg/install.log --single-version-externally-managed install_data
[0.853s] running egg_info
[0.854s] creating ../../build/example_pkg/example_pkg.egg-info
[0.854s] writing ../../build/example_pkg/example_pkg.egg-info/PKG-INFO
[0.854s] writing dependency_links to ../../build/example_pkg/example_pkg.egg-info/dependency_links.txt
[0.855s] writing entry points to ../../build/example_pkg/example_pkg.egg-info/entry_points.txt
[0.855s] writing requirements to ../../build/example_pkg/example_pkg.egg-info/requires.txt
[0.855s] writing top-level names to ../../build/example_pkg/example_pkg.egg-info/top_level.txt
[0.855s] writing manifest file '../../build/example_pkg/example_pkg.egg-info/SOURCES.txt'
[0.856s] reading manifest file '../../build/example_pkg/example_pkg.egg-info/SOURCES.txt'
[0.857s] writing manifest file '../../build/example_pkg/example_pkg.egg-info/SOURCES.txt'
[0.857s] running build
[0.857s] running build_py
[0.857s] creating /home/enrique/ros2_ws/build/example_pkg/build
[0.857s] creating /home/enrique/ros2_ws/build/example_pkg/build/lib
[0.858s] creating /home/enrique/ros2_ws/build/example_pkg/build/lib/example_pkg
[0.858s] copying example_pkg/__init__.py -> /home/enrique/ros2_ws/build/example_pkg/build/lib/example_pkg
[0.858s] running install
[0.858s] running install_lib
[0.859s] creating /home/enrique/ros2_ws/install/example_pkg/lib/python3.10/site-packages/example_pkg
[0.859s] copying /home/enrique/ros2_ws/build/example_pkg/build/lib/example_pkg/__init__.py -> /home/enrique/ros2_ws/install/example_pkg/lib/python3.10/site-packages/example_pkg
[0.860s] byte-compiling /home/enrique/ros2_ws/install/example_pkg/lib/python3.10/site-packages/example_pkg/__init__.py to __init__.cpython-310.pyc
[0.860s] running install_data
[0.860s] creating /home/enrique/ros2_ws/install/example_pkg/share/ament_index
[0.860s] creating /home/enrique/ros2_ws/install/example_pkg/share/ament_index/resource_index
[0.860s] creating /home/enrique/ros2_ws/install/example_pkg/share/ament_index/resource_index/packages
[0.860s] copying resource/example_pkg -> /home/enrique/ros2_ws/install/example_pkg/share/ament_index/resource_index/packages
[0.861s] copying package.xml -> /home/enrique/ros2_ws/install/example_pkg/share/example_pkg
[0.861s] running install_egg_info
[0.863s] Copying ../../build/example_pkg/example_pkg.egg-info to /home/enrique/ros2_ws/install/example_pkg/lib/python3.10/site-packages/example_pkg-0.0.0-py3.10.egg-info
[0.864s] running install_scripts
[0.885s] writing list of installed files to '/home/enrique/ros2_ws/build/example_pkg/install.log'
[0.909s] Invoked command in '/home/enrique/ros2_ws/src/example_pkg' returned '0': PYTHONPATH=/home/enrique/ros2_ws/build/example_pkg/prefix_override:/usr/lib/python3/dist-packages/colcon_core/task/python/colcon_distutils_commands:/home/enrique/ros2_ws/install/example_pkg/lib/python3.10/site-packages:${PYTHONPATH} /usr/bin/python3 -W ignore:setup.py install is deprecated setup.py egg_info --egg-base ../../build/example_pkg build --build-base /home/enrique/ros2_ws/build/example_pkg/build install --record /home/enrique/ros2_ws/build/example_pkg/install.log --single-version-externally-managed install_data
