[0.016s] Invoking command in '/home/enrique/ros2_ws/build/more_interfaces': CMAKE_PREFIX_PATH=${CMAKE_PREFIX_PATH}:/home/enrique/ros2_ws/install/example_pkg:/opt/ros/humble /usr/bin/cmake --build /home/enrique/ros2_ws/build/more_interfaces -- -j8 -l8
[0.096s] [  2%] Built target more_interfaces__cpp
[0.097s] [ 12%] Built target more_interfaces__rosidl_generator_c
[0.119s] [ 12%] Built target ament_cmake_python_copy_more_interfaces
[0.146s] [ 23%] Built target more_interfaces__rosidl_typesupport_c
[0.153s] [ 33%] Built target more_interfaces__rosidl_typesupport_cpp
[0.153s] [ 43%] Built target more_interfaces__rosidl_typesupport_fastrtps_c
[0.154s] [ 53%] Built target more_interfaces__rosidl_typesupport_fastrtps_cpp
[0.155s] [ 64%] Built target more_interfaces__rosidl_typesupport_introspection_c
[0.155s] [ 74%] Built target more_interfaces__rosidl_typesupport_introspection_cpp
[0.189s] [ 74%] Built target more_interfaces
[0.226s] [ 76%] Built target more_interfaces__py
[0.267s] [ 84%] Built target more_interfaces__rosidl_generator_py
[0.313s] [ 89%] Built target more_interfaces__rosidl_typesupport_c__pyext
[0.315s] [ 94%] Built target more_interfaces__rosidl_typesupport_introspection_c__pyext
[0.316s] [100%] Built target more_interfaces__rosidl_typesupport_fastrtps_c__pyext
[0.576s] running egg_info
[0.577s] writing more_interfaces.egg-info/PKG-INFO
[0.578s] writing dependency_links to more_interfaces.egg-info/dependency_links.txt
[0.578s] writing top-level names to more_interfaces.egg-info/top_level.txt
[0.581s] reading manifest file 'more_interfaces.egg-info/SOURCES.txt'
[0.582s] writing manifest file 'more_interfaces.egg-info/SOURCES.txt'
[0.622s] [100%] Built target ament_cmake_python_build_more_interfaces_egg
[0.642s] Invoked command in '/home/enrique/ros2_ws/build/more_interfaces' returned '0': CMAKE_PREFIX_PATH=${CMAKE_PREFIX_PATH}:/home/enrique/ros2_ws/install/example_pkg:/opt/ros/humble /usr/bin/cmake --build /home/enrique/ros2_ws/build/more_interfaces -- -j8 -l8
[0.787s] Invoking command in '/home/enrique/ros2_ws/build/more_interfaces': CMAKE_PREFIX_PATH=${CMAKE_PREFIX_PATH}:/home/enrique/ros2_ws/install/example_pkg:/opt/ros/humble /usr/bin/cmake --install /home/enrique/ros2_ws/build/more_interfaces
[0.800s] -- Install configuration: ""
[0.800s] -- Up-to-date: /home/enrique/ros2_ws/install/more_interfaces/share/ament_index/resource_index/rosidl_interfaces/more_interfaces
[0.801s] -- Up-to-date: /home/enrique/ros2_ws/install/more_interfaces/include/more_interfaces/more_interfaces
[0.801s] -- Up-to-date: /home/enrique/ros2_ws/install/more_interfaces/include/more_interfaces/more_interfaces/msg
[0.801s] -- Up-to-date: /home/enrique/ros2_ws/install/more_interfaces/include/more_interfaces/more_interfaces/msg/point_array.h
[0.801s] -- Up-to-date: /home/enrique/ros2_ws/install/more_interfaces/include/more_interfaces/more_interfaces/msg/rosidl_generator_c__visibility_control.h
[0.801s] -- Up-to-date: /home/enrique/ros2_ws/install/more_interfaces/include/more_interfaces/more_interfaces/msg/detail
[0.801s] -- Up-to-date: /home/enrique/ros2_ws/install/more_interfaces/include/more_interfaces/more_interfaces/msg/detail/point_array__functions.h
[0.801s] -- Up-to-date: /home/enrique/ros2_ws/install/more_interfaces/include/more_interfaces/more_interfaces/msg/detail/vector3_array__functions.c
[0.801s] -- Up-to-date: /home/enrique/ros2_ws/install/more_interfaces/include/more_interfaces/more_interfaces/msg/detail/point_array__functions.c
[0.802s] -- Up-to-date: /home/enrique/ros2_ws/install/more_interfaces/include/more_interfaces/more_interfaces/msg/detail/vector3_array__type_support.h
[0.802s] -- Up-to-date: /home/enrique/ros2_ws/install/more_interfaces/include/more_interfaces/more_interfaces/msg/detail/point_array__struct.h
[0.802s] -- Up-to-date: /home/enrique/ros2_ws/install/more_interfaces/include/more_interfaces/more_interfaces/msg/detail/vector3_array__struct.h
[0.802s] -- Up-to-date: /home/enrique/ros2_ws/install/more_interfaces/include/more_interfaces/more_interfaces/msg/detail/point_array__type_support.h
[0.803s] -- Up-to-date: /home/enrique/ros2_ws/install/more_interfaces/include/more_interfaces/more_interfaces/msg/detail/vector3_array__functions.h
[0.803s] -- Up-to-date: /home/enrique/ros2_ws/install/more_interfaces/include/more_interfaces/more_interfaces/msg/vector3_array.h
[0.803s] -- Up-to-date: /home/enrique/ros2_ws/install/more_interfaces/share/more_interfaces/environment/library_path.sh
[0.803s] -- Up-to-date: /home/enrique/ros2_ws/install/more_interfaces/share/more_interfaces/environment/library_path.dsv
[0.803s] -- Up-to-date: /home/enrique/ros2_ws/install/more_interfaces/lib/libmore_interfaces__rosidl_generator_c.so
[0.804s] -- Up-to-date: /home/enrique/ros2_ws/install/more_interfaces/include/more_interfaces/more_interfaces
[0.804s] -- Up-to-date: /home/enrique/ros2_ws/install/more_interfaces/include/more_interfaces/more_interfaces/msg
[0.804s] -- Up-to-date: /home/enrique/ros2_ws/install/more_interfaces/include/more_interfaces/more_interfaces/msg/rosidl_typesupport_fastrtps_c__visibility_control.h
[0.804s] -- Up-to-date: /home/enrique/ros2_ws/install/more_interfaces/include/more_interfaces/more_interfaces/msg/detail
[0.805s] -- Up-to-date: /home/enrique/ros2_ws/install/more_interfaces/include/more_interfaces/more_interfaces/msg/detail/vector3_array__rosidl_typesupport_fastrtps_c.h
[0.805s] -- Up-to-date: /home/enrique/ros2_ws/install/more_interfaces/include/more_interfaces/more_interfaces/msg/detail/point_array__rosidl_typesupport_fastrtps_c.h
[0.805s] -- Up-to-date: /home/enrique/ros2_ws/install/more_interfaces/lib/libmore_interfaces__rosidl_typesupport_fastrtps_c.so
[0.805s] -- Up-to-date: /home/enrique/ros2_ws/install/more_interfaces/include/more_interfaces/more_interfaces
[0.805s] -- Up-to-date: /home/enrique/ros2_ws/install/more_interfaces/include/more_interfaces/more_interfaces/msg
[0.806s] -- Up-to-date: /home/enrique/ros2_ws/install/more_interfaces/include/more_interfaces/more_interfaces/msg/detail
[0.806s] -- Up-to-date: /home/enrique/ros2_ws/install/more_interfaces/include/more_interfaces/more_interfaces/msg/detail/vector3_array__struct.hpp
[0.806s] -- Up-to-date: /home/enrique/ros2_ws/install/more_interfaces/include/more_interfaces/more_interfaces/msg/detail/vector3_array__traits.hpp
[0.806s] -- Up-to-date: /home/enrique/ros2_ws/install/more_interfaces/include/more_interfaces/more_interfaces/msg/detail/point_array__builder.hpp
[0.806s] -- Up-to-date: /home/enrique/ros2_ws/install/more_interfaces/include/more_interfaces/more_interfaces/msg/detail/vector3_array__builder.hpp
[0.806s] -- Up-to-date: /home/enrique/ros2_ws/install/more_interfaces/include/more_interfaces/more_interfaces/msg/detail/point_array__traits.hpp
[0.807s] -- Up-to-date: /home/enrique/ros2_ws/install/more_interfaces/include/more_interfaces/more_interfaces/msg/detail/point_array__struct.hpp
[0.807s] -- Up-to-date: /home/enrique/ros2_ws/install/more_interfaces/include/more_interfaces/more_interfaces/msg/vector3_array.hpp
[0.807s] -- Up-to-date: /home/enrique/ros2_ws/install/more_interfaces/include/more_interfaces/more_interfaces/msg/point_array.hpp
[0.807s] -- Up-to-date: /home/enrique/ros2_ws/install/more_interfaces/include/more_interfaces/more_interfaces
[0.807s] -- Up-to-date: /home/enrique/ros2_ws/install/more_interfaces/include/more_interfaces/more_interfaces/msg
[0.807s] -- Up-to-date: /home/enrique/ros2_ws/install/more_interfaces/include/more_interfaces/more_interfaces/msg/rosidl_typesupport_fastrtps_cpp__visibility_control.h
[0.808s] -- Up-to-date: /home/enrique/ros2_ws/install/more_interfaces/include/more_interfaces/more_interfaces/msg/detail
[0.808s] -- Up-to-date: /home/enrique/ros2_ws/install/more_interfaces/include/more_interfaces/more_interfaces/msg/detail/dds_fastrtps
[0.808s] -- Up-to-date: /home/enrique/ros2_ws/install/more_interfaces/include/more_interfaces/more_interfaces/msg/detail/vector3_array__rosidl_typesupport_fastrtps_cpp.hpp
[0.808s] -- Up-to-date: /home/enrique/ros2_ws/install/more_interfaces/include/more_interfaces/more_interfaces/msg/detail/point_array__rosidl_typesupport_fastrtps_cpp.hpp
[0.808s] -- Up-to-date: /home/enrique/ros2_ws/install/more_interfaces/lib/libmore_interfaces__rosidl_typesupport_fastrtps_cpp.so
[0.808s] -- Up-to-date: /home/enrique/ros2_ws/install/more_interfaces/include/more_interfaces/more_interfaces
[0.809s] -- Up-to-date: /home/enrique/ros2_ws/install/more_interfaces/include/more_interfaces/more_interfaces/msg
[0.809s] -- Up-to-date: /home/enrique/ros2_ws/install/more_interfaces/include/more_interfaces/more_interfaces/msg/rosidl_typesupport_introspection_c__visibility_control.h
[0.809s] -- Up-to-date: /home/enrique/ros2_ws/install/more_interfaces/include/more_interfaces/more_interfaces/msg/detail
[0.809s] -- Up-to-date: /home/enrique/ros2_ws/install/more_interfaces/include/more_interfaces/more_interfaces/msg/detail/point_array__type_support.c
[0.809s] -- Up-to-date: /home/enrique/ros2_ws/install/more_interfaces/include/more_interfaces/more_interfaces/msg/detail/vector3_array__rosidl_typesupport_introspection_c.h
[0.809s] -- Up-to-date: /home/enrique/ros2_ws/install/more_interfaces/include/more_interfaces/more_interfaces/msg/detail/point_array__rosidl_typesupport_introspection_c.h
[0.810s] -- Up-to-date: /home/enrique/ros2_ws/install/more_interfaces/include/more_interfaces/more_interfaces/msg/detail/vector3_array__type_support.c
[0.810s] -- Up-to-date: /home/enrique/ros2_ws/install/more_interfaces/lib/libmore_interfaces__rosidl_typesupport_introspection_c.so
[0.810s] -- Up-to-date: /home/enrique/ros2_ws/install/more_interfaces/lib/libmore_interfaces__rosidl_typesupport_c.so
[0.810s] -- Up-to-date: /home/enrique/ros2_ws/install/more_interfaces/include/more_interfaces/more_interfaces
[0.810s] -- Up-to-date: /home/enrique/ros2_ws/install/more_interfaces/include/more_interfaces/more_interfaces/msg
[0.811s] -- Up-to-date: /home/enrique/ros2_ws/install/more_interfaces/include/more_interfaces/more_interfaces/msg/detail
[0.811s] -- Up-to-date: /home/enrique/ros2_ws/install/more_interfaces/include/more_interfaces/more_interfaces/msg/detail/point_array__type_support.cpp
[0.811s] -- Up-to-date: /home/enrique/ros2_ws/install/more_interfaces/include/more_interfaces/more_interfaces/msg/detail/point_array__rosidl_typesupport_introspection_cpp.hpp
[0.811s] -- Up-to-date: /home/enrique/ros2_ws/install/more_interfaces/include/more_interfaces/more_interfaces/msg/detail/vector3_array__type_support.cpp
[0.811s] -- Up-to-date: /home/enrique/ros2_ws/install/more_interfaces/include/more_interfaces/more_interfaces/msg/detail/vector3_array__rosidl_typesupport_introspection_cpp.hpp
[0.812s] -- Up-to-date: /home/enrique/ros2_ws/install/more_interfaces/lib/libmore_interfaces__rosidl_typesupport_introspection_cpp.so
[0.812s] -- Up-to-date: /home/enrique/ros2_ws/install/more_interfaces/lib/libmore_interfaces__rosidl_typesupport_cpp.so
[0.812s] -- Up-to-date: /home/enrique/ros2_ws/install/more_interfaces/share/more_interfaces/environment/pythonpath.sh
[0.812s] -- Up-to-date: /home/enrique/ros2_ws/install/more_interfaces/share/more_interfaces/environment/pythonpath.dsv
[0.812s] -- Up-to-date: /home/enrique/ros2_ws/install/more_interfaces/local/lib/python3.10/dist-packages/more_interfaces-0.0.0-py3.10.egg-info
[0.812s] -- Installing: /home/enrique/ros2_ws/install/more_interfaces/local/lib/python3.10/dist-packages/more_interfaces-0.0.0-py3.10.egg-info/PKG-INFO
[0.812s] -- Installing: /home/enrique/ros2_ws/install/more_interfaces/local/lib/python3.10/dist-packages/more_interfaces-0.0.0-py3.10.egg-info/SOURCES.txt
[0.812s] -- Installing: /home/enrique/ros2_ws/install/more_interfaces/local/lib/python3.10/dist-packages/more_interfaces-0.0.0-py3.10.egg-info/top_level.txt
[0.812s] -- Installing: /home/enrique/ros2_ws/install/more_interfaces/local/lib/python3.10/dist-packages/more_interfaces-0.0.0-py3.10.egg-info/dependency_links.txt
[0.812s] -- Up-to-date: /home/enrique/ros2_ws/install/more_interfaces/local/lib/python3.10/dist-packages/more_interfaces
[0.813s] -- Up-to-date: /home/enrique/ros2_ws/install/more_interfaces/local/lib/python3.10/dist-packages/more_interfaces/msg
[0.813s] -- Up-to-date: /home/enrique/ros2_ws/install/more_interfaces/local/lib/python3.10/dist-packages/more_interfaces/msg/_point_array_s.c
[0.813s] -- Up-to-date: /home/enrique/ros2_ws/install/more_interfaces/local/lib/python3.10/dist-packages/more_interfaces/msg/_point_array.py
[0.813s] -- Up-to-date: /home/enrique/ros2_ws/install/more_interfaces/local/lib/python3.10/dist-packages/more_interfaces/msg/__init__.py
[0.813s] -- Up-to-date: /home/enrique/ros2_ws/install/more_interfaces/local/lib/python3.10/dist-packages/more_interfaces/msg/_vector3_array_s.c
[0.813s] -- Up-to-date: /home/enrique/ros2_ws/install/more_interfaces/local/lib/python3.10/dist-packages/more_interfaces/msg/_vector3_array.py
[0.813s] -- Up-to-date: /home/enrique/ros2_ws/install/more_interfaces/local/lib/python3.10/dist-packages/more_interfaces/_more_interfaces_s.ep.rosidl_typesupport_introspection_c.c
[0.813s] -- Up-to-date: /home/enrique/ros2_ws/install/more_interfaces/local/lib/python3.10/dist-packages/more_interfaces/more_interfaces_s__rosidl_typesupport_c.cpython-310-x86_64-linux-gnu.so
[0.813s] -- Up-to-date: /home/enrique/ros2_ws/install/more_interfaces/local/lib/python3.10/dist-packages/more_interfaces/__init__.py
[0.813s] -- Up-to-date: /home/enrique/ros2_ws/install/more_interfaces/local/lib/python3.10/dist-packages/more_interfaces/more_interfaces_s__rosidl_typesupport_introspection_c.cpython-310-x86_64-linux-gnu.so
[0.814s] -- Up-to-date: /home/enrique/ros2_ws/install/more_interfaces/local/lib/python3.10/dist-packages/more_interfaces/_more_interfaces_s.ep.rosidl_typesupport_fastrtps_c.c
[0.814s] -- Up-to-date: /home/enrique/ros2_ws/install/more_interfaces/local/lib/python3.10/dist-packages/more_interfaces/more_interfaces_s__rosidl_typesupport_fastrtps_c.cpython-310-x86_64-linux-gnu.so
[0.814s] -- Up-to-date: /home/enrique/ros2_ws/install/more_interfaces/local/lib/python3.10/dist-packages/more_interfaces/libmore_interfaces__rosidl_generator_py.so
[0.814s] -- Up-to-date: /home/enrique/ros2_ws/install/more_interfaces/local/lib/python3.10/dist-packages/more_interfaces/_more_interfaces_s.ep.rosidl_typesupport_c.c
[0.862s] Listing '/home/enrique/ros2_ws/install/more_interfaces/local/lib/python3.10/dist-packages/more_interfaces'...
[0.862s] Listing '/home/enrique/ros2_ws/install/more_interfaces/local/lib/python3.10/dist-packages/more_interfaces/msg'...
[0.870s] -- Up-to-date: /home/enrique/ros2_ws/install/more_interfaces/local/lib/python3.10/dist-packages/more_interfaces/more_interfaces_s__rosidl_typesupport_fastrtps_c.cpython-310-x86_64-linux-gnu.so
[0.871s] -- Up-to-date: /home/enrique/ros2_ws/install/more_interfaces/local/lib/python3.10/dist-packages/more_interfaces/more_interfaces_s__rosidl_typesupport_introspection_c.cpython-310-x86_64-linux-gnu.so
[0.871s] -- Up-to-date: /home/enrique/ros2_ws/install/more_interfaces/local/lib/python3.10/dist-packages/more_interfaces/more_interfaces_s__rosidl_typesupport_c.cpython-310-x86_64-linux-gnu.so
[0.872s] -- Up-to-date: /home/enrique/ros2_ws/install/more_interfaces/lib/libmore_interfaces__rosidl_generator_py.so
[0.873s] -- Up-to-date: /home/enrique/ros2_ws/install/more_interfaces/share/more_interfaces/msg/PointArray.idl
[0.873s] -- Up-to-date: /home/enrique/ros2_ws/install/more_interfaces/share/more_interfaces/msg/Vector3Array.idl
[0.873s] -- Up-to-date: /home/enrique/ros2_ws/install/more_interfaces/share/more_interfaces/msg/PointArray.msg
[0.873s] -- Up-to-date: /home/enrique/ros2_ws/install/more_interfaces/share/more_interfaces/msg/Vector3Array.msg
[0.874s] -- Up-to-date: /home/enrique/ros2_ws/install/more_interfaces/share/ament_index/resource_index/package_run_dependencies/more_interfaces
[0.874s] -- Up-to-date: /home/enrique/ros2_ws/install/more_interfaces/share/ament_index/resource_index/parent_prefix_path/more_interfaces
[0.874s] -- Up-to-date: /home/enrique/ros2_ws/install/more_interfaces/share/more_interfaces/environment/ament_prefix_path.sh
[0.874s] -- Up-to-date: /home/enrique/ros2_ws/install/more_interfaces/share/more_interfaces/environment/ament_prefix_path.dsv
[0.875s] -- Up-to-date: /home/enrique/ros2_ws/install/more_interfaces/share/more_interfaces/environment/path.sh
[0.875s] -- Up-to-date: /home/enrique/ros2_ws/install/more_interfaces/share/more_interfaces/environment/path.dsv
[0.875s] -- Up-to-date: /home/enrique/ros2_ws/install/more_interfaces/share/more_interfaces/local_setup.bash
[0.875s] -- Up-to-date: /home/enrique/ros2_ws/install/more_interfaces/share/more_interfaces/local_setup.sh
[0.875s] -- Up-to-date: /home/enrique/ros2_ws/install/more_interfaces/share/more_interfaces/local_setup.zsh
[0.876s] -- Up-to-date: /home/enrique/ros2_ws/install/more_interfaces/share/more_interfaces/local_setup.dsv
[0.876s] -- Installing: /home/enrique/ros2_ws/install/more_interfaces/share/more_interfaces/package.dsv
[0.876s] -- Up-to-date: /home/enrique/ros2_ws/install/more_interfaces/share/ament_index/resource_index/packages/more_interfaces
[0.876s] -- Up-to-date: /home/enrique/ros2_ws/install/more_interfaces/share/more_interfaces/cmake/export_more_interfaces__rosidl_generator_cExport.cmake
[0.876s] -- Up-to-date: /home/enrique/ros2_ws/install/more_interfaces/share/more_interfaces/cmake/export_more_interfaces__rosidl_generator_cExport-noconfig.cmake
[0.876s] -- Up-to-date: /home/enrique/ros2_ws/install/more_interfaces/share/more_interfaces/cmake/export_more_interfaces__rosidl_typesupport_fastrtps_cExport.cmake
[0.876s] -- Up-to-date: /home/enrique/ros2_ws/install/more_interfaces/share/more_interfaces/cmake/export_more_interfaces__rosidl_typesupport_fastrtps_cExport-noconfig.cmake
[0.877s] -- Up-to-date: /home/enrique/ros2_ws/install/more_interfaces/share/more_interfaces/cmake/export_more_interfaces__rosidl_generator_cppExport.cmake
[0.877s] -- Up-to-date: /home/enrique/ros2_ws/install/more_interfaces/share/more_interfaces/cmake/export_more_interfaces__rosidl_typesupport_fastrtps_cppExport.cmake
[0.877s] -- Up-to-date: /home/enrique/ros2_ws/install/more_interfaces/share/more_interfaces/cmake/export_more_interfaces__rosidl_typesupport_fastrtps_cppExport-noconfig.cmake
[0.877s] -- Up-to-date: /home/enrique/ros2_ws/install/more_interfaces/share/more_interfaces/cmake/more_interfaces__rosidl_typesupport_introspection_cExport.cmake
[0.877s] -- Up-to-date: /home/enrique/ros2_ws/install/more_interfaces/share/more_interfaces/cmake/more_interfaces__rosidl_typesupport_introspection_cExport-noconfig.cmake
[0.878s] -- Up-to-date: /home/enrique/ros2_ws/install/more_interfaces/share/more_interfaces/cmake/more_interfaces__rosidl_typesupport_cExport.cmake
[0.878s] -- Up-to-date: /home/enrique/ros2_ws/install/more_interfaces/share/more_interfaces/cmake/more_interfaces__rosidl_typesupport_cExport-noconfig.cmake
[0.878s] -- Up-to-date: /home/enrique/ros2_ws/install/more_interfaces/share/more_interfaces/cmake/more_interfaces__rosidl_typesupport_introspection_cppExport.cmake
[0.878s] -- Up-to-date: /home/enrique/ros2_ws/install/more_interfaces/share/more_interfaces/cmake/more_interfaces__rosidl_typesupport_introspection_cppExport-noconfig.cmake
[0.878s] -- Up-to-date: /home/enrique/ros2_ws/install/more_interfaces/share/more_interfaces/cmake/more_interfaces__rosidl_typesupport_cppExport.cmake
[0.878s] -- Up-to-date: /home/enrique/ros2_ws/install/more_interfaces/share/more_interfaces/cmake/more_interfaces__rosidl_typesupport_cppExport-noconfig.cmake
[0.879s] -- Up-to-date: /home/enrique/ros2_ws/install/more_interfaces/share/more_interfaces/cmake/export_more_interfaces__rosidl_generator_pyExport.cmake
[0.879s] -- Up-to-date: /home/enrique/ros2_ws/install/more_interfaces/share/more_interfaces/cmake/export_more_interfaces__rosidl_generator_pyExport-noconfig.cmake
[0.879s] -- Up-to-date: /home/enrique/ros2_ws/install/more_interfaces/share/more_interfaces/cmake/rosidl_cmake-extras.cmake
[0.879s] -- Up-to-date: /home/enrique/ros2_ws/install/more_interfaces/share/more_interfaces/cmake/ament_cmake_export_dependencies-extras.cmake
[0.879s] -- Up-to-date: /home/enrique/ros2_ws/install/more_interfaces/share/more_interfaces/cmake/ament_cmake_export_include_directories-extras.cmake
[0.879s] -- Up-to-date: /home/enrique/ros2_ws/install/more_interfaces/share/more_interfaces/cmake/ament_cmake_export_libraries-extras.cmake
[0.880s] -- Up-to-date: /home/enrique/ros2_ws/install/more_interfaces/share/more_interfaces/cmake/ament_cmake_export_targets-extras.cmake
[0.880s] -- Up-to-date: /home/enrique/ros2_ws/install/more_interfaces/share/more_interfaces/cmake/rosidl_cmake_export_typesupport_targets-extras.cmake
[0.880s] -- Up-to-date: /home/enrique/ros2_ws/install/more_interfaces/share/more_interfaces/cmake/rosidl_cmake_export_typesupport_libraries-extras.cmake
[0.880s] -- Up-to-date: /home/enrique/ros2_ws/install/more_interfaces/share/more_interfaces/cmake/more_interfacesConfig.cmake
[0.880s] -- Up-to-date: /home/enrique/ros2_ws/install/more_interfaces/share/more_interfaces/cmake/more_interfacesConfig-version.cmake
[0.880s] -- Up-to-date: /home/enrique/ros2_ws/install/more_interfaces/share/more_interfaces/package.xml
[0.882s] Invoked command in '/home/enrique/ros2_ws/build/more_interfaces' returned '0': CMAKE_PREFIX_PATH=${CMAKE_PREFIX_PATH}:/home/enrique/ros2_ws/install/example_pkg:/opt/ros/humble /usr/bin/cmake --install /home/enrique/ros2_ws/build/more_interfaces
