[0.009s] Invoking command in '/home/enrique/ros2_ws/build/more_interfaces': CMAKE_PREFIX_PATH=${CMAKE_PREFIX_PATH}:/home/enrique/ros2_ws/install/example_pkg:/opt/ros/humble /usr/bin/cmake /home/enrique/ros2_ws/src/more_interfaces -DCMAKE_INSTALL_PREFIX=/home/enrique/ros2_ws/install/more_interfaces
[0.024s] -- Found ament_cmake: 1.3.9 (/opt/ros/humble/share/ament_cmake/cmake)
[0.153s] -- Override CMake install command with custom implementation using symlinks instead of copying resources
[0.162s] -- Found geometry_msgs: 4.2.4 (/opt/ros/humble/share/geometry_msgs/cmake)
[0.190s] -- Found rosidl_generator_c: 3.1.5 (/opt/ros/humble/share/rosidl_generator_c/cmake)
[0.192s] -- Found rosidl_adapter: 3.1.5 (/opt/ros/humble/share/rosidl_adapter/cmake)
[0.199s] -- Found rosidl_generator_cpp: 3.1.5 (/opt/ros/humble/share/rosidl_generator_cpp/cmake)
[0.212s] -- Using all available rosidl_typesupport_c: rosidl_typesupport_fastrtps_c;rosidl_typesupport_introspection_c
[0.229s] -- Using all available rosidl_typesupport_cpp: rosidl_typesupport_fastrtps_cpp;rosidl_typesupport_introspection_cpp
[0.361s] -- Found rosidl_default_generators: 1.2.0 (/opt/ros/humble/share/rosidl_default_generators/cmake)
[0.669s] -- Found ament_cmake_ros: 0.10.0 (/opt/ros/humble/share/ament_cmake_ros/cmake)
[1.126s] -- Using all available rosidl_typesupport_c: rosidl_typesupport_fastrtps_c;rosidl_typesupport_introspection_c
[1.307s] -- Using all available rosidl_typesupport_cpp: rosidl_typesupport_fastrtps_cpp;rosidl_typesupport_introspection_cpp
[1.332s] -- Found python_cmake_module: 0.10.0 (/opt/ros/humble/share/python_cmake_module/cmake)
[1.357s] -- Using PYTHON_EXECUTABLE: /usr/bin/python3
[1.357s] -- Using PYTHON_INCLUDE_DIRS: /usr/include/python3.10
[1.357s] -- Using PYTHON_LIBRARIES: /usr/lib/x86_64-linux-gnu/libpython3.10.so
[1.403s] -- Found ament_lint_auto: 0.12.11 (/opt/ros/humble/share/ament_lint_auto/cmake)
[1.415s] -- Added test 'lint_cmake' to check CMake code style
[1.416s] -- Added test 'xmllint' to check XML markup files
[1.419s] -- Configuring done
[1.459s] -- Generating done
[1.462s] -- Build files have been written to: /home/enrique/ros2_ws/build/more_interfaces
[1.470s] Invoked command in '/home/enrique/ros2_ws/build/more_interfaces' returned '0': CMAKE_PREFIX_PATH=${CMAKE_PREFIX_PATH}:/home/enrique/ros2_ws/install/example_pkg:/opt/ros/humble /usr/bin/cmake /home/enrique/ros2_ws/src/more_interfaces -DCMAKE_INSTALL_PREFIX=/home/enrique/ros2_ws/install/more_interfaces
[1.472s] Invoking command in '/home/enrique/ros2_ws/build/more_interfaces': CMAKE_PREFIX_PATH=${CMAKE_PREFIX_PATH}:/home/enrique/ros2_ws/install/example_pkg:/opt/ros/humble /usr/bin/cmake --build /home/enrique/ros2_ws/build/more_interfaces -- -j8 -l8
[1.516s] [35m[1mConsolidate compiler generated dependencies of target more_interfaces__rosidl_generator_c[0m
[1.526s] failed to create symbolic link '/home/enrique/ros2_ws/build/more_interfaces/ament_cmake_python/more_interfaces/more_interfaces' because existing path cannot be removed: Is a directory
[1.527s] gmake[2]: *** [CMakeFiles/ament_cmake_python_symlink_more_interfaces.dir/build.make:70: CMakeFiles/ament_cmake_python_symlink_more_interfaces] Error 1
[1.527s] gmake[1]: *** [CMakeFiles/Makefile2:421: CMakeFiles/ament_cmake_python_symlink_more_interfaces.dir/all] Error 2
[1.527s] gmake[1]: *** Waiting for unfinished jobs....
[1.527s] [  2%] Built target more_interfaces__cpp
[1.529s] [ 12%] Built target more_interfaces__rosidl_generator_c
[1.531s] gmake: *** [Makefile:146: all] Error 2
[1.533s] Invoked command in '/home/enrique/ros2_ws/build/more_interfaces' returned '2': CMAKE_PREFIX_PATH=${CMAKE_PREFIX_PATH}:/home/enrique/ros2_ws/install/example_pkg:/opt/ros/humble /usr/bin/cmake --build /home/enrique/ros2_ws/build/more_interfaces -- -j8 -l8
