[0.673s] Invoking command in '/home/enrique/ros2_ws/src/example_pkg': PYTHONPATH=/home/enrique/ros2_ws/build/example_pkg/prefix_override:/usr/lib/python3/dist-packages/colcon_core/task/python/colcon_distutils_commands:/home/enrique/ros2_ws/install/example_pkg/lib/python3.10/site-packages:${PYTHONPATH} /usr/bin/python3 -W ignore:setup.py install is deprecated setup.py egg_info --egg-base ../../build/example_pkg build --build-base /home/enrique/ros2_ws/build/example_pkg/build install --record /home/enrique/ros2_ws/build/example_pkg/install.log --single-version-externally-managed install_data
[0.940s] running egg_info
[0.941s] writing ../../build/example_pkg/example_pkg.egg-info/PKG-INFO
[0.941s] writing dependency_links to ../../build/example_pkg/example_pkg.egg-info/dependency_links.txt
[0.941s] writing entry points to ../../build/example_pkg/example_pkg.egg-info/entry_points.txt
[0.941s] writing requirements to ../../build/example_pkg/example_pkg.egg-info/requires.txt
[0.941s] writing top-level names to ../../build/example_pkg/example_pkg.egg-info/top_level.txt
[0.943s] reading manifest file '../../build/example_pkg/example_pkg.egg-info/SOURCES.txt'
[0.945s] writing manifest file '../../build/example_pkg/example_pkg.egg-info/SOURCES.txt'
[0.945s] running build
[0.945s] running build_py
[0.945s] copying example_pkg/publisherList_node.py -> /home/enrique/ros2_ws/build/example_pkg/build/lib/example_pkg
[0.945s] running install
[0.946s] running install_lib
[0.947s] copying /home/enrique/ros2_ws/build/example_pkg/build/lib/example_pkg/publisherList_node.py -> /home/enrique/ros2_ws/install/example_pkg/lib/python3.10/site-packages/example_pkg
[0.947s] byte-compiling /home/enrique/ros2_ws/install/example_pkg/lib/python3.10/site-packages/example_pkg/publisherList_node.py to publisherList_node.cpython-310.pyc
[0.948s] running install_data
[0.948s] running install_egg_info
[0.950s] removing '/home/enrique/ros2_ws/install/example_pkg/lib/python3.10/site-packages/example_pkg-0.0.0-py3.10.egg-info' (and everything under it)
[0.950s] Copying ../../build/example_pkg/example_pkg.egg-info to /home/enrique/ros2_ws/install/example_pkg/lib/python3.10/site-packages/example_pkg-0.0.0-py3.10.egg-info
[0.951s] running install_scripts
[0.974s] Installing test_node script to /home/enrique/ros2_ws/install/example_pkg/lib/example_pkg
[0.974s] writing list of installed files to '/home/enrique/ros2_ws/build/example_pkg/install.log'
[1.003s] Invoked command in '/home/enrique/ros2_ws/src/example_pkg' returned '0': PYTHONPATH=/home/enrique/ros2_ws/build/example_pkg/prefix_override:/usr/lib/python3/dist-packages/colcon_core/task/python/colcon_distutils_commands:/home/enrique/ros2_ws/install/example_pkg/lib/python3.10/site-packages:${PYTHONPATH} /usr/bin/python3 -W ignore:setup.py install is deprecated setup.py egg_info --egg-base ../../build/example_pkg build --build-base /home/enrique/ros2_ws/build/example_pkg/build install --record /home/enrique/ros2_ws/build/example_pkg/install.log --single-version-externally-managed install_data
