[0.014s] Invoking command in '/home/enrique/ros2_ws/build/more_intefaces': CMAKE_PREFIX_PATH=/home/enrique/ros2_ws/install/example_pkg:/opt/ros/humble /usr/bin/cmake /home/enrique/ros2_ws/src/more_intefaces -DCMAKE_INSTALL_PREFIX=/home/enrique/ros2_ws/install/more_intefaces
[0.232s] -- The C compiler identification is GNU 11.4.0
[0.414s] -- The CXX compiler identification is GNU 11.4.0
[0.434s] -- Detecting C compiler ABI info
[0.548s] -- Detecting C compiler ABI info - done
[0.562s] -- Check for working C compiler: /usr/bin/cc - skipped
[0.564s] -- Detecting C compile features
[0.566s] -- Detecting C compile features - done
[0.571s] -- Detecting CXX compiler ABI info
[0.696s] -- Detecting CXX compiler ABI info - done
[0.712s] -- Check for working CXX compiler: /usr/bin/c++ - skipped
[0.713s] -- Detecting CXX compile features
[0.714s] -- Detecting CXX compile features - done
[0.725s] -- Found ament_cmake: 1.3.9 (/opt/ros/humble/share/ament_cmake/cmake)
[1.066s] -- Found Python3: /usr/bin/python3 (found version "3.10.12") found components: Interpreter 
[1.233s] -- Found geometry_msgs: 4.2.4 (/opt/ros/humble/share/geometry_msgs/cmake)
[1.349s] -- Found rosidl_generator_c: 3.1.5 (/opt/ros/humble/share/rosidl_generator_c/cmake)
[1.365s] -- Found rosidl_adapter: 3.1.5 (/opt/ros/humble/share/rosidl_adapter/cmake)
[1.391s] -- Found rosidl_generator_cpp: 3.1.5 (/opt/ros/humble/share/rosidl_generator_cpp/cmake)
[1.436s] -- Using all available rosidl_typesupport_c: rosidl_typesupport_fastrtps_c;rosidl_typesupport_introspection_c
[1.483s] -- Using all available rosidl_typesupport_cpp: rosidl_typesupport_fastrtps_cpp;rosidl_typesupport_introspection_cpp
[1.692s] [31mCMake Error at /opt/ros/humble/share/rosidl_cmake/cmake/rosidl_generate_interfaces.cmake:93 (message):
[1.692s]   rosidl_generate_interfaces() the passed file 'msg/Vector3Array.msg' doesn't
[1.692s]   exist relative to the CMAKE_CURRENT_SOURCE_DIR
[1.692s]   '/home/enrique/ros2_ws/src/more_intefaces'
[1.692s] Call Stack (most recent call first):
[1.692s]   CMakeLists.txt:15 (rosidl_generate_interfaces)
[1.693s] 
[1.693s] [0m
[1.693s] -- Configuring incomplete, errors occurred!
[1.693s] See also "/home/enrique/ros2_ws/build/more_intefaces/CMakeFiles/CMakeOutput.log".
[1.700s] Invoked command in '/home/enrique/ros2_ws/build/more_intefaces' returned '1': CMAKE_PREFIX_PATH=/home/enrique/ros2_ws/install/example_pkg:/opt/ros/humble /usr/bin/cmake /home/enrique/ros2_ws/src/more_intefaces -DCMAKE_INSTALL_PREFIX=/home/enrique/ros2_ws/install/more_intefaces
