[0.017s] Invoking command in '/home/enrique/ros2_ws/build/more_interfaces': CMAKE_PREFIX_PATH=/home/enrique/ros2_ws/install/example_pkg:/opt/ros/humble /usr/bin/cmake --build /home/enrique/ros2_ws/build/more_interfaces -- -j8 -l8
[0.053s] -- Found ament_cmake: 1.3.9 (/opt/ros/humble/share/ament_cmake/cmake)
[0.376s] -- Found geometry_msgs: 4.2.4 (/opt/ros/humble/share/geometry_msgs/cmake)
[0.423s] -- Found rosidl_generator_c: 3.1.5 (/opt/ros/humble/share/rosidl_generator_c/cmake)
[0.427s] -- Found rosidl_adapter: 3.1.5 (/opt/ros/humble/share/rosidl_adapter/cmake)
[0.438s] -- Found rosidl_generator_cpp: 3.1.5 (/opt/ros/humble/share/rosidl_generator_cpp/cmake)
[0.458s] -- Using all available rosidl_typesupport_c: rosidl_typesupport_fastrtps_c;rosidl_typesupport_introspection_c
[0.485s] -- Using all available rosidl_typesupport_cpp: rosidl_typesupport_fastrtps_cpp;rosidl_typesupport_introspection_cpp
[0.667s] -- Found rosidl_default_generators: 1.2.0 (/opt/ros/humble/share/rosidl_default_generators/cmake)
[1.242s] -- Found ament_cmake_ros: 0.10.0 (/opt/ros/humble/share/ament_cmake_ros/cmake)
[2.235s] -- Using all available rosidl_typesupport_c: rosidl_typesupport_fastrtps_c;rosidl_typesupport_introspection_c
[2.664s] -- Using all available rosidl_typesupport_cpp: rosidl_typesupport_fastrtps_cpp;rosidl_typesupport_introspection_cpp
[2.720s] -- Found python_cmake_module: 0.10.0 (/opt/ros/humble/share/python_cmake_module/cmake)
[2.775s] -- Using PYTHON_EXECUTABLE: /usr/bin/python3
[2.775s] -- Using PYTHON_INCLUDE_DIRS: /usr/include/python3.10
[2.775s] -- Using PYTHON_LIBRARIES: /usr/lib/x86_64-linux-gnu/libpython3.10.so
[2.860s] -- Found ament_lint_auto: 0.12.11 (/opt/ros/humble/share/ament_lint_auto/cmake)
[2.884s] -- Added test 'lint_cmake' to check CMake code style
[2.887s] -- Added test 'xmllint' to check XML markup files
[2.891s] -- Configuring done
[2.948s] -- Generating done
[2.953s] -- Build files have been written to: /home/enrique/ros2_ws/build/more_interfaces
[3.006s] [  6%] [32mBuilding C object CMakeFiles/more_interfaces__rosidl_generator_c.dir/rosidl_generator_c/more_interfaces/msg/detail/point_array__functions.c.o[0m
[3.006s] [  6%] Built target more_interfaces__cpp
[3.023s] [  6%] Built target ament_cmake_python_copy_more_interfaces
[3.041s] [  9%] [32mBuilding CXX object CMakeFiles/more_interfaces__rosidl_typesupport_fastrtps_cpp.dir/rosidl_typesupport_fastrtps_cpp/more_interfaces/msg/detail/dds_fastrtps/point_array__type_support.cpp.o[0m
[3.045s] [ 12%] [32mBuilding CXX object CMakeFiles/more_interfaces__rosidl_typesupport_cpp.dir/rosidl_typesupport_cpp/more_interfaces/msg/point_array__type_support.cpp.o[0m
[3.056s] [ 16%] [32mBuilding CXX object CMakeFiles/more_interfaces__rosidl_typesupport_introspection_cpp.dir/rosidl_typesupport_introspection_cpp/more_interfaces/msg/detail/point_array__type_support.cpp.o[0m
[3.105s] [ 19%] [32m[1mLinking C shared library libmore_interfaces__rosidl_generator_c.so[0m
[3.169s] [ 22%] Built target more_interfaces__rosidl_generator_c
[3.191s] [ 29%] [34m[1mGenerating C introspection for ROS interfaces[0m
[3.191s] [ 32%] [34m[1mGenerating C type support dispatch for ROS interfaces[0m
[3.192s] [ 29%] [34m[1mGenerating C type support for eProsima Fast-RTPS[0m
[3.636s] [ 35%] [32m[1mLinking CXX shared library libmore_interfaces__rosidl_typesupport_cpp.so[0m
[3.713s] [ 38%] Built target more_interfaces__rosidl_typesupport_cpp
[3.724s] running egg_info
[3.726s] writing more_interfaces.egg-info/PKG-INFO
[3.726s] writing dependency_links to more_interfaces.egg-info/dependency_links.txt
[3.727s] writing top-level names to more_interfaces.egg-info/top_level.txt
[3.732s] reading manifest file 'more_interfaces.egg-info/SOURCES.txt'
[3.734s] writing manifest file 'more_interfaces.egg-info/SOURCES.txt'
[3.805s] [ 41%] [32mBuilding CXX object CMakeFiles/more_interfaces__rosidl_typesupport_c.dir/rosidl_typesupport_c/more_interfaces/msg/point_array__type_support.cpp.o[0m
[3.822s] [ 41%] Built target ament_cmake_python_build_more_interfaces_egg
[3.851s] [ 45%] [32mBuilding C object CMakeFiles/more_interfaces__rosidl_typesupport_introspection_c.dir/rosidl_typesupport_introspection_c/more_interfaces/msg/detail/point_array__type_support.c.o[0m
[3.864s] [ 48%] [32mBuilding CXX object CMakeFiles/more_interfaces__rosidl_typesupport_fastrtps_c.dir/rosidl_typesupport_fastrtps_c/more_interfaces/msg/detail/point_array__type_support_c.cpp.o[0m
[3.883s] [ 51%] [32m[1mLinking CXX shared library libmore_interfaces__rosidl_typesupport_c.so[0m
[3.950s] [ 54%] [32m[1mLinking C shared library libmore_interfaces__rosidl_typesupport_introspection_c.so[0m
[3.964s] [ 54%] Built target more_interfaces__rosidl_typesupport_c
[4.008s] [ 54%] Built target more_interfaces__rosidl_typesupport_introspection_c
[4.012s] [ 58%] [32m[1mLinking CXX shared library libmore_interfaces__rosidl_typesupport_introspection_cpp.so[0m
[4.023s] [ 61%] [32m[1mLinking CXX shared library libmore_interfaces__rosidl_typesupport_fastrtps_cpp.so[0m
[4.191s] [ 64%] Built target more_interfaces__rosidl_typesupport_introspection_cpp
[4.226s] [ 67%] Built target more_interfaces__rosidl_typesupport_fastrtps_cpp
[4.505s] [ 70%] [32m[1mLinking CXX shared library libmore_interfaces__rosidl_typesupport_fastrtps_c.so[0m
[4.644s] [ 70%] Built target more_interfaces__rosidl_typesupport_fastrtps_c
[4.685s] [ 70%] Built target more_interfaces
[4.737s] [ 74%] [34m[1mGenerating Python code for ROS interfaces[0m
[5.248s] [ 74%] Built target more_interfaces__py
[5.280s] [ 77%] [32mBuilding C object CMakeFiles/more_interfaces__rosidl_generator_py.dir/rosidl_generator_py/more_interfaces/msg/_point_array_s.c.o[0m
[5.616s] [ 80%] [32m[1mLinking C shared library rosidl_generator_py/more_interfaces/libmore_interfaces__rosidl_generator_py.so[0m
[5.760s] [ 80%] Built target more_interfaces__rosidl_generator_py
[5.837s] [ 83%] [32mBuilding C object CMakeFiles/more_interfaces__rosidl_typesupport_fastrtps_c__pyext.dir/rosidl_generator_py/more_interfaces/_more_interfaces_s.ep.rosidl_typesupport_fastrtps_c.c.o[0m
[5.837s] [ 87%] [32mBuilding C object CMakeFiles/more_interfaces__rosidl_typesupport_c__pyext.dir/rosidl_generator_py/more_interfaces/_more_interfaces_s.ep.rosidl_typesupport_c.c.o[0m
[5.839s] [ 90%] [32mBuilding C object CMakeFiles/more_interfaces__rosidl_typesupport_introspection_c__pyext.dir/rosidl_generator_py/more_interfaces/_more_interfaces_s.ep.rosidl_typesupport_introspection_c.c.o[0m
[6.034s] [ 96%] [32m[1mLinking C shared library rosidl_generator_py/more_interfaces/more_interfaces_s__rosidl_typesupport_fastrtps_c.cpython-310-x86_64-linux-gnu.so[0m
[6.035s] [ 96%] [32m[1mLinking C shared library rosidl_generator_py/more_interfaces/more_interfaces_s__rosidl_typesupport_introspection_c.cpython-310-x86_64-linux-gnu.so[0m
[6.052s] [100%] [32m[1mLinking C shared library rosidl_generator_py/more_interfaces/more_interfaces_s__rosidl_typesupport_c.cpython-310-x86_64-linux-gnu.so[0m
[6.112s] [100%] Built target more_interfaces__rosidl_typesupport_introspection_c__pyext
[6.117s] [100%] Built target more_interfaces__rosidl_typesupport_fastrtps_c__pyext
[6.127s] [100%] Built target more_interfaces__rosidl_typesupport_c__pyext
[6.154s] Invoked command in '/home/enrique/ros2_ws/build/more_interfaces' returned '0': CMAKE_PREFIX_PATH=/home/enrique/ros2_ws/install/example_pkg:/opt/ros/humble /usr/bin/cmake --build /home/enrique/ros2_ws/build/more_interfaces -- -j8 -l8
[6.422s] Invoking command in '/home/enrique/ros2_ws/build/more_interfaces': CMAKE_PREFIX_PATH=/home/enrique/ros2_ws/install/example_pkg:/opt/ros/humble /usr/bin/cmake --install /home/enrique/ros2_ws/build/more_interfaces
[6.457s] -- Install configuration: ""
[6.459s] -- Installing: /home/enrique/ros2_ws/install/more_interfaces/share/ament_index/resource_index/rosidl_interfaces/more_interfaces
[6.460s] -- Installing: /home/enrique/ros2_ws/install/more_interfaces/include/more_interfaces/more_interfaces
[6.461s] -- Installing: /home/enrique/ros2_ws/install/more_interfaces/include/more_interfaces/more_interfaces/msg
[6.463s] -- Installing: /home/enrique/ros2_ws/install/more_interfaces/include/more_interfaces/more_interfaces/msg/point_array.h
[6.464s] -- Installing: /home/enrique/ros2_ws/install/more_interfaces/include/more_interfaces/more_interfaces/msg/rosidl_generator_c__visibility_control.h
[6.464s] -- Installing: /home/enrique/ros2_ws/install/more_interfaces/include/more_interfaces/more_interfaces/msg/detail
[6.465s] -- Installing: /home/enrique/ros2_ws/install/more_interfaces/include/more_interfaces/more_interfaces/msg/detail/point_array__functions.h
[6.466s] -- Installing: /home/enrique/ros2_ws/install/more_interfaces/include/more_interfaces/more_interfaces/msg/detail/point_array__functions.c
[6.467s] -- Installing: /home/enrique/ros2_ws/install/more_interfaces/include/more_interfaces/more_interfaces/msg/detail/point_array__struct.h
[6.468s] -- Installing: /home/enrique/ros2_ws/install/more_interfaces/include/more_interfaces/more_interfaces/msg/detail/point_array__type_support.h
[6.469s] -- Installing: /home/enrique/ros2_ws/install/more_interfaces/share/more_interfaces/environment/library_path.sh
[6.469s] -- Installing: /home/enrique/ros2_ws/install/more_interfaces/share/more_interfaces/environment/library_path.dsv
[6.470s] -- Installing: /home/enrique/ros2_ws/install/more_interfaces/lib/libmore_interfaces__rosidl_generator_c.so
[6.472s] -- Set runtime path of "/home/enrique/ros2_ws/install/more_interfaces/lib/libmore_interfaces__rosidl_generator_c.so" to ""
[6.473s] -- Up-to-date: /home/enrique/ros2_ws/install/more_interfaces/include/more_interfaces/more_interfaces
[6.473s] -- Up-to-date: /home/enrique/ros2_ws/install/more_interfaces/include/more_interfaces/more_interfaces/msg
[6.474s] -- Installing: /home/enrique/ros2_ws/install/more_interfaces/include/more_interfaces/more_interfaces/msg/rosidl_typesupport_fastrtps_c__visibility_control.h
[6.475s] -- Up-to-date: /home/enrique/ros2_ws/install/more_interfaces/include/more_interfaces/more_interfaces/msg/detail
[6.475s] -- Installing: /home/enrique/ros2_ws/install/more_interfaces/include/more_interfaces/more_interfaces/msg/detail/point_array__rosidl_typesupport_fastrtps_c.h
[6.476s] -- Installing: /home/enrique/ros2_ws/install/more_interfaces/lib/libmore_interfaces__rosidl_typesupport_fastrtps_c.so
[6.476s] -- Set runtime path of "/home/enrique/ros2_ws/install/more_interfaces/lib/libmore_interfaces__rosidl_typesupport_fastrtps_c.so" to ""
[6.477s] -- Up-to-date: /home/enrique/ros2_ws/install/more_interfaces/include/more_interfaces/more_interfaces
[6.477s] -- Up-to-date: /home/enrique/ros2_ws/install/more_interfaces/include/more_interfaces/more_interfaces/msg
[6.478s] -- Up-to-date: /home/enrique/ros2_ws/install/more_interfaces/include/more_interfaces/more_interfaces/msg/detail
[6.478s] -- Installing: /home/enrique/ros2_ws/install/more_interfaces/include/more_interfaces/more_interfaces/msg/detail/point_array__builder.hpp
[6.479s] -- Installing: /home/enrique/ros2_ws/install/more_interfaces/include/more_interfaces/more_interfaces/msg/detail/point_array__traits.hpp
[6.479s] -- Installing: /home/enrique/ros2_ws/install/more_interfaces/include/more_interfaces/more_interfaces/msg/detail/point_array__struct.hpp
[6.480s] -- Installing: /home/enrique/ros2_ws/install/more_interfaces/include/more_interfaces/more_interfaces/msg/point_array.hpp
[6.480s] -- Up-to-date: /home/enrique/ros2_ws/install/more_interfaces/include/more_interfaces/more_interfaces
[6.481s] -- Up-to-date: /home/enrique/ros2_ws/install/more_interfaces/include/more_interfaces/more_interfaces/msg
[6.481s] -- Installing: /home/enrique/ros2_ws/install/more_interfaces/include/more_interfaces/more_interfaces/msg/rosidl_typesupport_fastrtps_cpp__visibility_control.h
[6.481s] -- Up-to-date: /home/enrique/ros2_ws/install/more_interfaces/include/more_interfaces/more_interfaces/msg/detail
[6.482s] -- Installing: /home/enrique/ros2_ws/install/more_interfaces/include/more_interfaces/more_interfaces/msg/detail/dds_fastrtps
[6.482s] -- Installing: /home/enrique/ros2_ws/install/more_interfaces/include/more_interfaces/more_interfaces/msg/detail/point_array__rosidl_typesupport_fastrtps_cpp.hpp
[6.482s] -- Installing: /home/enrique/ros2_ws/install/more_interfaces/lib/libmore_interfaces__rosidl_typesupport_fastrtps_cpp.so
[6.483s] -- Set runtime path of "/home/enrique/ros2_ws/install/more_interfaces/lib/libmore_interfaces__rosidl_typesupport_fastrtps_cpp.so" to ""
[6.483s] -- Up-to-date: /home/enrique/ros2_ws/install/more_interfaces/include/more_interfaces/more_interfaces
[6.483s] -- Up-to-date: /home/enrique/ros2_ws/install/more_interfaces/include/more_interfaces/more_interfaces/msg
[6.484s] -- Installing: /home/enrique/ros2_ws/install/more_interfaces/include/more_interfaces/more_interfaces/msg/rosidl_typesupport_introspection_c__visibility_control.h
[6.484s] -- Up-to-date: /home/enrique/ros2_ws/install/more_interfaces/include/more_interfaces/more_interfaces/msg/detail
[6.484s] -- Installing: /home/enrique/ros2_ws/install/more_interfaces/include/more_interfaces/more_interfaces/msg/detail/point_array__type_support.c
[6.484s] -- Installing: /home/enrique/ros2_ws/install/more_interfaces/include/more_interfaces/more_interfaces/msg/detail/point_array__rosidl_typesupport_introspection_c.h
[6.484s] -- Installing: /home/enrique/ros2_ws/install/more_interfaces/lib/libmore_interfaces__rosidl_typesupport_introspection_c.so
[6.485s] -- Set runtime path of "/home/enrique/ros2_ws/install/more_interfaces/lib/libmore_interfaces__rosidl_typesupport_introspection_c.so" to ""
[6.485s] -- Installing: /home/enrique/ros2_ws/install/more_interfaces/lib/libmore_interfaces__rosidl_typesupport_c.so
[6.486s] -- Set runtime path of "/home/enrique/ros2_ws/install/more_interfaces/lib/libmore_interfaces__rosidl_typesupport_c.so" to ""
[6.486s] -- Up-to-date: /home/enrique/ros2_ws/install/more_interfaces/include/more_interfaces/more_interfaces
[6.487s] -- Up-to-date: /home/enrique/ros2_ws/install/more_interfaces/include/more_interfaces/more_interfaces/msg
[6.487s] -- Up-to-date: /home/enrique/ros2_ws/install/more_interfaces/include/more_interfaces/more_interfaces/msg/detail
[6.487s] -- Installing: /home/enrique/ros2_ws/install/more_interfaces/include/more_interfaces/more_interfaces/msg/detail/point_array__type_support.cpp
[6.488s] -- Installing: /home/enrique/ros2_ws/install/more_interfaces/include/more_interfaces/more_interfaces/msg/detail/point_array__rosidl_typesupport_introspection_cpp.hpp
[6.488s] -- Installing: /home/enrique/ros2_ws/install/more_interfaces/lib/libmore_interfaces__rosidl_typesupport_introspection_cpp.so
[6.488s] -- Set runtime path of "/home/enrique/ros2_ws/install/more_interfaces/lib/libmore_interfaces__rosidl_typesupport_introspection_cpp.so" to ""
[6.489s] -- Installing: /home/enrique/ros2_ws/install/more_interfaces/lib/libmore_interfaces__rosidl_typesupport_cpp.so
[6.489s] -- Set runtime path of "/home/enrique/ros2_ws/install/more_interfaces/lib/libmore_interfaces__rosidl_typesupport_cpp.so" to ""
[6.490s] -- Installing: /home/enrique/ros2_ws/install/more_interfaces/share/more_interfaces/environment/pythonpath.sh
[6.490s] -- Installing: /home/enrique/ros2_ws/install/more_interfaces/share/more_interfaces/environment/pythonpath.dsv
[6.490s] -- Installing: /home/enrique/ros2_ws/install/more_interfaces/local/lib/python3.10/dist-packages/more_interfaces-0.0.0-py3.10.egg-info
[6.490s] -- Installing: /home/enrique/ros2_ws/install/more_interfaces/local/lib/python3.10/dist-packages/more_interfaces-0.0.0-py3.10.egg-info/PKG-INFO
[6.491s] -- Installing: /home/enrique/ros2_ws/install/more_interfaces/local/lib/python3.10/dist-packages/more_interfaces-0.0.0-py3.10.egg-info/SOURCES.txt
[6.491s] -- Installing: /home/enrique/ros2_ws/install/more_interfaces/local/lib/python3.10/dist-packages/more_interfaces-0.0.0-py3.10.egg-info/top_level.txt
[6.491s] -- Installing: /home/enrique/ros2_ws/install/more_interfaces/local/lib/python3.10/dist-packages/more_interfaces-0.0.0-py3.10.egg-info/dependency_links.txt
[6.491s] -- Installing: /home/enrique/ros2_ws/install/more_interfaces/local/lib/python3.10/dist-packages/more_interfaces
[6.491s] -- Installing: /home/enrique/ros2_ws/install/more_interfaces/local/lib/python3.10/dist-packages/more_interfaces/msg
[6.492s] -- Installing: /home/enrique/ros2_ws/install/more_interfaces/local/lib/python3.10/dist-packages/more_interfaces/msg/_point_array_s.c
[6.492s] -- Installing: /home/enrique/ros2_ws/install/more_interfaces/local/lib/python3.10/dist-packages/more_interfaces/msg/_point_array.py
[6.492s] -- Installing: /home/enrique/ros2_ws/install/more_interfaces/local/lib/python3.10/dist-packages/more_interfaces/msg/__init__.py
[6.492s] -- Installing: /home/enrique/ros2_ws/install/more_interfaces/local/lib/python3.10/dist-packages/more_interfaces/_more_interfaces_s.ep.rosidl_typesupport_introspection_c.c
[6.492s] -- Installing: /home/enrique/ros2_ws/install/more_interfaces/local/lib/python3.10/dist-packages/more_interfaces/more_interfaces_s__rosidl_typesupport_c.cpython-310-x86_64-linux-gnu.so
[6.493s] -- Installing: /home/enrique/ros2_ws/install/more_interfaces/local/lib/python3.10/dist-packages/more_interfaces/__init__.py
[6.493s] -- Installing: /home/enrique/ros2_ws/install/more_interfaces/local/lib/python3.10/dist-packages/more_interfaces/more_interfaces_s__rosidl_typesupport_introspection_c.cpython-310-x86_64-linux-gnu.so
[6.493s] -- Installing: /home/enrique/ros2_ws/install/more_interfaces/local/lib/python3.10/dist-packages/more_interfaces/_more_interfaces_s.ep.rosidl_typesupport_fastrtps_c.c
[6.493s] -- Installing: /home/enrique/ros2_ws/install/more_interfaces/local/lib/python3.10/dist-packages/more_interfaces/more_interfaces_s__rosidl_typesupport_fastrtps_c.cpython-310-x86_64-linux-gnu.so
[6.493s] -- Installing: /home/enrique/ros2_ws/install/more_interfaces/local/lib/python3.10/dist-packages/more_interfaces/libmore_interfaces__rosidl_generator_py.so
[6.494s] -- Installing: /home/enrique/ros2_ws/install/more_interfaces/local/lib/python3.10/dist-packages/more_interfaces/_more_interfaces_s.ep.rosidl_typesupport_c.c
[6.555s] Listing '/home/enrique/ros2_ws/install/more_interfaces/local/lib/python3.10/dist-packages/more_interfaces'...
[6.555s] Compiling '/home/enrique/ros2_ws/install/more_interfaces/local/lib/python3.10/dist-packages/more_interfaces/__init__.py'...
[6.555s] Listing '/home/enrique/ros2_ws/install/more_interfaces/local/lib/python3.10/dist-packages/more_interfaces/msg'...
[6.555s] Compiling '/home/enrique/ros2_ws/install/more_interfaces/local/lib/python3.10/dist-packages/more_interfaces/msg/__init__.py'...
[6.555s] Compiling '/home/enrique/ros2_ws/install/more_interfaces/local/lib/python3.10/dist-packages/more_interfaces/msg/_point_array.py'...
[6.562s] -- Installing: /home/enrique/ros2_ws/install/more_interfaces/local/lib/python3.10/dist-packages/more_interfaces/more_interfaces_s__rosidl_typesupport_fastrtps_c.cpython-310-x86_64-linux-gnu.so
[6.563s] -- Set runtime path of "/home/enrique/ros2_ws/install/more_interfaces/local/lib/python3.10/dist-packages/more_interfaces/more_interfaces_s__rosidl_typesupport_fastrtps_c.cpython-310-x86_64-linux-gnu.so" to ""
[6.563s] -- Installing: /home/enrique/ros2_ws/install/more_interfaces/local/lib/python3.10/dist-packages/more_interfaces/more_interfaces_s__rosidl_typesupport_introspection_c.cpython-310-x86_64-linux-gnu.so
[6.564s] -- Set runtime path of "/home/enrique/ros2_ws/install/more_interfaces/local/lib/python3.10/dist-packages/more_interfaces/more_interfaces_s__rosidl_typesupport_introspection_c.cpython-310-x86_64-linux-gnu.so" to ""
[6.564s] -- Installing: /home/enrique/ros2_ws/install/more_interfaces/local/lib/python3.10/dist-packages/more_interfaces/more_interfaces_s__rosidl_typesupport_c.cpython-310-x86_64-linux-gnu.so
[6.565s] -- Set runtime path of "/home/enrique/ros2_ws/install/more_interfaces/local/lib/python3.10/dist-packages/more_interfaces/more_interfaces_s__rosidl_typesupport_c.cpython-310-x86_64-linux-gnu.so" to ""
[6.565s] -- Installing: /home/enrique/ros2_ws/install/more_interfaces/lib/libmore_interfaces__rosidl_generator_py.so
[6.566s] -- Set runtime path of "/home/enrique/ros2_ws/install/more_interfaces/lib/libmore_interfaces__rosidl_generator_py.so" to ""
[6.566s] -- Installing: /home/enrique/ros2_ws/install/more_interfaces/share/more_interfaces/msg/PointArray.idl
[6.567s] -- Installing: /home/enrique/ros2_ws/install/more_interfaces/share/more_interfaces/msg/PointArray.msg
[6.567s] -- Installing: /home/enrique/ros2_ws/install/more_interfaces/share/ament_index/resource_index/package_run_dependencies/more_interfaces
[6.567s] -- Installing: /home/enrique/ros2_ws/install/more_interfaces/share/ament_index/resource_index/parent_prefix_path/more_interfaces
[6.567s] -- Installing: /home/enrique/ros2_ws/install/more_interfaces/share/more_interfaces/environment/ament_prefix_path.sh
[6.568s] -- Installing: /home/enrique/ros2_ws/install/more_interfaces/share/more_interfaces/environment/ament_prefix_path.dsv
[6.568s] -- Installing: /home/enrique/ros2_ws/install/more_interfaces/share/more_interfaces/environment/path.sh
[6.568s] -- Installing: /home/enrique/ros2_ws/install/more_interfaces/share/more_interfaces/environment/path.dsv
[6.568s] -- Installing: /home/enrique/ros2_ws/install/more_interfaces/share/more_interfaces/local_setup.bash
[6.568s] -- Installing: /home/enrique/ros2_ws/install/more_interfaces/share/more_interfaces/local_setup.sh
[6.569s] -- Installing: /home/enrique/ros2_ws/install/more_interfaces/share/more_interfaces/local_setup.zsh
[6.569s] -- Installing: /home/enrique/ros2_ws/install/more_interfaces/share/more_interfaces/local_setup.dsv
[6.569s] -- Installing: /home/enrique/ros2_ws/install/more_interfaces/share/more_interfaces/package.dsv
[6.570s] -- Installing: /home/enrique/ros2_ws/install/more_interfaces/share/ament_index/resource_index/packages/more_interfaces
[6.570s] -- Installing: /home/enrique/ros2_ws/install/more_interfaces/share/more_interfaces/cmake/export_more_interfaces__rosidl_generator_cExport.cmake
[6.570s] -- Installing: /home/enrique/ros2_ws/install/more_interfaces/share/more_interfaces/cmake/export_more_interfaces__rosidl_generator_cExport-noconfig.cmake
[6.571s] -- Installing: /home/enrique/ros2_ws/install/more_interfaces/share/more_interfaces/cmake/export_more_interfaces__rosidl_typesupport_fastrtps_cExport.cmake
[6.571s] -- Installing: /home/enrique/ros2_ws/install/more_interfaces/share/more_interfaces/cmake/export_more_interfaces__rosidl_typesupport_fastrtps_cExport-noconfig.cmake
[6.572s] -- Installing: /home/enrique/ros2_ws/install/more_interfaces/share/more_interfaces/cmake/export_more_interfaces__rosidl_generator_cppExport.cmake
[6.572s] -- Installing: /home/enrique/ros2_ws/install/more_interfaces/share/more_interfaces/cmake/export_more_interfaces__rosidl_typesupport_fastrtps_cppExport.cmake
[6.572s] -- Installing: /home/enrique/ros2_ws/install/more_interfaces/share/more_interfaces/cmake/export_more_interfaces__rosidl_typesupport_fastrtps_cppExport-noconfig.cmake
[6.573s] -- Installing: /home/enrique/ros2_ws/install/more_interfaces/share/more_interfaces/cmake/more_interfaces__rosidl_typesupport_introspection_cExport.cmake
[6.573s] -- Installing: /home/enrique/ros2_ws/install/more_interfaces/share/more_interfaces/cmake/more_interfaces__rosidl_typesupport_introspection_cExport-noconfig.cmake
[6.573s] -- Installing: /home/enrique/ros2_ws/install/more_interfaces/share/more_interfaces/cmake/more_interfaces__rosidl_typesupport_cExport.cmake
[6.574s] -- Installing: /home/enrique/ros2_ws/install/more_interfaces/share/more_interfaces/cmake/more_interfaces__rosidl_typesupport_cExport-noconfig.cmake
[6.574s] -- Installing: /home/enrique/ros2_ws/install/more_interfaces/share/more_interfaces/cmake/more_interfaces__rosidl_typesupport_introspection_cppExport.cmake
[6.574s] -- Installing: /home/enrique/ros2_ws/install/more_interfaces/share/more_interfaces/cmake/more_interfaces__rosidl_typesupport_introspection_cppExport-noconfig.cmake
[6.575s] -- Installing: /home/enrique/ros2_ws/install/more_interfaces/share/more_interfaces/cmake/more_interfaces__rosidl_typesupport_cppExport.cmake
[6.575s] -- Installing: /home/enrique/ros2_ws/install/more_interfaces/share/more_interfaces/cmake/more_interfaces__rosidl_typesupport_cppExport-noconfig.cmake
[6.575s] -- Installing: /home/enrique/ros2_ws/install/more_interfaces/share/more_interfaces/cmake/export_more_interfaces__rosidl_generator_pyExport.cmake
[6.575s] -- Installing: /home/enrique/ros2_ws/install/more_interfaces/share/more_interfaces/cmake/export_more_interfaces__rosidl_generator_pyExport-noconfig.cmake
[6.576s] -- Installing: /home/enrique/ros2_ws/install/more_interfaces/share/more_interfaces/cmake/rosidl_cmake-extras.cmake
[6.576s] -- Installing: /home/enrique/ros2_ws/install/more_interfaces/share/more_interfaces/cmake/ament_cmake_export_dependencies-extras.cmake
[6.576s] -- Installing: /home/enrique/ros2_ws/install/more_interfaces/share/more_interfaces/cmake/ament_cmake_export_include_directories-extras.cmake
[6.576s] -- Installing: /home/enrique/ros2_ws/install/more_interfaces/share/more_interfaces/cmake/ament_cmake_export_libraries-extras.cmake
[6.577s] -- Installing: /home/enrique/ros2_ws/install/more_interfaces/share/more_interfaces/cmake/ament_cmake_export_targets-extras.cmake
[6.577s] -- Installing: /home/enrique/ros2_ws/install/more_interfaces/share/more_interfaces/cmake/rosidl_cmake_export_typesupport_targets-extras.cmake
[6.577s] -- Installing: /home/enrique/ros2_ws/install/more_interfaces/share/more_interfaces/cmake/rosidl_cmake_export_typesupport_libraries-extras.cmake
[6.577s] -- Installing: /home/enrique/ros2_ws/install/more_interfaces/share/more_interfaces/cmake/more_interfacesConfig.cmake
[6.578s] -- Installing: /home/enrique/ros2_ws/install/more_interfaces/share/more_interfaces/cmake/more_interfacesConfig-version.cmake
[6.578s] -- Installing: /home/enrique/ros2_ws/install/more_interfaces/share/more_interfaces/package.xml
[6.582s] Invoked command in '/home/enrique/ros2_ws/build/more_interfaces' returned '0': CMAKE_PREFIX_PATH=/home/enrique/ros2_ws/install/example_pkg:/opt/ros/humble /usr/bin/cmake --install /home/enrique/ros2_ws/build/more_interfaces
