[6.259s] Invoking command in '/home/enrique/ros2_ws/src/example_pkg': PYTHONPATH=/home/enrique/ros2_ws/build/example_pkg/prefix_override:/usr/lib/python3/dist-packages/colcon_core/task/python/colcon_distutils_commands:/home/enrique/ros2_ws/install/example_pkg/lib/python3.10/site-packages:${PYTHONPATH} /usr/bin/python3 -W ignore:setup.py install is deprecated setup.py egg_info --egg-base ../../build/example_pkg build --build-base /home/enrique/ros2_ws/build/example_pkg/build install --record /home/enrique/ros2_ws/build/example_pkg/install.log --single-version-externally-managed install_data
[8.748s] running egg_info
[8.759s] writing ../../build/example_pkg/example_pkg.egg-info/PKG-INFO
[8.761s] writing dependency_links to ../../build/example_pkg/example_pkg.egg-info/dependency_links.txt
[8.761s] writing entry points to ../../build/example_pkg/example_pkg.egg-info/entry_points.txt
[8.768s] writing requirements to ../../build/example_pkg/example_pkg.egg-info/requires.txt
[8.773s] writing top-level names to ../../build/example_pkg/example_pkg.egg-info/top_level.txt
[8.778s] reading manifest file '../../build/example_pkg/example_pkg.egg-info/SOURCES.txt'
[8.791s] writing manifest file '../../build/example_pkg/example_pkg.egg-info/SOURCES.txt'
[8.792s] running build
[8.792s] running build_py
[8.793s] copying example_pkg/publisherImage_node.py -> /home/enrique/ros2_ws/build/example_pkg/build/lib/example_pkg
[8.794s] running install
[8.797s] running install_lib
[8.808s] copying /home/enrique/ros2_ws/build/example_pkg/build/lib/example_pkg/publisherImage_node.py -> /home/enrique/ros2_ws/install/example_pkg/lib/python3.10/site-packages/example_pkg
[8.810s] byte-compiling /home/enrique/ros2_ws/install/example_pkg/lib/python3.10/site-packages/example_pkg/publisherImage_node.py to publisherImage_node.cpython-310.pyc
[8.820s] running install_data
[8.822s] running install_egg_info
[8.834s] removing '/home/enrique/ros2_ws/install/example_pkg/lib/python3.10/site-packages/example_pkg-0.0.0-py3.10.egg-info' (and everything under it)
[8.839s] Copying ../../build/example_pkg/example_pkg.egg-info to /home/enrique/ros2_ws/install/example_pkg/lib/python3.10/site-packages/example_pkg-0.0.0-py3.10.egg-info
[8.851s] running install_scripts
[9.049s] Installing test_node script to /home/enrique/ros2_ws/install/example_pkg/lib/example_pkg
[9.050s] writing list of installed files to '/home/enrique/ros2_ws/build/example_pkg/install.log'
[9.304s] Invoked command in '/home/enrique/ros2_ws/src/example_pkg' returned '0': PYTHONPATH=/home/enrique/ros2_ws/build/example_pkg/prefix_override:/usr/lib/python3/dist-packages/colcon_core/task/python/colcon_distutils_commands:/home/enrique/ros2_ws/install/example_pkg/lib/python3.10/site-packages:${PYTHONPATH} /usr/bin/python3 -W ignore:setup.py install is deprecated setup.py egg_info --egg-base ../../build/example_pkg build --build-base /home/enrique/ros2_ws/build/example_pkg/build install --record /home/enrique/ros2_ws/build/example_pkg/install.log --single-version-externally-managed install_data
